{"total": {"lines":{"total":6848,"covered":6186,"skipped":0,"pct":90.33},"statements":{"total":7486,"covered":6732,"skipped":0,"pct":89.92},"functions":{"total":2101,"covered":1772,"skipped":0,"pct":84.34},"branches":{"total":4426,"covered":3448,"skipped":0,"pct":77.9},"branchesTrue":{"total":0,"covered":0,"skipped":0,"pct":100}}
,"/home/runner/work/macpro-mako/macpro-mako/lib/config/bundling-config.ts": {"lines":{"total":1,"covered":1,"skipped":0,"pct":100},"functions":{"total":0,"covered":0,"skipped":0,"pct":100},"statements":{"total":1,"covered":1,"skipped":0,"pct":100},"branches":{"total":0,"covered":0,"skipped":0,"pct":100}}
,"/home/runner/work/macpro-mako/macpro-mako/lib/config/deployment-config.ts": {"lines":{"total":30,"covered":29,"skipped":0,"pct":96.66},"functions":{"total":6,"covered":6,"skipped":0,"pct":100},"statements":{"total":30,"covered":29,"skipped":0,"pct":96.66},"branches":{"total":31,"covered":29,"skipped":0,"pct":93.54}}
,"/home/runner/work/macpro-mako/macpro-mako/lib/lambda/cfnNotify.ts": {"lines":{"total":16,"covered":16,"skipped":0,"pct":100},"functions":{"total":1,"covered":1,"skipped":0,"pct":100},"statements":{"total":16,"covered":16,"skipped":0,"pct":100},"branches":{"total":4,"covered":4,"skipped":0,"pct":100}}
,"/home/runner/work/macpro-mako/macpro-mako/lib/lambda/checkConsumerLag.ts": {"lines":{"total":44,"covered":44,"skipped":0,"pct":100},"functions":{"total":6,"covered":6,"skipped":0,"pct":100},"statements":{"total":48,"covered":48,"skipped":0,"pct":100},"branches":{"total":18,"covered":17,"skipped":0,"pct":94.44}}
,"/home/runner/work/macpro-mako/macpro-mako/lib/lambda/createTriggers.ts": {"lines":{"total":31,"covered":29,"skipped":0,"pct":93.54},"functions":{"total":2,"covered":1,"skipped":0,"pct":50},"statements":{"total":32,"covered":29,"skipped":0,"pct":90.62},"branches":{"total":10,"covered":8,"skipped":0,"pct":80}}
,"/home/runner/work/macpro-mako/macpro-mako/lib/lambda/deleteIndex.ts": {"lines":{"total":22,"covered":22,"skipped":0,"pct":100},"functions":{"total":1,"covered":1,"skipped":0,"pct":100},"statements":{"total":23,"covered":23,"skipped":0,"pct":100},"branches":{"total":7,"covered":5,"skipped":0,"pct":71.42}}
,"/home/runner/work/macpro-mako/macpro-mako/lib/lambda/deleteTriggers.ts": {"lines":{"total":30,"covered":28,"skipped":0,"pct":93.33},"functions":{"total":3,"covered":2,"skipped":0,"pct":66.66},"statements":{"total":31,"covered":28,"skipped":0,"pct":90.32},"branches":{"total":4,"covered":2,"skipped":0,"pct":50}}
,"/home/runner/work/macpro-mako/macpro-mako/lib/lambda/getAllForms.ts": {"lines":{"total":14,"covered":14,"skipped":0,"pct":100},"functions":{"total":4,"covered":4,"skipped":0,"pct":100},"statements":{"total":15,"covered":15,"skipped":0,"pct":100},"branches":{"total":4,"covered":3,"skipped":0,"pct":75}}
,"/home/runner/work/macpro-mako/macpro-mako/lib/lambda/getAttachmentUrl.ts": {"lines":{"total":37,"covered":36,"skipped":0,"pct":97.29},"functions":{"total":5,"covered":5,"skipped":0,"pct":100},"statements":{"total":37,"covered":36,"skipped":0,"pct":97.29},"branches":{"total":22,"covered":18,"skipped":0,"pct":81.81}}
,"/home/runner/work/macpro-mako/macpro-mako/lib/lambda/getCpocs.ts": {"lines":{"total":14,"covered":14,"skipped":0,"pct":100},"functions":{"total":2,"covered":2,"skipped":0,"pct":100},"statements":{"total":14,"covered":14,"skipped":0,"pct":100},"branches":{"total":4,"covered":4,"skipped":0,"pct":100}}
,"/home/runner/work/macpro-mako/macpro-mako/lib/lambda/getForm.ts": {"lines":{"total":24,"covered":24,"skipped":0,"pct":100},"functions":{"total":2,"covered":2,"skipped":0,"pct":100},"statements":{"total":24,"covered":24,"skipped":0,"pct":100},"branches":{"total":10,"covered":9,"skipped":0,"pct":90}}
,"/home/runner/work/macpro-mako/macpro-mako/lib/lambda/getPackageActions.ts": {"lines":{"total":19,"covered":19,"skipped":0,"pct":100},"functions":{"total":1,"covered":1,"skipped":0,"pct":100},"statements":{"total":19,"covered":19,"skipped":0,"pct":100},"branches":{"total":10,"covered":10,"skipped":0,"pct":100}}
,"/home/runner/work/macpro-mako/macpro-mako/lib/lambda/getSubTypes.ts": {"lines":{"total":17,"covered":16,"skipped":0,"pct":94.11},"functions":{"total":2,"covered":2,"skipped":0,"pct":100},"statements":{"total":17,"covered":16,"skipped":0,"pct":94.11},"branches":{"total":6,"covered":5,"skipped":0,"pct":83.33}}
,"/home/runner/work/macpro-mako/macpro-mako/lib/lambda/getSystemNotifs.ts": {"lines":{"total":7,"covered":7,"skipped":0,"pct":100},"functions":{"total":1,"covered":1,"skipped":0,"pct":100},"statements":{"total":7,"covered":7,"skipped":0,"pct":100},"branches":{"total":4,"covered":4,"skipped":0,"pct":100}}
,"/home/runner/work/macpro-mako/macpro-mako/lib/lambda/getTypes.ts": {"lines":{"total":17,"covered":16,"skipped":0,"pct":94.11},"functions":{"total":2,"covered":2,"skipped":0,"pct":100},"statements":{"total":17,"covered":16,"skipped":0,"pct":94.11},"branches":{"total":6,"covered":5,"skipped":0,"pct":83.33}}
,"/home/runner/work/macpro-mako/macpro-mako/lib/lambda/getUploadUrl.ts": {"lines":{"total":16,"covered":16,"skipped":0,"pct":100},"functions":{"total":1,"covered":1,"skipped":0,"pct":100},"statements":{"total":16,"covered":16,"skipped":0,"pct":100},"branches":{"total":2,"covered":2,"skipped":0,"pct":100}}
,"/home/runner/work/macpro-mako/macpro-mako/lib/lambda/item.ts": {"lines":{"total":4,"covered":4,"skipped":0,"pct":100},"functions":{"total":1,"covered":1,"skipped":0,"pct":100},"statements":{"total":4,"covered":4,"skipped":0,"pct":100},"branches":{"total":0,"covered":0,"skipped":0,"pct":100}}
,"/home/runner/work/macpro-mako/macpro-mako/lib/lambda/itemExists.ts": {"lines":{"total":5,"covered":5,"skipped":0,"pct":100},"functions":{"total":1,"covered":1,"skipped":0,"pct":100},"statements":{"total":5,"covered":5,"skipped":0,"pct":100},"branches":{"total":4,"covered":4,"skipped":0,"pct":100}}
,"/home/runner/work/macpro-mako/macpro-mako/lib/lambda/mapRole.ts": {"lines":{"total":21,"covered":19,"skipped":0,"pct":90.47},"functions":{"total":1,"covered":1,"skipped":0,"pct":100},"statements":{"total":21,"covered":19,"skipped":0,"pct":90.47},"branches":{"total":6,"covered":5,"skipped":0,"pct":83.33}}
,"/home/runner/work/macpro-mako/macpro-mako/lib/lambda/postAuth.ts": {"lines":{"total":65,"covered":52,"skipped":0,"pct":80},"functions":{"total":8,"covered":6,"skipped":0,"pct":75},"statements":{"total":67,"covered":54,"skipped":0,"pct":80.59},"branches":{"total":37,"covered":21,"skipped":0,"pct":56.75}}
,"/home/runner/work/macpro-mako/macpro-mako/lib/lambda/processEmails.ts": {"lines":{"total":146,"covered":129,"skipped":0,"pct":88.35},"functions":{"total":16,"covered":15,"skipped":0,"pct":93.75},"statements":{"total":153,"covered":135,"skipped":0,"pct":88.23},"branches":{"total":52,"covered":40,"skipped":0,"pct":76.92}}
,"/home/runner/work/macpro-mako/macpro-mako/lib/lambda/processUserRoleEmails.ts": {"lines":{"total":38,"covered":38,"skipped":0,"pct":100},"functions":{"total":3,"covered":3,"skipped":0,"pct":100},"statements":{"total":41,"covered":40,"skipped":0,"pct":97.56},"branches":{"total":18,"covered":14,"skipped":0,"pct":77.77}}
,"/home/runner/work/macpro-mako/macpro-mako/lib/lambda/runReindex.ts": {"lines":{"total":21,"covered":21,"skipped":0,"pct":100},"functions":{"total":1,"covered":1,"skipped":0,"pct":100},"statements":{"total":21,"covered":21,"skipped":0,"pct":100},"branches":{"total":6,"covered":5,"skipped":0,"pct":83.33}}
,"/home/runner/work/macpro-mako/macpro-mako/lib/lambda/search.ts": {"lines":{"total":30,"covered":30,"skipped":0,"pct":100},"functions":{"total":1,"covered":1,"skipped":0,"pct":100},"statements":{"total":31,"covered":31,"skipped":0,"pct":100},"branches":{"total":24,"covered":20,"skipped":0,"pct":83.33}}
,"/home/runner/work/macpro-mako/macpro-mako/lib/lambda/setupIndex.ts": {"lines":{"total":20,"covered":20,"skipped":0,"pct":100},"functions":{"total":2,"covered":2,"skipped":0,"pct":100},"statements":{"total":21,"covered":21,"skipped":0,"pct":100},"branches":{"total":2,"covered":2,"skipped":0,"pct":100}}
,"/home/runner/work/macpro-mako/macpro-mako/lib/lambda/sinkChangelog.ts": {"lines":{"total":94,"covered":87,"skipped":0,"pct":92.55},"functions":{"total":7,"covered":6,"skipped":0,"pct":85.71},"statements":{"total":95,"covered":87,"skipped":0,"pct":91.57},"branches":{"total":54,"covered":45,"skipped":0,"pct":83.33}}
,"/home/runner/work/macpro-mako/macpro-mako/lib/lambda/sinkCpocs.ts": {"lines":{"total":33,"covered":33,"skipped":0,"pct":100},"functions":{"total":2,"covered":2,"skipped":0,"pct":100},"statements":{"total":33,"covered":33,"skipped":0,"pct":100},"branches":{"total":8,"covered":8,"skipped":0,"pct":100}}
,"/home/runner/work/macpro-mako/macpro-mako/lib/lambda/sinkInsights.ts": {"lines":{"total":23,"covered":23,"skipped":0,"pct":100},"functions":{"total":2,"covered":2,"skipped":0,"pct":100},"statements":{"total":24,"covered":24,"skipped":0,"pct":100},"branches":{"total":4,"covered":4,"skipped":0,"pct":100}}
,"/home/runner/work/macpro-mako/macpro-mako/lib/lambda/sinkLegacyInsights.ts": {"lines":{"total":26,"covered":26,"skipped":0,"pct":100},"functions":{"total":2,"covered":2,"skipped":0,"pct":100},"statements":{"total":27,"covered":27,"skipped":0,"pct":100},"branches":{"total":8,"covered":8,"skipped":0,"pct":100}}
,"/home/runner/work/macpro-mako/macpro-mako/lib/lambda/sinkMain.ts": {"lines":{"total":15,"covered":15,"skipped":0,"pct":100},"functions":{"total":2,"covered":2,"skipped":0,"pct":100},"statements":{"total":15,"covered":15,"skipped":0,"pct":100},"branches":{"total":4,"covered":4,"skipped":0,"pct":100}}
,"/home/runner/work/macpro-mako/macpro-mako/lib/lambda/sinkMainProcessors.ts": {"lines":{"total":201,"covered":170,"skipped":0,"pct":84.57},"functions":{"total":25,"covered":24,"skipped":0,"pct":96},"statements":{"total":202,"covered":171,"skipped":0,"pct":84.65},"branches":{"total":149,"covered":125,"skipped":0,"pct":83.89}}
,"/home/runner/work/macpro-mako/macpro-mako/lib/lambda/sinkSubtypes.ts": {"lines":{"total":28,"covered":28,"skipped":0,"pct":100},"functions":{"total":2,"covered":2,"skipped":0,"pct":100},"statements":{"total":28,"covered":28,"skipped":0,"pct":100},"branches":{"total":6,"covered":6,"skipped":0,"pct":100}}
,"/home/runner/work/macpro-mako/macpro-mako/lib/lambda/sinkTypes.ts": {"lines":{"total":28,"covered":28,"skipped":0,"pct":100},"functions":{"total":2,"covered":2,"skipped":0,"pct":100},"statements":{"total":28,"covered":28,"skipped":0,"pct":100},"branches":{"total":6,"covered":6,"skipped":0,"pct":100}}
,"/home/runner/work/macpro-mako/macpro-mako/lib/lambda/utils.ts": {"lines":{"total":16,"covered":16,"skipped":0,"pct":100},"functions":{"total":2,"covered":2,"skipped":0,"pct":100},"statements":{"total":16,"covered":16,"skipped":0,"pct":100},"branches":{"total":19,"covered":16,"skipped":0,"pct":84.21}}
,"/home/runner/work/macpro-mako/macpro-mako/lib/lambda/middleware/fetchAppkChildren.ts": {"lines":{"total":10,"covered":10,"skipped":0,"pct":100},"functions":{"total":2,"covered":2,"skipped":0,"pct":100},"statements":{"total":10,"covered":10,"skipped":0,"pct":100},"branches":{"total":7,"covered":5,"skipped":0,"pct":71.42}}
,"/home/runner/work/macpro-mako/macpro-mako/lib/lambda/middleware/fetchChangelog.ts": {"lines":{"total":12,"covered":12,"skipped":0,"pct":100},"functions":{"total":2,"covered":2,"skipped":0,"pct":100},"statements":{"total":12,"covered":12,"skipped":0,"pct":100},"branches":{"total":7,"covered":6,"skipped":0,"pct":85.71}}
,"/home/runner/work/macpro-mako/macpro-mako/lib/lambda/middleware/fetchPackage.ts": {"lines":{"total":12,"covered":12,"skipped":0,"pct":100},"functions":{"total":2,"covered":2,"skipped":0,"pct":100},"statements":{"total":12,"covered":12,"skipped":0,"pct":100},"branches":{"total":8,"covered":7,"skipped":0,"pct":87.5}}
,"/home/runner/work/macpro-mako/macpro-mako/lib/lambda/middleware/handlers.ts": {"lines":{"total":14,"covered":14,"skipped":0,"pct":100},"functions":{"total":2,"covered":2,"skipped":0,"pct":100},"statements":{"total":14,"covered":14,"skipped":0,"pct":100},"branches":{"total":6,"covered":4,"skipped":0,"pct":66.66}}
,"/home/runner/work/macpro-mako/macpro-mako/lib/lambda/middleware/hasPermissions.ts": {"lines":{"total":20,"covered":19,"skipped":0,"pct":95},"functions":{"total":4,"covered":4,"skipped":0,"pct":100},"statements":{"total":22,"covered":21,"skipped":0,"pct":95.45},"branches":{"total":20,"covered":19,"skipped":0,"pct":95}}
,"/home/runner/work/macpro-mako/macpro-mako/lib/lambda/middleware/isAuthenticated.ts": {"lines":{"total":20,"covered":20,"skipped":0,"pct":100},"functions":{"total":2,"covered":2,"skipped":0,"pct":100},"statements":{"total":20,"covered":20,"skipped":0,"pct":100},"branches":{"total":12,"covered":11,"skipped":0,"pct":91.66}}
,"/home/runner/work/macpro-mako/macpro-mako/lib/lambda/middleware/normalizations.ts": {"lines":{"total":22,"covered":21,"skipped":0,"pct":95.45},"functions":{"total":4,"covered":4,"skipped":0,"pct":100},"statements":{"total":22,"covered":21,"skipped":0,"pct":95.45},"branches":{"total":22,"covered":21,"skipped":0,"pct":95.45}}
,"/home/runner/work/macpro-mako/macpro-mako/lib/lambda/middleware/utils.ts": {"lines":{"total":14,"covered":14,"skipped":0,"pct":100},"functions":{"total":4,"covered":4,"skipped":0,"pct":100},"statements":{"total":14,"covered":14,"skipped":0,"pct":100},"branches":{"total":4,"covered":4,"skipped":0,"pct":100}}
,"/home/runner/work/macpro-mako/macpro-mako/lib/lambda/submit/getNextSplitSPAId.ts": {"lines":{"total":11,"covered":11,"skipped":0,"pct":100},"functions":{"total":2,"covered":2,"skipped":0,"pct":100},"statements":{"total":11,"covered":11,"skipped":0,"pct":100},"branches":{"total":4,"covered":3,"skipped":0,"pct":75}}
,"/home/runner/work/macpro-mako/macpro-mako/lib/lambda/submit/index.ts": {"lines":{"total":15,"covered":15,"skipped":0,"pct":100},"functions":{"total":1,"covered":1,"skipped":0,"pct":100},"statements":{"total":15,"covered":15,"skipped":0,"pct":100},"branches":{"total":6,"covered":6,"skipped":0,"pct":100}}
,"/home/runner/work/macpro-mako/macpro-mako/lib/lambda/submit/submitSplitSPA.ts": {"lines":{"total":28,"covered":26,"skipped":0,"pct":92.85},"functions":{"total":2,"covered":2,"skipped":0,"pct":100},"statements":{"total":28,"covered":26,"skipped":0,"pct":92.85},"branches":{"total":18,"covered":13,"skipped":0,"pct":72.22}}
,"/home/runner/work/macpro-mako/macpro-mako/lib/lambda/submit/submissionPayloads/app-k.ts": {"lines":{"total":17,"covered":14,"skipped":0,"pct":82.35},"functions":{"total":1,"covered":1,"skipped":0,"pct":100},"statements":{"total":18,"covered":14,"skipped":0,"pct":77.77},"branches":{"total":10,"covered":6,"skipped":0,"pct":60}}
,"/home/runner/work/macpro-mako/macpro-mako/lib/lambda/submit/submissionPayloads/capitated-amendment.ts": {"lines":{"total":17,"covered":14,"skipped":0,"pct":82.35},"functions":{"total":1,"covered":1,"skipped":0,"pct":100},"statements":{"total":18,"covered":14,"skipped":0,"pct":77.77},"branches":{"total":10,"covered":6,"skipped":0,"pct":60}}
,"/home/runner/work/macpro-mako/macpro-mako/lib/lambda/submit/submissionPayloads/capitated-initial.ts": {"lines":{"total":17,"covered":14,"skipped":0,"pct":82.35},"functions":{"total":1,"covered":1,"skipped":0,"pct":100},"statements":{"total":18,"covered":14,"skipped":0,"pct":77.77},"branches":{"total":10,"covered":6,"skipped":0,"pct":60}}
,"/home/runner/work/macpro-mako/macpro-mako/lib/lambda/submit/submissionPayloads/capitated-renewal.ts": {"lines":{"total":17,"covered":14,"skipped":0,"pct":82.35},"functions":{"total":1,"covered":1,"skipped":0,"pct":100},"statements":{"total":18,"covered":14,"skipped":0,"pct":77.77},"branches":{"total":10,"covered":6,"skipped":0,"pct":60}}
,"/home/runner/work/macpro-mako/macpro-mako/lib/lambda/submit/submissionPayloads/contracting-amendment.ts": {"lines":{"total":17,"covered":14,"skipped":0,"pct":82.35},"functions":{"total":1,"covered":1,"skipped":0,"pct":100},"statements":{"total":18,"covered":14,"skipped":0,"pct":77.77},"branches":{"total":10,"covered":6,"skipped":0,"pct":60}}
,"/home/runner/work/macpro-mako/macpro-mako/lib/lambda/submit/submissionPayloads/contracting-initial.ts": {"lines":{"total":17,"covered":14,"skipped":0,"pct":82.35},"functions":{"total":1,"covered":1,"skipped":0,"pct":100},"statements":{"total":18,"covered":14,"skipped":0,"pct":77.77},"branches":{"total":10,"covered":6,"skipped":0,"pct":60}}
,"/home/runner/work/macpro-mako/macpro-mako/lib/lambda/submit/submissionPayloads/contracting-renewal.ts": {"lines":{"total":17,"covered":14,"skipped":0,"pct":82.35},"functions":{"total":1,"covered":1,"skipped":0,"pct":100},"statements":{"total":18,"covered":14,"skipped":0,"pct":77.77},"branches":{"total":10,"covered":6,"skipped":0,"pct":60}}
,"/home/runner/work/macpro-mako/macpro-mako/lib/lambda/submit/submissionPayloads/index.ts": {"lines":{"total":1,"covered":1,"skipped":0,"pct":100},"functions":{"total":0,"covered":0,"skipped":0,"pct":100},"statements":{"total":1,"covered":1,"skipped":0,"pct":100},"branches":{"total":0,"covered":0,"skipped":0,"pct":100}}
,"/home/runner/work/macpro-mako/macpro-mako/lib/lambda/submit/submissionPayloads/new-chip-details-submission.ts": {"lines":{"total":17,"covered":14,"skipped":0,"pct":82.35},"functions":{"total":1,"covered":1,"skipped":0,"pct":100},"statements":{"total":18,"covered":14,"skipped":0,"pct":77.77},"branches":{"total":10,"covered":6,"skipped":0,"pct":60}}
,"/home/runner/work/macpro-mako/macpro-mako/lib/lambda/submit/submissionPayloads/new-chip-submission.ts": {"lines":{"total":17,"covered":14,"skipped":0,"pct":82.35},"functions":{"total":1,"covered":1,"skipped":0,"pct":100},"statements":{"total":18,"covered":14,"skipped":0,"pct":77.77},"branches":{"total":10,"covered":6,"skipped":0,"pct":60}}
,"/home/runner/work/macpro-mako/macpro-mako/lib/lambda/submit/submissionPayloads/new-medicaid-submission.ts": {"lines":{"total":17,"covered":14,"skipped":0,"pct":82.35},"functions":{"total":1,"covered":1,"skipped":0,"pct":100},"statements":{"total":18,"covered":14,"skipped":0,"pct":77.77},"branches":{"total":10,"covered":6,"skipped":0,"pct":60}}
,"/home/runner/work/macpro-mako/macpro-mako/lib/lambda/submit/submissionPayloads/respond-to-rai.ts": {"lines":{"total":18,"covered":15,"skipped":0,"pct":83.33},"functions":{"total":1,"covered":1,"skipped":0,"pct":100},"statements":{"total":19,"covered":15,"skipped":0,"pct":78.94},"branches":{"total":10,"covered":6,"skipped":0,"pct":60}}
,"/home/runner/work/macpro-mako/macpro-mako/lib/lambda/submit/submissionPayloads/temporary-extension.ts": {"lines":{"total":19,"covered":15,"skipped":0,"pct":78.94},"functions":{"total":1,"covered":1,"skipped":0,"pct":100},"statements":{"total":20,"covered":15,"skipped":0,"pct":75},"branches":{"total":12,"covered":7,"skipped":0,"pct":58.33}}
,"/home/runner/work/macpro-mako/macpro-mako/lib/lambda/submit/submissionPayloads/toggle-withdraw-rai.ts": {"lines":{"total":17,"covered":13,"skipped":0,"pct":76.47},"functions":{"total":1,"covered":1,"skipped":0,"pct":100},"statements":{"total":18,"covered":13,"skipped":0,"pct":72.22},"branches":{"total":10,"covered":5,"skipped":0,"pct":50}}
,"/home/runner/work/macpro-mako/macpro-mako/lib/lambda/submit/submissionPayloads/upload-subsequent-documents.ts": {"lines":{"total":15,"covered":13,"skipped":0,"pct":86.66},"functions":{"total":1,"covered":1,"skipped":0,"pct":100},"statements":{"total":16,"covered":13,"skipped":0,"pct":81.25},"branches":{"total":8,"covered":5,"skipped":0,"pct":62.5}}
,"/home/runner/work/macpro-mako/macpro-mako/lib/lambda/submit/submissionPayloads/withdraw-package.ts": {"lines":{"total":17,"covered":14,"skipped":0,"pct":82.35},"functions":{"total":1,"covered":1,"skipped":0,"pct":100},"statements":{"total":18,"covered":14,"skipped":0,"pct":77.77},"branches":{"total":10,"covered":6,"skipped":0,"pct":60}}
,"/home/runner/work/macpro-mako/macpro-mako/lib/lambda/submit/submissionPayloads/withdraw-rai.ts": {"lines":{"total":17,"covered":14,"skipped":0,"pct":82.35},"functions":{"total":1,"covered":1,"skipped":0,"pct":100},"statements":{"total":18,"covered":14,"skipped":0,"pct":77.77},"branches":{"total":10,"covered":6,"skipped":0,"pct":60}}
,"/home/runner/work/macpro-mako/macpro-mako/lib/lambda/update/adminChangeSchemas.ts": {"lines":{"total":15,"covered":15,"skipped":0,"pct":100},"functions":{"total":7,"covered":5,"skipped":0,"pct":71.42},"statements":{"total":20,"covered":18,"skipped":0,"pct":90},"branches":{"total":0,"covered":0,"skipped":0,"pct":100}}
,"/home/runner/work/macpro-mako/macpro-mako/lib/lambda/update/getPackageType.ts": {"lines":{"total":9,"covered":9,"skipped":0,"pct":100},"functions":{"total":2,"covered":2,"skipped":0,"pct":100},"statements":{"total":9,"covered":9,"skipped":0,"pct":100},"branches":{"total":4,"covered":3,"skipped":0,"pct":75}}
,"/home/runner/work/macpro-mako/macpro-mako/lib/lambda/update/submitNOSO.ts": {"lines":{"total":31,"covered":31,"skipped":0,"pct":100},"functions":{"total":3,"covered":3,"skipped":0,"pct":100},"statements":{"total":32,"covered":31,"skipped":0,"pct":96.87},"branches":{"total":20,"covered":15,"skipped":0,"pct":75}}
,"/home/runner/work/macpro-mako/macpro-mako/lib/lambda/update/updatePackage.ts": {"lines":{"total":81,"covered":80,"skipped":0,"pct":98.76},"functions":{"total":7,"covered":7,"skipped":0,"pct":100},"statements":{"total":81,"covered":80,"skipped":0,"pct":98.76},"branches":{"total":50,"covered":45,"skipped":0,"pct":90}}
,"/home/runner/work/macpro-mako/macpro-mako/lib/lambda/user-management/createUserProfile.ts": {"lines":{"total":10,"covered":9,"skipped":0,"pct":90},"functions":{"total":1,"covered":1,"skipped":0,"pct":100},"statements":{"total":10,"covered":9,"skipped":0,"pct":90},"branches":{"total":6,"covered":4,"skipped":0,"pct":66.66}}
,"/home/runner/work/macpro-mako/macpro-mako/lib/lambda/user-management/getApprovers.ts": {"lines":{"total":22,"covered":21,"skipped":0,"pct":95.45},"functions":{"total":3,"covered":3,"skipped":0,"pct":100},"statements":{"total":22,"covered":21,"skipped":0,"pct":95.45},"branches":{"total":10,"covered":7,"skipped":0,"pct":70}}
,"/home/runner/work/macpro-mako/macpro-mako/lib/lambda/user-management/getRoleRequests.ts": {"lines":{"total":26,"covered":24,"skipped":0,"pct":92.3},"functions":{"total":7,"covered":7,"skipped":0,"pct":100},"statements":{"total":30,"covered":28,"skipped":0,"pct":93.33},"branches":{"total":18,"covered":15,"skipped":0,"pct":83.33}}
,"/home/runner/work/macpro-mako/macpro-mako/lib/lambda/user-management/getUserDetails.ts": {"lines":{"total":11,"covered":9,"skipped":0,"pct":81.81},"functions":{"total":1,"covered":1,"skipped":0,"pct":100},"statements":{"total":11,"covered":9,"skipped":0,"pct":81.81},"branches":{"total":8,"covered":6,"skipped":0,"pct":75}}
,"/home/runner/work/macpro-mako/macpro-mako/lib/lambda/user-management/getUserProfile.ts": {"lines":{"total":7,"covered":6,"skipped":0,"pct":85.71},"functions":{"total":1,"covered":1,"skipped":0,"pct":100},"statements":{"total":7,"covered":6,"skipped":0,"pct":85.71},"branches":{"total":4,"covered":3,"skipped":0,"pct":75}}
,"/home/runner/work/macpro-mako/macpro-mako/lib/lambda/user-management/requestBaseCMSAccess.ts": {"lines":{"total":20,"covered":19,"skipped":0,"pct":95},"functions":{"total":1,"covered":1,"skipped":0,"pct":100},"statements":{"total":20,"covered":19,"skipped":0,"pct":95},"branches":{"total":16,"covered":13,"skipped":0,"pct":81.25}}
,"/home/runner/work/macpro-mako/macpro-mako/lib/lambda/user-management/submitGroupDivision.ts": {"lines":{"total":13,"covered":12,"skipped":0,"pct":92.3},"functions":{"total":1,"covered":1,"skipped":0,"pct":100},"statements":{"total":13,"covered":12,"skipped":0,"pct":92.3},"branches":{"total":10,"covered":7,"skipped":0,"pct":70}}
,"/home/runner/work/macpro-mako/macpro-mako/lib/lambda/user-management/submitRoleRequests.ts": {"lines":{"total":23,"covered":22,"skipped":0,"pct":95.65},"functions":{"total":1,"covered":1,"skipped":0,"pct":100},"statements":{"total":23,"covered":22,"skipped":0,"pct":95.65},"branches":{"total":35,"covered":29,"skipped":0,"pct":82.85}}
,"/home/runner/work/macpro-mako/macpro-mako/lib/lambda/user-management/updateUserRoles.ts": {"lines":{"total":13,"covered":13,"skipped":0,"pct":100},"functions":{"total":1,"covered":1,"skipped":0,"pct":100},"statements":{"total":13,"covered":13,"skipped":0,"pct":100},"branches":{"total":4,"covered":3,"skipped":0,"pct":75}}
,"/home/runner/work/macpro-mako/macpro-mako/lib/lambda/user-management/userManagementService.ts": {"lines":{"total":106,"covered":94,"skipped":0,"pct":88.67},"functions":{"total":31,"covered":27,"skipped":0,"pct":87.09},"statements":{"total":116,"covered":102,"skipped":0,"pct":87.93},"branches":{"total":39,"covered":31,"skipped":0,"pct":79.48}}
,"/home/runner/work/macpro-mako/macpro-mako/lib/libs/env.ts": {"lines":{"total":3,"covered":3,"skipped":0,"pct":100},"functions":{"total":2,"covered":2,"skipped":0,"pct":100},"statements":{"total":4,"covered":4,"skipped":0,"pct":100},"branches":{"total":2,"covered":2,"skipped":0,"pct":100}}
,"/home/runner/work/macpro-mako/macpro-mako/lib/libs/handler-lib.ts": {"lines":{"total":2,"covered":2,"skipped":0,"pct":100},"functions":{"total":1,"covered":1,"skipped":0,"pct":100},"statements":{"total":2,"covered":2,"skipped":0,"pct":100},"branches":{"total":4,"covered":3,"skipped":0,"pct":75}}
,"/home/runner/work/macpro-mako/macpro-mako/lib/libs/opensearch-lib.ts": {"lines":{"total":108,"covered":92,"skipped":0,"pct":85.18},"functions":{"total":21,"covered":19,"skipped":0,"pct":90.47},"statements":{"total":111,"covered":95,"skipped":0,"pct":85.58},"branches":{"total":78,"covered":57,"skipped":0,"pct":73.07}}
,"/home/runner/work/macpro-mako/macpro-mako/lib/libs/sink-lib.ts": {"lines":{"total":33,"covered":33,"skipped":0,"pct":100},"functions":{"total":8,"covered":8,"skipped":0,"pct":100},"statements":{"total":34,"covered":34,"skipped":0,"pct":100},"branches":{"total":15,"covered":15,"skipped":0,"pct":100}}
,"/home/runner/work/macpro-mako/macpro-mako/lib/libs/topics-lib.ts": {"lines":{"total":36,"covered":35,"skipped":0,"pct":97.22},"functions":{"total":9,"covered":7,"skipped":0,"pct":77.77},"statements":{"total":39,"covered":37,"skipped":0,"pct":94.87},"branches":{"total":6,"covered":5,"skipped":0,"pct":83.33}}
,"/home/runner/work/macpro-mako/macpro-mako/lib/libs/utils.ts": {"lines":{"total":11,"covered":11,"skipped":0,"pct":100},"functions":{"total":3,"covered":3,"skipped":0,"pct":100},"statements":{"total":11,"covered":11,"skipped":0,"pct":100},"branches":{"total":4,"covered":4,"skipped":0,"pct":100}}
,"/home/runner/work/macpro-mako/macpro-mako/lib/libs/api/kafka.ts": {"lines":{"total":15,"covered":15,"skipped":0,"pct":100},"functions":{"total":2,"covered":2,"skipped":0,"pct":100},"statements":{"total":15,"covered":15,"skipped":0,"pct":100},"branches":{"total":8,"covered":7,"skipped":0,"pct":87.5}}
,"/home/runner/work/macpro-mako/macpro-mako/lib/libs/api/statusMemo.ts": {"lines":{"total":6,"covered":6,"skipped":0,"pct":100},"functions":{"total":1,"covered":1,"skipped":0,"pct":100},"statements":{"total":6,"covered":6,"skipped":0,"pct":100},"branches":{"total":3,"covered":3,"skipped":0,"pct":100}}
,"/home/runner/work/macpro-mako/macpro-mako/lib/libs/api/auth/user.ts": {"lines":{"total":65,"covered":61,"skipped":0,"pct":93.84},"functions":{"total":9,"covered":9,"skipped":0,"pct":100},"statements":{"total":65,"covered":61,"skipped":0,"pct":93.84},"branches":{"total":34,"covered":29,"skipped":0,"pct":85.29}}
,"/home/runner/work/macpro-mako/macpro-mako/lib/libs/api/package/appk.ts": {"lines":{"total":4,"covered":4,"skipped":0,"pct":100},"functions":{"total":1,"covered":1,"skipped":0,"pct":100},"statements":{"total":4,"covered":4,"skipped":0,"pct":100},"branches":{"total":1,"covered":1,"skipped":0,"pct":100}}
,"/home/runner/work/macpro-mako/macpro-mako/lib/libs/api/package/changelog.ts": {"lines":{"total":3,"covered":3,"skipped":0,"pct":100},"functions":{"total":1,"covered":1,"skipped":0,"pct":100},"statements":{"total":3,"covered":3,"skipped":0,"pct":100},"branches":{"total":1,"covered":1,"skipped":0,"pct":100}}
,"/home/runner/work/macpro-mako/macpro-mako/lib/libs/api/package/getPackage.ts": {"lines":{"total":4,"covered":4,"skipped":0,"pct":100},"functions":{"total":1,"covered":1,"skipped":0,"pct":100},"statements":{"total":4,"covered":4,"skipped":0,"pct":100},"branches":{"total":0,"covered":0,"skipped":0,"pct":100}}
,"/home/runner/work/macpro-mako/macpro-mako/lib/libs/api/package/itemExists.ts": {"lines":{"total":7,"covered":5,"skipped":0,"pct":71.42},"functions":{"total":1,"covered":1,"skipped":0,"pct":100},"statements":{"total":7,"covered":5,"skipped":0,"pct":71.42},"branches":{"total":2,"covered":2,"skipped":0,"pct":100}}
,"/home/runner/work/macpro-mako/macpro-mako/lib/libs/email/errors.ts": {"lines":{"total":3,"covered":0,"skipped":0,"pct":0},"functions":{"total":1,"covered":0,"skipped":0,"pct":0},"statements":{"total":3,"covered":0,"skipped":0,"pct":0},"branches":{"total":0,"covered":0,"skipped":0,"pct":100}}
,"/home/runner/work/macpro-mako/macpro-mako/lib/libs/email/getAllStateUsers.ts": {"lines":{"total":36,"covered":32,"skipped":0,"pct":88.88},"functions":{"total":8,"covered":7,"skipped":0,"pct":87.5},"statements":{"total":37,"covered":33,"skipped":0,"pct":89.18},"branches":{"total":18,"covered":15,"skipped":0,"pct":83.33}}
,"/home/runner/work/macpro-mako/macpro-mako/lib/libs/email/index.ts": {"lines":{"total":35,"covered":35,"skipped":0,"pct":100},"functions":{"total":7,"covered":7,"skipped":0,"pct":100},"statements":{"total":35,"covered":35,"skipped":0,"pct":100},"branches":{"total":20,"covered":17,"skipped":0,"pct":85}}
,"/home/runner/work/macpro-mako/macpro-mako/lib/libs/email/content/email-components.tsx": {"lines":{"total":63,"covered":58,"skipped":0,"pct":92.06},"functions":{"total":23,"covered":22,"skipped":0,"pct":95.65},"statements":{"total":66,"covered":61,"skipped":0,"pct":92.42},"branches":{"total":51,"covered":50,"skipped":0,"pct":98.03}}
,"/home/runner/work/macpro-mako/macpro-mako/lib/libs/email/content/email-styles.ts": {"lines":{"total":1,"covered":1,"skipped":0,"pct":100},"functions":{"total":0,"covered":0,"skipped":0,"pct":100},"statements":{"total":1,"covered":1,"skipped":0,"pct":100},"branches":{"total":0,"covered":0,"skipped":0,"pct":100}}
,"/home/runner/work/macpro-mako/macpro-mako/lib/libs/email/content/email-templates.tsx": {"lines":{"total":2,"covered":2,"skipped":0,"pct":100},"functions":{"total":1,"covered":1,"skipped":0,"pct":100},"statements":{"total":2,"covered":2,"skipped":0,"pct":100},"branches":{"total":0,"covered":0,"skipped":0,"pct":100}}
,"/home/runner/work/macpro-mako/macpro-mako/lib/libs/email/content/newSubmission/index.tsx": {"lines":{"total":15,"covered":13,"skipped":0,"pct":86.66},"functions":{"total":8,"covered":8,"skipped":0,"pct":100},"statements":{"total":15,"covered":13,"skipped":0,"pct":86.66},"branches":{"total":12,"covered":6,"skipped":0,"pct":50}}
,"/home/runner/work/macpro-mako/macpro-mako/lib/libs/email/content/newSubmission/emailTemplates/AppKCMS.tsx": {"lines":{"total":2,"covered":2,"skipped":0,"pct":100},"functions":{"total":1,"covered":1,"skipped":0,"pct":100},"statements":{"total":2,"covered":2,"skipped":0,"pct":100},"branches":{"total":2,"covered":2,"skipped":0,"pct":100}}
,"/home/runner/work/macpro-mako/macpro-mako/lib/libs/email/content/newSubmission/emailTemplates/AppKState.tsx": {"lines":{"total":5,"covered":5,"skipped":0,"pct":100},"functions":{"total":1,"covered":1,"skipped":0,"pct":100},"statements":{"total":5,"covered":5,"skipped":0,"pct":100},"branches":{"total":0,"covered":0,"skipped":0,"pct":100}}
,"/home/runner/work/macpro-mako/macpro-mako/lib/libs/email/content/newSubmission/emailTemplates/ChipSpaCMS.tsx": {"lines":{"total":4,"covered":4,"skipped":0,"pct":100},"functions":{"total":1,"covered":1,"skipped":0,"pct":100},"statements":{"total":4,"covered":4,"skipped":0,"pct":100},"branches":{"total":0,"covered":0,"skipped":0,"pct":100}}
,"/home/runner/work/macpro-mako/macpro-mako/lib/libs/email/content/newSubmission/emailTemplates/ChipSpaDetailsCMS.tsx": {"lines":{"total":4,"covered":4,"skipped":0,"pct":100},"functions":{"total":1,"covered":1,"skipped":0,"pct":100},"statements":{"total":4,"covered":4,"skipped":0,"pct":100},"branches":{"total":0,"covered":0,"skipped":0,"pct":100}}
,"/home/runner/work/macpro-mako/macpro-mako/lib/libs/email/content/newSubmission/emailTemplates/ChipSpaDetailsState.tsx": {"lines":{"total":5,"covered":5,"skipped":0,"pct":100},"functions":{"total":1,"covered":1,"skipped":0,"pct":100},"statements":{"total":5,"covered":5,"skipped":0,"pct":100},"branches":{"total":0,"covered":0,"skipped":0,"pct":100}}
,"/home/runner/work/macpro-mako/macpro-mako/lib/libs/email/content/newSubmission/emailTemplates/ChipSpaState.tsx": {"lines":{"total":5,"covered":5,"skipped":0,"pct":100},"functions":{"total":1,"covered":1,"skipped":0,"pct":100},"statements":{"total":5,"covered":5,"skipped":0,"pct":100},"branches":{"total":0,"covered":0,"skipped":0,"pct":100}}
,"/home/runner/work/macpro-mako/macpro-mako/lib/libs/email/content/newSubmission/emailTemplates/MedSpaCMS.tsx": {"lines":{"total":5,"covered":5,"skipped":0,"pct":100},"functions":{"total":1,"covered":1,"skipped":0,"pct":100},"statements":{"total":5,"covered":5,"skipped":0,"pct":100},"branches":{"total":0,"covered":0,"skipped":0,"pct":100}}
,"/home/runner/work/macpro-mako/macpro-mako/lib/libs/email/content/newSubmission/emailTemplates/MedSpaState.tsx": {"lines":{"total":5,"covered":5,"skipped":0,"pct":100},"functions":{"total":1,"covered":1,"skipped":0,"pct":100},"statements":{"total":5,"covered":5,"skipped":0,"pct":100},"branches":{"total":0,"covered":0,"skipped":0,"pct":100}}
,"/home/runner/work/macpro-mako/macpro-mako/lib/libs/email/content/newSubmission/emailTemplates/Waiver1915bCMS.tsx": {"lines":{"total":4,"covered":4,"skipped":0,"pct":100},"functions":{"total":1,"covered":1,"skipped":0,"pct":100},"statements":{"total":4,"covered":4,"skipped":0,"pct":100},"branches":{"total":0,"covered":0,"skipped":0,"pct":100}}
,"/home/runner/work/macpro-mako/macpro-mako/lib/libs/email/content/newSubmission/emailTemplates/Waiver1915bState.tsx": {"lines":{"total":4,"covered":4,"skipped":0,"pct":100},"functions":{"total":1,"covered":1,"skipped":0,"pct":100},"statements":{"total":4,"covered":4,"skipped":0,"pct":100},"branches":{"total":0,"covered":0,"skipped":0,"pct":100}}
,"/home/runner/work/macpro-mako/macpro-mako/lib/libs/email/content/respondToRai/index.tsx": {"lines":{"total":15,"covered":11,"skipped":0,"pct":73.33},"functions":{"total":12,"covered":8,"skipped":0,"pct":66.66},"statements":{"total":15,"covered":11,"skipped":0,"pct":73.33},"branches":{"total":12,"covered":6,"skipped":0,"pct":50}}
,"/home/runner/work/macpro-mako/macpro-mako/lib/libs/email/content/respondToRai/emailTemplates/ChipSpaCMS.tsx": {"lines":{"total":3,"covered":3,"skipped":0,"pct":100},"functions":{"total":1,"covered":1,"skipped":0,"pct":100},"statements":{"total":3,"covered":3,"skipped":0,"pct":100},"branches":{"total":2,"covered":1,"skipped":0,"pct":50}}
,"/home/runner/work/macpro-mako/macpro-mako/lib/libs/email/content/respondToRai/emailTemplates/ChipSpaState.tsx": {"lines":{"total":3,"covered":3,"skipped":0,"pct":100},"functions":{"total":1,"covered":1,"skipped":0,"pct":100},"statements":{"total":3,"covered":3,"skipped":0,"pct":100},"branches":{"total":2,"covered":1,"skipped":0,"pct":50}}
,"/home/runner/work/macpro-mako/macpro-mako/lib/libs/email/content/respondToRai/emailTemplates/MedSpaCMS.tsx": {"lines":{"total":2,"covered":2,"skipped":0,"pct":100},"functions":{"total":1,"covered":1,"skipped":0,"pct":100},"statements":{"total":2,"covered":2,"skipped":0,"pct":100},"branches":{"total":0,"covered":0,"skipped":0,"pct":100}}
,"/home/runner/work/macpro-mako/macpro-mako/lib/libs/email/content/respondToRai/emailTemplates/MedSpaState.tsx": {"lines":{"total":2,"covered":2,"skipped":0,"pct":100},"functions":{"total":1,"covered":1,"skipped":0,"pct":100},"statements":{"total":2,"covered":2,"skipped":0,"pct":100},"branches":{"total":0,"covered":0,"skipped":0,"pct":100}}
,"/home/runner/work/macpro-mako/macpro-mako/lib/libs/email/content/respondToRai/emailTemplates/WaiverCMS.tsx": {"lines":{"total":2,"covered":2,"skipped":0,"pct":100},"functions":{"total":1,"covered":1,"skipped":0,"pct":100},"statements":{"total":2,"covered":2,"skipped":0,"pct":100},"branches":{"total":0,"covered":0,"skipped":0,"pct":100}}
,"/home/runner/work/macpro-mako/macpro-mako/lib/libs/email/content/respondToRai/emailTemplates/WaiverState.tsx": {"lines":{"total":2,"covered":2,"skipped":0,"pct":100},"functions":{"total":1,"covered":1,"skipped":0,"pct":100},"statements":{"total":2,"covered":2,"skipped":0,"pct":100},"branches":{"total":0,"covered":0,"skipped":0,"pct":100}}
,"/home/runner/work/macpro-mako/macpro-mako/lib/libs/email/content/tempExtension/index.tsx": {"lines":{"total":5,"covered":5,"skipped":0,"pct":100},"functions":{"total":4,"covered":4,"skipped":0,"pct":100},"statements":{"total":5,"covered":5,"skipped":0,"pct":100},"branches":{"total":0,"covered":0,"skipped":0,"pct":100}}
,"/home/runner/work/macpro-mako/macpro-mako/lib/libs/email/content/tempExtension/emailTemplates/TempExtCMS.tsx": {"lines":{"total":5,"covered":5,"skipped":0,"pct":100},"functions":{"total":1,"covered":1,"skipped":0,"pct":100},"statements":{"total":5,"covered":5,"skipped":0,"pct":100},"branches":{"total":0,"covered":0,"skipped":0,"pct":100}}
,"/home/runner/work/macpro-mako/macpro-mako/lib/libs/email/content/tempExtension/emailTemplates/TempExtState.tsx": {"lines":{"total":5,"covered":5,"skipped":0,"pct":100},"functions":{"total":1,"covered":1,"skipped":0,"pct":100},"statements":{"total":5,"covered":5,"skipped":0,"pct":100},"branches":{"total":0,"covered":0,"skipped":0,"pct":100}}
,"/home/runner/work/macpro-mako/macpro-mako/lib/libs/email/content/uploadSubsequentDocuments/index.tsx": {"lines":{"total":11,"covered":7,"skipped":0,"pct":63.63},"functions":{"total":8,"covered":4,"skipped":0,"pct":50},"statements":{"total":11,"covered":7,"skipped":0,"pct":63.63},"branches":{"total":4,"covered":2,"skipped":0,"pct":50}}
,"/home/runner/work/macpro-mako/macpro-mako/lib/libs/email/content/uploadSubsequentDocuments/emailTemplates/AppKCMS.tsx": {"lines":{"total":2,"covered":2,"skipped":0,"pct":100},"functions":{"total":1,"covered":1,"skipped":0,"pct":100},"statements":{"total":2,"covered":2,"skipped":0,"pct":100},"branches":{"total":0,"covered":0,"skipped":0,"pct":100}}
,"/home/runner/work/macpro-mako/macpro-mako/lib/libs/email/content/uploadSubsequentDocuments/emailTemplates/AppKState.tsx": {"lines":{"total":2,"covered":2,"skipped":0,"pct":100},"functions":{"total":1,"covered":1,"skipped":0,"pct":100},"statements":{"total":2,"covered":2,"skipped":0,"pct":100},"branches":{"total":0,"covered":0,"skipped":0,"pct":100}}
,"/home/runner/work/macpro-mako/macpro-mako/lib/libs/email/content/uploadSubsequentDocuments/emailTemplates/ChipSpaCMS.tsx": {"lines":{"total":3,"covered":3,"skipped":0,"pct":100},"functions":{"total":1,"covered":1,"skipped":0,"pct":100},"statements":{"total":3,"covered":3,"skipped":0,"pct":100},"branches":{"total":2,"covered":1,"skipped":0,"pct":50}}
,"/home/runner/work/macpro-mako/macpro-mako/lib/libs/email/content/uploadSubsequentDocuments/emailTemplates/ChipSpaState.tsx": {"lines":{"total":3,"covered":3,"skipped":0,"pct":100},"functions":{"total":1,"covered":1,"skipped":0,"pct":100},"statements":{"total":3,"covered":3,"skipped":0,"pct":100},"branches":{"total":2,"covered":1,"skipped":0,"pct":50}}
,"/home/runner/work/macpro-mako/macpro-mako/lib/libs/email/content/uploadSubsequentDocuments/emailTemplates/MedSpaCMS.tsx": {"lines":{"total":2,"covered":2,"skipped":0,"pct":100},"functions":{"total":1,"covered":1,"skipped":0,"pct":100},"statements":{"total":2,"covered":2,"skipped":0,"pct":100},"branches":{"total":0,"covered":0,"skipped":0,"pct":100}}
,"/home/runner/work/macpro-mako/macpro-mako/lib/libs/email/content/uploadSubsequentDocuments/emailTemplates/MedSpaState.tsx": {"lines":{"total":2,"covered":2,"skipped":0,"pct":100},"functions":{"total":1,"covered":1,"skipped":0,"pct":100},"statements":{"total":2,"covered":2,"skipped":0,"pct":100},"branches":{"total":0,"covered":0,"skipped":0,"pct":100}}
,"/home/runner/work/macpro-mako/macpro-mako/lib/libs/email/content/uploadSubsequentDocuments/emailTemplates/Waiver1915BCMS.tsx": {"lines":{"total":2,"covered":2,"skipped":0,"pct":100},"functions":{"total":1,"covered":1,"skipped":0,"pct":100},"statements":{"total":2,"covered":2,"skipped":0,"pct":100},"branches":{"total":0,"covered":0,"skipped":0,"pct":100}}
,"/home/runner/work/macpro-mako/macpro-mako/lib/libs/email/content/uploadSubsequentDocuments/emailTemplates/Waiver1915BState.tsx": {"lines":{"total":2,"covered":2,"skipped":0,"pct":100},"functions":{"total":1,"covered":1,"skipped":0,"pct":100},"statements":{"total":2,"covered":2,"skipped":0,"pct":100},"branches":{"total":0,"covered":0,"skipped":0,"pct":100}}
,"/home/runner/work/macpro-mako/macpro-mako/lib/libs/email/content/userRoles/index.tsx": {"lines":{"total":11,"covered":5,"skipped":0,"pct":45.45},"functions":{"total":4,"covered":2,"skipped":0,"pct":50},"statements":{"total":11,"covered":5,"skipped":0,"pct":45.45},"branches":{"total":4,"covered":0,"skipped":0,"pct":0}}
,"/home/runner/work/macpro-mako/macpro-mako/lib/libs/email/content/userRoles/roleHelper.ts": {"lines":{"total":13,"covered":13,"skipped":0,"pct":100},"functions":{"total":2,"covered":2,"skipped":0,"pct":100},"statements":{"total":15,"covered":14,"skipped":0,"pct":93.33},"branches":{"total":4,"covered":3,"skipped":0,"pct":75}}
,"/home/runner/work/macpro-mako/macpro-mako/lib/libs/email/content/userRoles/emailTemplates/AccessChangeNotice.tsx": {"lines":{"total":4,"covered":4,"skipped":0,"pct":100},"functions":{"total":1,"covered":1,"skipped":0,"pct":100},"statements":{"total":4,"covered":4,"skipped":0,"pct":100},"branches":{"total":2,"covered":1,"skipped":0,"pct":50}}
,"/home/runner/work/macpro-mako/macpro-mako/lib/libs/email/content/userRoles/emailTemplates/AccessPendingNotice.tsx": {"lines":{"total":4,"covered":4,"skipped":0,"pct":100},"functions":{"total":1,"covered":1,"skipped":0,"pct":100},"statements":{"total":4,"covered":4,"skipped":0,"pct":100},"branches":{"total":0,"covered":0,"skipped":0,"pct":100}}
,"/home/runner/work/macpro-mako/macpro-mako/lib/libs/email/content/userRoles/emailTemplates/AdminPendingNotice.tsx": {"lines":{"total":4,"covered":4,"skipped":0,"pct":100},"functions":{"total":1,"covered":1,"skipped":0,"pct":100},"statements":{"total":4,"covered":4,"skipped":0,"pct":100},"branches":{"total":2,"covered":1,"skipped":0,"pct":50}}
,"/home/runner/work/macpro-mako/macpro-mako/lib/libs/email/content/userRoles/emailTemplates/SelfRevokeAdminChange.tsx": {"lines":{"total":3,"covered":3,"skipped":0,"pct":100},"functions":{"total":1,"covered":1,"skipped":0,"pct":100},"statements":{"total":3,"covered":3,"skipped":0,"pct":100},"branches":{"total":2,"covered":1,"skipped":0,"pct":50}}
,"/home/runner/work/macpro-mako/macpro-mako/lib/libs/email/content/withdrawConfirmation/index.tsx": {"lines":{"total":8,"covered":4,"skipped":0,"pct":50},"functions":{"total":5,"covered":2,"skipped":0,"pct":40},"statements":{"total":8,"covered":4,"skipped":0,"pct":50},"branches":{"total":4,"covered":1,"skipped":0,"pct":25}}
,"/home/runner/work/macpro-mako/macpro-mako/lib/libs/email/content/withdrawConfirmation/emailTemplates/ChipSpaState.tsx": {"lines":{"total":4,"covered":4,"skipped":0,"pct":100},"functions":{"total":1,"covered":1,"skipped":0,"pct":100},"statements":{"total":4,"covered":4,"skipped":0,"pct":100},"branches":{"total":2,"covered":1,"skipped":0,"pct":50}}
,"/home/runner/work/macpro-mako/macpro-mako/lib/libs/email/content/withdrawConfirmation/emailTemplates/MedSpaState.tsx": {"lines":{"total":3,"covered":3,"skipped":0,"pct":100},"functions":{"total":1,"covered":1,"skipped":0,"pct":100},"statements":{"total":3,"covered":3,"skipped":0,"pct":100},"branches":{"total":0,"covered":0,"skipped":0,"pct":100}}
,"/home/runner/work/macpro-mako/macpro-mako/lib/libs/email/content/withdrawConfirmation/emailTemplates/WaiverState.tsx": {"lines":{"total":5,"covered":5,"skipped":0,"pct":100},"functions":{"total":1,"covered":1,"skipped":0,"pct":100},"statements":{"total":5,"covered":5,"skipped":0,"pct":100},"branches":{"total":0,"covered":0,"skipped":0,"pct":100}}
,"/home/runner/work/macpro-mako/macpro-mako/lib/libs/email/content/withdrawPackage/index.tsx": {"lines":{"total":11,"covered":9,"skipped":0,"pct":81.81},"functions":{"total":8,"covered":6,"skipped":0,"pct":75},"statements":{"total":11,"covered":9,"skipped":0,"pct":81.81},"branches":{"total":12,"covered":5,"skipped":0,"pct":41.66}}
,"/home/runner/work/macpro-mako/macpro-mako/lib/libs/email/content/withdrawPackage/emailTemplates/ChipSpaCMS.tsx": {"lines":{"total":3,"covered":3,"skipped":0,"pct":100},"functions":{"total":1,"covered":1,"skipped":0,"pct":100},"statements":{"total":3,"covered":3,"skipped":0,"pct":100},"branches":{"total":2,"covered":1,"skipped":0,"pct":50}}
,"/home/runner/work/macpro-mako/macpro-mako/lib/libs/email/content/withdrawPackage/emailTemplates/ChipSpaState.tsx": {"lines":{"total":3,"covered":3,"skipped":0,"pct":100},"functions":{"total":1,"covered":1,"skipped":0,"pct":100},"statements":{"total":3,"covered":3,"skipped":0,"pct":100},"branches":{"total":2,"covered":1,"skipped":0,"pct":50}}
,"/home/runner/work/macpro-mako/macpro-mako/lib/libs/email/content/withdrawPackage/emailTemplates/MedSpaCMS.tsx": {"lines":{"total":2,"covered":2,"skipped":0,"pct":100},"functions":{"total":1,"covered":1,"skipped":0,"pct":100},"statements":{"total":2,"covered":2,"skipped":0,"pct":100},"branches":{"total":0,"covered":0,"skipped":0,"pct":100}}
,"/home/runner/work/macpro-mako/macpro-mako/lib/libs/email/content/withdrawPackage/emailTemplates/MedSpaState.tsx": {"lines":{"total":2,"covered":2,"skipped":0,"pct":100},"functions":{"total":1,"covered":1,"skipped":0,"pct":100},"statements":{"total":2,"covered":2,"skipped":0,"pct":100},"branches":{"total":0,"covered":0,"skipped":0,"pct":100}}
,"/home/runner/work/macpro-mako/macpro-mako/lib/libs/email/content/withdrawPackage/emailTemplates/WaiverCMS.tsx": {"lines":{"total":2,"covered":2,"skipped":0,"pct":100},"functions":{"total":1,"covered":1,"skipped":0,"pct":100},"statements":{"total":2,"covered":2,"skipped":0,"pct":100},"branches":{"total":0,"covered":0,"skipped":0,"pct":100}}
,"/home/runner/work/macpro-mako/macpro-mako/lib/libs/email/content/withdrawPackage/emailTemplates/WaiverState.tsx": {"lines":{"total":2,"covered":2,"skipped":0,"pct":100},"functions":{"total":1,"covered":1,"skipped":0,"pct":100},"statements":{"total":2,"covered":2,"skipped":0,"pct":100},"branches":{"total":0,"covered":0,"skipped":0,"pct":100}}
,"/home/runner/work/macpro-mako/macpro-mako/lib/libs/email/content/withdrawRai/index.tsx": {"lines":{"total":11,"covered":11,"skipped":0,"pct":100},"functions":{"total":8,"covered":8,"skipped":0,"pct":100},"statements":{"total":11,"covered":11,"skipped":0,"pct":100},"branches":{"total":12,"covered":6,"skipped":0,"pct":50}}
,"/home/runner/work/macpro-mako/macpro-mako/lib/libs/email/content/withdrawRai/emailTemplates/ChipSPACMS.tsx": {"lines":{"total":3,"covered":3,"skipped":0,"pct":100},"functions":{"total":1,"covered":1,"skipped":0,"pct":100},"statements":{"total":3,"covered":3,"skipped":0,"pct":100},"branches":{"total":2,"covered":1,"skipped":0,"pct":50}}
,"/home/runner/work/macpro-mako/macpro-mako/lib/libs/email/content/withdrawRai/emailTemplates/ChipSPAState.tsx": {"lines":{"total":3,"covered":3,"skipped":0,"pct":100},"functions":{"total":1,"covered":1,"skipped":0,"pct":100},"statements":{"total":3,"covered":3,"skipped":0,"pct":100},"branches":{"total":2,"covered":1,"skipped":0,"pct":50}}
,"/home/runner/work/macpro-mako/macpro-mako/lib/libs/email/content/withdrawRai/emailTemplates/MedSPACMS.tsx": {"lines":{"total":2,"covered":2,"skipped":0,"pct":100},"functions":{"total":1,"covered":1,"skipped":0,"pct":100},"statements":{"total":2,"covered":2,"skipped":0,"pct":100},"branches":{"total":0,"covered":0,"skipped":0,"pct":100}}
,"/home/runner/work/macpro-mako/macpro-mako/lib/libs/email/content/withdrawRai/emailTemplates/MedSpaState.tsx": {"lines":{"total":2,"covered":2,"skipped":0,"pct":100},"functions":{"total":1,"covered":1,"skipped":0,"pct":100},"statements":{"total":2,"covered":2,"skipped":0,"pct":100},"branches":{"total":0,"covered":0,"skipped":0,"pct":100}}
,"/home/runner/work/macpro-mako/macpro-mako/lib/libs/email/content/withdrawRai/emailTemplates/WaiverCMS.tsx": {"lines":{"total":2,"covered":2,"skipped":0,"pct":100},"functions":{"total":1,"covered":1,"skipped":0,"pct":100},"statements":{"total":2,"covered":2,"skipped":0,"pct":100},"branches":{"total":0,"covered":0,"skipped":0,"pct":100}}
,"/home/runner/work/macpro-mako/macpro-mako/lib/libs/email/content/withdrawRai/emailTemplates/WaiverState.tsx": {"lines":{"total":2,"covered":2,"skipped":0,"pct":100},"functions":{"total":1,"covered":1,"skipped":0,"pct":100},"statements":{"total":2,"covered":2,"skipped":0,"pct":100},"branches":{"total":0,"covered":0,"skipped":0,"pct":100}}
,"/home/runner/work/macpro-mako/macpro-mako/lib/libs/email/preview/EmailRoles/AccessChangeNotice.tsx": {"lines":{"total":1,"covered":1,"skipped":0,"pct":100},"functions":{"total":1,"covered":1,"skipped":0,"pct":100},"statements":{"total":1,"covered":1,"skipped":0,"pct":100},"branches":{"total":0,"covered":0,"skipped":0,"pct":100}}
,"/home/runner/work/macpro-mako/macpro-mako/lib/libs/email/preview/EmailRoles/AccessPendingNotice.tsx": {"lines":{"total":1,"covered":1,"skipped":0,"pct":100},"functions":{"total":1,"covered":1,"skipped":0,"pct":100},"statements":{"total":1,"covered":1,"skipped":0,"pct":100},"branches":{"total":0,"covered":0,"skipped":0,"pct":100}}
,"/home/runner/work/macpro-mako/macpro-mako/lib/libs/email/preview/EmailRoles/AdminPendingNotice.tsx": {"lines":{"total":1,"covered":1,"skipped":0,"pct":100},"functions":{"total":1,"covered":1,"skipped":0,"pct":100},"statements":{"total":1,"covered":1,"skipped":0,"pct":100},"branches":{"total":0,"covered":0,"skipped":0,"pct":100}}
,"/home/runner/work/macpro-mako/macpro-mako/lib/libs/email/preview/EmailRoles/SelfRevokeAdminChange.tsx": {"lines":{"total":1,"covered":1,"skipped":0,"pct":100},"functions":{"total":1,"covered":1,"skipped":0,"pct":100},"statements":{"total":1,"covered":1,"skipped":0,"pct":100},"branches":{"total":0,"covered":0,"skipped":0,"pct":100}}
,"/home/runner/work/macpro-mako/macpro-mako/lib/libs/email/preview/InitialSubmissions/CMS/AppK.tsx": {"lines":{"total":2,"covered":2,"skipped":0,"pct":100},"functions":{"total":1,"covered":1,"skipped":0,"pct":100},"statements":{"total":2,"covered":2,"skipped":0,"pct":100},"branches":{"total":0,"covered":0,"skipped":0,"pct":100}}
,"/home/runner/work/macpro-mako/macpro-mako/lib/libs/email/preview/InitialSubmissions/CMS/CHIP_SPA.tsx": {"lines":{"total":2,"covered":2,"skipped":0,"pct":100},"functions":{"total":1,"covered":1,"skipped":0,"pct":100},"statements":{"total":2,"covered":2,"skipped":0,"pct":100},"branches":{"total":0,"covered":0,"skipped":0,"pct":100}}
,"/home/runner/work/macpro-mako/macpro-mako/lib/libs/email/preview/InitialSubmissions/CMS/CHIP_SPA_Details.tsx": {"lines":{"total":2,"covered":2,"skipped":0,"pct":100},"functions":{"total":1,"covered":1,"skipped":0,"pct":100},"statements":{"total":2,"covered":2,"skipped":0,"pct":100},"branches":{"total":0,"covered":0,"skipped":0,"pct":100}}
,"/home/runner/work/macpro-mako/macpro-mako/lib/libs/email/preview/InitialSubmissions/CMS/Medicaid_SPA.tsx": {"lines":{"total":1,"covered":1,"skipped":0,"pct":100},"functions":{"total":1,"covered":1,"skipped":0,"pct":100},"statements":{"total":1,"covered":1,"skipped":0,"pct":100},"branches":{"total":0,"covered":0,"skipped":0,"pct":100}}
,"/home/runner/work/macpro-mako/macpro-mako/lib/libs/email/preview/InitialSubmissions/CMS/Temp_Extension.tsx": {"lines":{"total":2,"covered":2,"skipped":0,"pct":100},"functions":{"total":1,"covered":1,"skipped":0,"pct":100},"statements":{"total":2,"covered":2,"skipped":0,"pct":100},"branches":{"total":0,"covered":0,"skipped":0,"pct":100}}
,"/home/runner/work/macpro-mako/macpro-mako/lib/libs/email/preview/InitialSubmissions/CMS/Waiver1915bCapitated/Amendment.tsx": {"lines":{"total":1,"covered":1,"skipped":0,"pct":100},"functions":{"total":1,"covered":1,"skipped":0,"pct":100},"statements":{"total":1,"covered":1,"skipped":0,"pct":100},"branches":{"total":0,"covered":0,"skipped":0,"pct":100}}
,"/home/runner/work/macpro-mako/macpro-mako/lib/libs/email/preview/InitialSubmissions/CMS/Waiver1915bCapitated/Initial.tsx": {"lines":{"total":1,"covered":1,"skipped":0,"pct":100},"functions":{"total":1,"covered":1,"skipped":0,"pct":100},"statements":{"total":1,"covered":1,"skipped":0,"pct":100},"branches":{"total":0,"covered":0,"skipped":0,"pct":100}}
,"/home/runner/work/macpro-mako/macpro-mako/lib/libs/email/preview/InitialSubmissions/CMS/Waiver1915bCapitated/Renewal.tsx": {"lines":{"total":1,"covered":1,"skipped":0,"pct":100},"functions":{"total":1,"covered":1,"skipped":0,"pct":100},"statements":{"total":1,"covered":1,"skipped":0,"pct":100},"branches":{"total":0,"covered":0,"skipped":0,"pct":100}}
,"/home/runner/work/macpro-mako/macpro-mako/lib/libs/email/preview/InitialSubmissions/CMS/Waiver1915bContracting/Amendment.tsx": {"lines":{"total":1,"covered":1,"skipped":0,"pct":100},"functions":{"total":1,"covered":1,"skipped":0,"pct":100},"statements":{"total":1,"covered":1,"skipped":0,"pct":100},"branches":{"total":0,"covered":0,"skipped":0,"pct":100}}
,"/home/runner/work/macpro-mako/macpro-mako/lib/libs/email/preview/InitialSubmissions/CMS/Waiver1915bContracting/Initial.tsx": {"lines":{"total":1,"covered":1,"skipped":0,"pct":100},"functions":{"total":1,"covered":1,"skipped":0,"pct":100},"statements":{"total":1,"covered":1,"skipped":0,"pct":100},"branches":{"total":0,"covered":0,"skipped":0,"pct":100}}
,"/home/runner/work/macpro-mako/macpro-mako/lib/libs/email/preview/InitialSubmissions/CMS/Waiver1915bContracting/Renewal.tsx": {"lines":{"total":1,"covered":1,"skipped":0,"pct":100},"functions":{"total":1,"covered":1,"skipped":0,"pct":100},"statements":{"total":1,"covered":1,"skipped":0,"pct":100},"branches":{"total":0,"covered":0,"skipped":0,"pct":100}}
,"/home/runner/work/macpro-mako/macpro-mako/lib/libs/email/preview/InitialSubmissions/State/AppK.tsx": {"lines":{"total":2,"covered":2,"skipped":0,"pct":100},"functions":{"total":1,"covered":1,"skipped":0,"pct":100},"statements":{"total":2,"covered":2,"skipped":0,"pct":100},"branches":{"total":0,"covered":0,"skipped":0,"pct":100}}
,"/home/runner/work/macpro-mako/macpro-mako/lib/libs/email/preview/InitialSubmissions/State/CHIP_SPA.tsx": {"lines":{"total":2,"covered":2,"skipped":0,"pct":100},"functions":{"total":1,"covered":1,"skipped":0,"pct":100},"statements":{"total":2,"covered":2,"skipped":0,"pct":100},"branches":{"total":0,"covered":0,"skipped":0,"pct":100}}
,"/home/runner/work/macpro-mako/macpro-mako/lib/libs/email/preview/InitialSubmissions/State/CHIP_SPA_Details.tsx": {"lines":{"total":2,"covered":2,"skipped":0,"pct":100},"functions":{"total":1,"covered":1,"skipped":0,"pct":100},"statements":{"total":2,"covered":2,"skipped":0,"pct":100},"branches":{"total":0,"covered":0,"skipped":0,"pct":100}}
,"/home/runner/work/macpro-mako/macpro-mako/lib/libs/email/preview/InitialSubmissions/State/Medicaid_SPA.tsx": {"lines":{"total":2,"covered":2,"skipped":0,"pct":100},"functions":{"total":1,"covered":1,"skipped":0,"pct":100},"statements":{"total":2,"covered":2,"skipped":0,"pct":100},"branches":{"total":0,"covered":0,"skipped":0,"pct":100}}
,"/home/runner/work/macpro-mako/macpro-mako/lib/libs/email/preview/InitialSubmissions/State/Temp_Extension.tsx": {"lines":{"total":2,"covered":2,"skipped":0,"pct":100},"functions":{"total":1,"covered":1,"skipped":0,"pct":100},"statements":{"total":2,"covered":2,"skipped":0,"pct":100},"branches":{"total":0,"covered":0,"skipped":0,"pct":100}}
,"/home/runner/work/macpro-mako/macpro-mako/lib/libs/email/preview/InitialSubmissions/State/Waiver1915bCapitated/Amendment.tsx": {"lines":{"total":1,"covered":1,"skipped":0,"pct":100},"functions":{"total":1,"covered":1,"skipped":0,"pct":100},"statements":{"total":1,"covered":1,"skipped":0,"pct":100},"branches":{"total":0,"covered":0,"skipped":0,"pct":100}}
,"/home/runner/work/macpro-mako/macpro-mako/lib/libs/email/preview/InitialSubmissions/State/Waiver1915bCapitated/Initial.tsx": {"lines":{"total":1,"covered":1,"skipped":0,"pct":100},"functions":{"total":1,"covered":1,"skipped":0,"pct":100},"statements":{"total":1,"covered":1,"skipped":0,"pct":100},"branches":{"total":0,"covered":0,"skipped":0,"pct":100}}
,"/home/runner/work/macpro-mako/macpro-mako/lib/libs/email/preview/InitialSubmissions/State/Waiver1915bCapitated/Renewal.tsx": {"lines":{"total":1,"covered":1,"skipped":0,"pct":100},"functions":{"total":1,"covered":1,"skipped":0,"pct":100},"statements":{"total":1,"covered":1,"skipped":0,"pct":100},"branches":{"total":0,"covered":0,"skipped":0,"pct":100}}
,"/home/runner/work/macpro-mako/macpro-mako/lib/libs/email/preview/InitialSubmissions/State/Waiver1915bContracting/Amendment.tsx": {"lines":{"total":1,"covered":1,"skipped":0,"pct":100},"functions":{"total":1,"covered":1,"skipped":0,"pct":100},"statements":{"total":1,"covered":1,"skipped":0,"pct":100},"branches":{"total":0,"covered":0,"skipped":0,"pct":100}}
,"/home/runner/work/macpro-mako/macpro-mako/lib/libs/email/preview/InitialSubmissions/State/Waiver1915bContracting/Initial.tsx": {"lines":{"total":1,"covered":1,"skipped":0,"pct":100},"functions":{"total":1,"covered":1,"skipped":0,"pct":100},"statements":{"total":1,"covered":1,"skipped":0,"pct":100},"branches":{"total":0,"covered":0,"skipped":0,"pct":100}}
,"/home/runner/work/macpro-mako/macpro-mako/lib/libs/email/preview/InitialSubmissions/State/Waiver1915bContracting/Renewal.tsx": {"lines":{"total":1,"covered":1,"skipped":0,"pct":100},"functions":{"total":1,"covered":1,"skipped":0,"pct":100},"statements":{"total":1,"covered":1,"skipped":0,"pct":100},"branches":{"total":0,"covered":0,"skipped":0,"pct":100}}
,"/home/runner/work/macpro-mako/macpro-mako/lib/libs/email/preview/RespondToRai/CMS/CHIP_SPA.tsx": {"lines":{"total":1,"covered":1,"skipped":0,"pct":100},"functions":{"total":1,"covered":1,"skipped":0,"pct":100},"statements":{"total":1,"covered":1,"skipped":0,"pct":100},"branches":{"total":0,"covered":0,"skipped":0,"pct":100}}
,"/home/runner/work/macpro-mako/macpro-mako/lib/libs/email/preview/RespondToRai/CMS/Medicaid_SPA.tsx": {"lines":{"total":1,"covered":1,"skipped":0,"pct":100},"functions":{"total":1,"covered":1,"skipped":0,"pct":100},"statements":{"total":1,"covered":1,"skipped":0,"pct":100},"branches":{"total":0,"covered":0,"skipped":0,"pct":100}}
,"/home/runner/work/macpro-mako/macpro-mako/lib/libs/email/preview/RespondToRai/CMS/Waiver.tsx": {"lines":{"total":1,"covered":1,"skipped":0,"pct":100},"functions":{"total":1,"covered":1,"skipped":0,"pct":100},"statements":{"total":1,"covered":1,"skipped":0,"pct":100},"branches":{"total":0,"covered":0,"skipped":0,"pct":100}}
,"/home/runner/work/macpro-mako/macpro-mako/lib/libs/email/preview/RespondToRai/State/CHIP_SPA.tsx": {"lines":{"total":1,"covered":1,"skipped":0,"pct":100},"functions":{"total":1,"covered":1,"skipped":0,"pct":100},"statements":{"total":1,"covered":1,"skipped":0,"pct":100},"branches":{"total":0,"covered":0,"skipped":0,"pct":100}}
,"/home/runner/work/macpro-mako/macpro-mako/lib/libs/email/preview/RespondToRai/State/Medicaid_SPA.tsx": {"lines":{"total":1,"covered":1,"skipped":0,"pct":100},"functions":{"total":1,"covered":1,"skipped":0,"pct":100},"statements":{"total":1,"covered":1,"skipped":0,"pct":100},"branches":{"total":0,"covered":0,"skipped":0,"pct":100}}
,"/home/runner/work/macpro-mako/macpro-mako/lib/libs/email/preview/RespondToRai/State/Waiver.tsx": {"lines":{"total":1,"covered":1,"skipped":0,"pct":100},"functions":{"total":1,"covered":1,"skipped":0,"pct":100},"statements":{"total":1,"covered":1,"skipped":0,"pct":100},"branches":{"total":0,"covered":0,"skipped":0,"pct":100}}
,"/home/runner/work/macpro-mako/macpro-mako/lib/libs/email/preview/UploadSubsequentDocuments/CMS/AppK.tsx": {"lines":{"total":2,"covered":2,"skipped":0,"pct":100},"functions":{"total":1,"covered":1,"skipped":0,"pct":100},"statements":{"total":2,"covered":2,"skipped":0,"pct":100},"branches":{"total":0,"covered":0,"skipped":0,"pct":100}}
,"/home/runner/work/macpro-mako/macpro-mako/lib/libs/email/preview/UploadSubsequentDocuments/CMS/CHIP_SPA.tsx": {"lines":{"total":2,"covered":2,"skipped":0,"pct":100},"functions":{"total":1,"covered":1,"skipped":0,"pct":100},"statements":{"total":2,"covered":2,"skipped":0,"pct":100},"branches":{"total":0,"covered":0,"skipped":0,"pct":100}}
,"/home/runner/work/macpro-mako/macpro-mako/lib/libs/email/preview/UploadSubsequentDocuments/CMS/MED_SPA.tsx": {"lines":{"total":2,"covered":2,"skipped":0,"pct":100},"functions":{"total":1,"covered":1,"skipped":0,"pct":100},"statements":{"total":2,"covered":2,"skipped":0,"pct":100},"branches":{"total":0,"covered":0,"skipped":0,"pct":100}}
,"/home/runner/work/macpro-mako/macpro-mako/lib/libs/email/preview/UploadSubsequentDocuments/CMS/Waiver1915b.tsx": {"lines":{"total":2,"covered":2,"skipped":0,"pct":100},"functions":{"total":1,"covered":1,"skipped":0,"pct":100},"statements":{"total":2,"covered":2,"skipped":0,"pct":100},"branches":{"total":0,"covered":0,"skipped":0,"pct":100}}
,"/home/runner/work/macpro-mako/macpro-mako/lib/libs/email/preview/UploadSubsequentDocuments/State/AppK.tsx": {"lines":{"total":2,"covered":2,"skipped":0,"pct":100},"functions":{"total":1,"covered":1,"skipped":0,"pct":100},"statements":{"total":2,"covered":2,"skipped":0,"pct":100},"branches":{"total":0,"covered":0,"skipped":0,"pct":100}}
,"/home/runner/work/macpro-mako/macpro-mako/lib/libs/email/preview/UploadSubsequentDocuments/State/CHIP_SPA.tsx": {"lines":{"total":2,"covered":2,"skipped":0,"pct":100},"functions":{"total":1,"covered":1,"skipped":0,"pct":100},"statements":{"total":2,"covered":2,"skipped":0,"pct":100},"branches":{"total":0,"covered":0,"skipped":0,"pct":100}}
,"/home/runner/work/macpro-mako/macpro-mako/lib/libs/email/preview/UploadSubsequentDocuments/State/MED_SPA.tsx": {"lines":{"total":2,"covered":2,"skipped":0,"pct":100},"functions":{"total":1,"covered":1,"skipped":0,"pct":100},"statements":{"total":2,"covered":2,"skipped":0,"pct":100},"branches":{"total":0,"covered":0,"skipped":0,"pct":100}}
,"/home/runner/work/macpro-mako/macpro-mako/lib/libs/email/preview/UploadSubsequentDocuments/State/Waiver1915b.tsx": {"lines":{"total":2,"covered":2,"skipped":0,"pct":100},"functions":{"total":1,"covered":1,"skipped":0,"pct":100},"statements":{"total":2,"covered":2,"skipped":0,"pct":100},"branches":{"total":0,"covered":0,"skipped":0,"pct":100}}
,"/home/runner/work/macpro-mako/macpro-mako/lib/libs/email/preview/WithdrawConfirmation/State/AppK.tsx": {"lines":{"total":1,"covered":1,"skipped":0,"pct":100},"functions":{"total":1,"covered":1,"skipped":0,"pct":100},"statements":{"total":1,"covered":1,"skipped":0,"pct":100},"branches":{"total":0,"covered":0,"skipped":0,"pct":100}}
,"/home/runner/work/macpro-mako/macpro-mako/lib/libs/email/preview/WithdrawConfirmation/State/CHIP_SPA.tsx": {"lines":{"total":1,"covered":1,"skipped":0,"pct":100},"functions":{"total":1,"covered":1,"skipped":0,"pct":100},"statements":{"total":1,"covered":1,"skipped":0,"pct":100},"branches":{"total":0,"covered":0,"skipped":0,"pct":100}}
,"/home/runner/work/macpro-mako/macpro-mako/lib/libs/email/preview/WithdrawConfirmation/State/Medicaid_SPA.tsx": {"lines":{"total":1,"covered":1,"skipped":0,"pct":100},"functions":{"total":1,"covered":1,"skipped":0,"pct":100},"statements":{"total":1,"covered":1,"skipped":0,"pct":100},"branches":{"total":0,"covered":0,"skipped":0,"pct":100}}
,"/home/runner/work/macpro-mako/macpro-mako/lib/libs/email/preview/WithdrawConfirmation/State/Waiver.tsx": {"lines":{"total":1,"covered":1,"skipped":0,"pct":100},"functions":{"total":1,"covered":1,"skipped":0,"pct":100},"statements":{"total":1,"covered":1,"skipped":0,"pct":100},"branches":{"total":0,"covered":0,"skipped":0,"pct":100}}
,"/home/runner/work/macpro-mako/macpro-mako/lib/libs/email/preview/WithdrawPackage/CMS/AppK.tsx": {"lines":{"total":1,"covered":1,"skipped":0,"pct":100},"functions":{"total":1,"covered":1,"skipped":0,"pct":100},"statements":{"total":1,"covered":1,"skipped":0,"pct":100},"branches":{"total":0,"covered":0,"skipped":0,"pct":100}}
,"/home/runner/work/macpro-mako/macpro-mako/lib/libs/email/preview/WithdrawPackage/CMS/CHIP_SPA.tsx": {"lines":{"total":1,"covered":1,"skipped":0,"pct":100},"functions":{"total":1,"covered":1,"skipped":0,"pct":100},"statements":{"total":1,"covered":1,"skipped":0,"pct":100},"branches":{"total":0,"covered":0,"skipped":0,"pct":100}}
,"/home/runner/work/macpro-mako/macpro-mako/lib/libs/email/preview/WithdrawPackage/CMS/Medicaid_SPA.tsx": {"lines":{"total":1,"covered":1,"skipped":0,"pct":100},"functions":{"total":1,"covered":1,"skipped":0,"pct":100},"statements":{"total":1,"covered":1,"skipped":0,"pct":100},"branches":{"total":0,"covered":0,"skipped":0,"pct":100}}
,"/home/runner/work/macpro-mako/macpro-mako/lib/libs/email/preview/WithdrawPackage/CMS/Waiver_Capitated.tsx": {"lines":{"total":1,"covered":1,"skipped":0,"pct":100},"functions":{"total":1,"covered":1,"skipped":0,"pct":100},"statements":{"total":1,"covered":1,"skipped":0,"pct":100},"branches":{"total":0,"covered":0,"skipped":0,"pct":100}}
,"/home/runner/work/macpro-mako/macpro-mako/lib/libs/email/preview/WithdrawPackage/State/AppK.tsx": {"lines":{"total":1,"covered":1,"skipped":0,"pct":100},"functions":{"total":1,"covered":1,"skipped":0,"pct":100},"statements":{"total":1,"covered":1,"skipped":0,"pct":100},"branches":{"total":0,"covered":0,"skipped":0,"pct":100}}
,"/home/runner/work/macpro-mako/macpro-mako/lib/libs/email/preview/WithdrawPackage/State/CHIP_SPA.tsx": {"lines":{"total":1,"covered":1,"skipped":0,"pct":100},"functions":{"total":1,"covered":1,"skipped":0,"pct":100},"statements":{"total":1,"covered":1,"skipped":0,"pct":100},"branches":{"total":0,"covered":0,"skipped":0,"pct":100}}
,"/home/runner/work/macpro-mako/macpro-mako/lib/libs/email/preview/WithdrawPackage/State/Medicaid_SPA.tsx": {"lines":{"total":1,"covered":1,"skipped":0,"pct":100},"functions":{"total":1,"covered":1,"skipped":0,"pct":100},"statements":{"total":1,"covered":1,"skipped":0,"pct":100},"branches":{"total":0,"covered":0,"skipped":0,"pct":100}}
,"/home/runner/work/macpro-mako/macpro-mako/lib/libs/email/preview/WithdrawPackage/State/Waiver_Capitated.tsx": {"lines":{"total":1,"covered":1,"skipped":0,"pct":100},"functions":{"total":1,"covered":1,"skipped":0,"pct":100},"statements":{"total":1,"covered":1,"skipped":0,"pct":100},"branches":{"total":0,"covered":0,"skipped":0,"pct":100}}
,"/home/runner/work/macpro-mako/macpro-mako/lib/packages/shared-types/actions.ts": {"lines":{"total":13,"covered":13,"skipped":0,"pct":100},"functions":{"total":2,"covered":2,"skipped":0,"pct":100},"statements":{"total":15,"covered":15,"skipped":0,"pct":100},"branches":{"total":2,"covered":2,"skipped":0,"pct":100}}
,"/home/runner/work/macpro-mako/macpro-mako/lib/packages/shared-types/attachments.ts": {"lines":{"total":18,"covered":12,"skipped":0,"pct":66.66},"functions":{"total":6,"covered":4,"skipped":0,"pct":66.66},"statements":{"total":25,"covered":16,"skipped":0,"pct":64},"branches":{"total":20,"covered":8,"skipped":0,"pct":40}}
,"/home/runner/work/macpro-mako/macpro-mako/lib/packages/shared-types/authority.ts": {"lines":{"total":5,"covered":5,"skipped":0,"pct":100},"functions":{"total":2,"covered":2,"skipped":0,"pct":100},"statements":{"total":7,"covered":7,"skipped":0,"pct":100},"branches":{"total":2,"covered":2,"skipped":0,"pct":100}}
,"/home/runner/work/macpro-mako/macpro-mako/lib/packages/shared-types/forms.ts": {"lines":{"total":1,"covered":1,"skipped":0,"pct":100},"functions":{"total":0,"covered":0,"skipped":0,"pct":100},"statements":{"total":2,"covered":2,"skipped":0,"pct":100},"branches":{"total":0,"covered":0,"skipped":0,"pct":100}}
,"/home/runner/work/macpro-mako/macpro-mako/lib/packages/shared-types/issue.ts": {"lines":{"total":7,"covered":7,"skipped":0,"pct":100},"functions":{"total":0,"covered":0,"skipped":0,"pct":100},"statements":{"total":13,"covered":13,"skipped":0,"pct":100},"branches":{"total":0,"covered":0,"skipped":0,"pct":100}}
,"/home/runner/work/macpro-mako/macpro-mako/lib/packages/shared-types/notification.ts": {"lines":{"total":1,"covered":1,"skipped":0,"pct":100},"functions":{"total":0,"covered":0,"skipped":0,"pct":100},"statements":{"total":2,"covered":2,"skipped":0,"pct":100},"branches":{"total":0,"covered":0,"skipped":0,"pct":100}}
,"/home/runner/work/macpro-mako/macpro-mako/lib/packages/shared-types/states.ts": {"lines":{"total":2,"covered":2,"skipped":0,"pct":100},"functions":{"total":0,"covered":0,"skipped":0,"pct":100},"statements":{"total":4,"covered":4,"skipped":0,"pct":100},"branches":{"total":0,"covered":0,"skipped":0,"pct":100}}
,"/home/runner/work/macpro-mako/macpro-mako/lib/packages/shared-types/statusHelper.ts": {"lines":{"total":8,"covered":8,"skipped":0,"pct":100},"functions":{"total":2,"covered":1,"skipped":0,"pct":50},"statements":{"total":15,"covered":15,"skipped":0,"pct":100},"branches":{"total":4,"covered":4,"skipped":0,"pct":100}}
,"/home/runner/work/macpro-mako/macpro-mako/lib/packages/shared-types/uploads.ts": {"lines":{"total":1,"covered":1,"skipped":0,"pct":100},"functions":{"total":0,"covered":0,"skipped":0,"pct":100},"statements":{"total":2,"covered":2,"skipped":0,"pct":100},"branches":{"total":0,"covered":0,"skipped":0,"pct":100}}
,"/home/runner/work/macpro-mako/macpro-mako/lib/packages/shared-types/user.ts": {"lines":{"total":14,"covered":14,"skipped":0,"pct":100},"functions":{"total":2,"covered":2,"skipped":0,"pct":100},"statements":{"total":22,"covered":22,"skipped":0,"pct":100},"branches":{"total":2,"covered":2,"skipped":0,"pct":100}}
,"/home/runner/work/macpro-mako/macpro-mako/lib/packages/shared-types/events/app-k.ts": {"lines":{"total":3,"covered":3,"skipped":0,"pct":100},"functions":{"total":1,"covered":1,"skipped":0,"pct":100},"statements":{"total":5,"covered":5,"skipped":0,"pct":100},"branches":{"total":0,"covered":0,"skipped":0,"pct":100}}
,"/home/runner/work/macpro-mako/macpro-mako/lib/packages/shared-types/events/base-schema.ts": {"lines":{"total":5,"covered":5,"skipped":0,"pct":100},"functions":{"total":0,"covered":0,"skipped":0,"pct":100},"statements":{"total":10,"covered":10,"skipped":0,"pct":100},"branches":{"total":0,"covered":0,"skipped":0,"pct":100}}
,"/home/runner/work/macpro-mako/macpro-mako/lib/packages/shared-types/events/capitated-amendment.ts": {"lines":{"total":3,"covered":3,"skipped":0,"pct":100},"functions":{"total":1,"covered":1,"skipped":0,"pct":100},"statements":{"total":5,"covered":5,"skipped":0,"pct":100},"branches":{"total":0,"covered":0,"skipped":0,"pct":100}}
,"/home/runner/work/macpro-mako/macpro-mako/lib/packages/shared-types/events/capitated-initial.ts": {"lines":{"total":3,"covered":3,"skipped":0,"pct":100},"functions":{"total":1,"covered":1,"skipped":0,"pct":100},"statements":{"total":5,"covered":5,"skipped":0,"pct":100},"branches":{"total":0,"covered":0,"skipped":0,"pct":100}}
,"/home/runner/work/macpro-mako/macpro-mako/lib/packages/shared-types/events/capitated-renewal.ts": {"lines":{"total":3,"covered":3,"skipped":0,"pct":100},"functions":{"total":1,"covered":1,"skipped":0,"pct":100},"statements":{"total":5,"covered":5,"skipped":0,"pct":100},"branches":{"total":0,"covered":0,"skipped":0,"pct":100}}
,"/home/runner/work/macpro-mako/macpro-mako/lib/packages/shared-types/events/contracting-amendment.ts": {"lines":{"total":3,"covered":3,"skipped":0,"pct":100},"functions":{"total":1,"covered":1,"skipped":0,"pct":100},"statements":{"total":5,"covered":5,"skipped":0,"pct":100},"branches":{"total":0,"covered":0,"skipped":0,"pct":100}}
,"/home/runner/work/macpro-mako/macpro-mako/lib/packages/shared-types/events/contracting-initial.ts": {"lines":{"total":3,"covered":3,"skipped":0,"pct":100},"functions":{"total":1,"covered":1,"skipped":0,"pct":100},"statements":{"total":5,"covered":5,"skipped":0,"pct":100},"branches":{"total":0,"covered":0,"skipped":0,"pct":100}}
,"/home/runner/work/macpro-mako/macpro-mako/lib/packages/shared-types/events/contracting-renewal.ts": {"lines":{"total":3,"covered":3,"skipped":0,"pct":100},"functions":{"total":1,"covered":1,"skipped":0,"pct":100},"statements":{"total":5,"covered":5,"skipped":0,"pct":100},"branches":{"total":0,"covered":0,"skipped":0,"pct":100}}
,"/home/runner/work/macpro-mako/macpro-mako/lib/packages/shared-types/events/index.ts": {"lines":{"total":1,"covered":1,"skipped":0,"pct":100},"functions":{"total":0,"covered":0,"skipped":0,"pct":100},"statements":{"total":2,"covered":2,"skipped":0,"pct":100},"branches":{"total":0,"covered":0,"skipped":0,"pct":100}}
,"/home/runner/work/macpro-mako/macpro-mako/lib/packages/shared-types/events/legacy-user.ts": {"lines":{"total":21,"covered":21,"skipped":0,"pct":100},"functions":{"total":10,"covered":3,"skipped":0,"pct":30},"statements":{"total":41,"covered":38,"skipped":0,"pct":92.68},"branches":{"total":4,"covered":3,"skipped":0,"pct":75}}
,"/home/runner/work/macpro-mako/macpro-mako/lib/packages/shared-types/events/new-chip-details-submission.ts": {"lines":{"total":3,"covered":3,"skipped":0,"pct":100},"functions":{"total":1,"covered":1,"skipped":0,"pct":100},"statements":{"total":5,"covered":5,"skipped":0,"pct":100},"branches":{"total":0,"covered":0,"skipped":0,"pct":100}}
,"/home/runner/work/macpro-mako/macpro-mako/lib/packages/shared-types/events/new-chip-submission.ts": {"lines":{"total":3,"covered":3,"skipped":0,"pct":100},"functions":{"total":1,"covered":1,"skipped":0,"pct":100},"statements":{"total":5,"covered":5,"skipped":0,"pct":100},"branches":{"total":0,"covered":0,"skipped":0,"pct":100}}
,"/home/runner/work/macpro-mako/macpro-mako/lib/packages/shared-types/events/new-medicaid-submission.ts": {"lines":{"total":3,"covered":3,"skipped":0,"pct":100},"functions":{"total":1,"covered":1,"skipped":0,"pct":100},"statements":{"total":5,"covered":5,"skipped":0,"pct":100},"branches":{"total":0,"covered":0,"skipped":0,"pct":100}}
,"/home/runner/work/macpro-mako/macpro-mako/lib/packages/shared-types/events/remove-appk-child.ts": {"lines":{"total":1,"covered":1,"skipped":0,"pct":100},"functions":{"total":0,"covered":0,"skipped":0,"pct":100},"statements":{"total":2,"covered":2,"skipped":0,"pct":100},"branches":{"total":0,"covered":0,"skipped":0,"pct":100}}
,"/home/runner/work/macpro-mako/macpro-mako/lib/packages/shared-types/events/respond-to-rai.ts": {"lines":{"total":5,"covered":5,"skipped":0,"pct":100},"functions":{"total":0,"covered":0,"skipped":0,"pct":100},"statements":{"total":10,"covered":10,"skipped":0,"pct":100},"branches":{"total":0,"covered":0,"skipped":0,"pct":100}}
,"/home/runner/work/macpro-mako/macpro-mako/lib/packages/shared-types/events/seatool.ts": {"lines":{"total":4,"covered":4,"skipped":0,"pct":100},"functions":{"total":2,"covered":2,"skipped":0,"pct":100},"statements":{"total":6,"covered":6,"skipped":0,"pct":100},"branches":{"total":4,"covered":2,"skipped":0,"pct":50}}
,"/home/runner/work/macpro-mako/macpro-mako/lib/packages/shared-types/events/split-spa.ts": {"lines":{"total":2,"covered":2,"skipped":0,"pct":100},"functions":{"total":0,"covered":0,"skipped":0,"pct":100},"statements":{"total":4,"covered":4,"skipped":0,"pct":100},"branches":{"total":0,"covered":0,"skipped":0,"pct":100}}
,"/home/runner/work/macpro-mako/macpro-mako/lib/packages/shared-types/events/temporary-extension.ts": {"lines":{"total":3,"covered":3,"skipped":0,"pct":100},"functions":{"total":1,"covered":1,"skipped":0,"pct":100},"statements":{"total":5,"covered":5,"skipped":0,"pct":100},"branches":{"total":0,"covered":0,"skipped":0,"pct":100}}
,"/home/runner/work/macpro-mako/macpro-mako/lib/packages/shared-types/events/toggle-withdraw-rai.ts": {"lines":{"total":2,"covered":2,"skipped":0,"pct":100},"functions":{"total":0,"covered":0,"skipped":0,"pct":100},"statements":{"total":4,"covered":4,"skipped":0,"pct":100},"branches":{"total":0,"covered":0,"skipped":0,"pct":100}}
,"/home/runner/work/macpro-mako/macpro-mako/lib/packages/shared-types/events/update-id.ts": {"lines":{"total":1,"covered":1,"skipped":0,"pct":100},"functions":{"total":0,"covered":0,"skipped":0,"pct":100},"statements":{"total":2,"covered":2,"skipped":0,"pct":100},"branches":{"total":0,"covered":0,"skipped":0,"pct":100}}
,"/home/runner/work/macpro-mako/macpro-mako/lib/packages/shared-types/events/upload-subsequent-documents.ts": {"lines":{"total":2,"covered":2,"skipped":0,"pct":100},"functions":{"total":0,"covered":0,"skipped":0,"pct":100},"statements":{"total":4,"covered":4,"skipped":0,"pct":100},"branches":{"total":0,"covered":0,"skipped":0,"pct":100}}
,"/home/runner/work/macpro-mako/macpro-mako/lib/packages/shared-types/events/withdraw-package.ts": {"lines":{"total":4,"covered":4,"skipped":0,"pct":100},"functions":{"total":0,"covered":0,"skipped":0,"pct":100},"statements":{"total":8,"covered":8,"skipped":0,"pct":100},"branches":{"total":0,"covered":0,"skipped":0,"pct":100}}
,"/home/runner/work/macpro-mako/macpro-mako/lib/packages/shared-types/events/withdraw-rai.ts": {"lines":{"total":5,"covered":5,"skipped":0,"pct":100},"functions":{"total":3,"covered":3,"skipped":0,"pct":100},"statements":{"total":7,"covered":7,"skipped":0,"pct":100},"branches":{"total":2,"covered":1,"skipped":0,"pct":50}}
,"/home/runner/work/macpro-mako/macpro-mako/lib/packages/shared-types/opensearch/changelog/index.ts": {"lines":{"total":1,"covered":1,"skipped":0,"pct":100},"functions":{"total":0,"covered":0,"skipped":0,"pct":100},"statements":{"total":2,"covered":2,"skipped":0,"pct":100},"branches":{"total":0,"covered":0,"skipped":0,"pct":100}}
,"/home/runner/work/macpro-mako/macpro-mako/lib/packages/shared-types/opensearch/changelog/transforms/app-k.ts": {"lines":{"total":7,"covered":6,"skipped":0,"pct":85.71},"functions":{"total":8,"covered":7,"skipped":0,"pct":87.5},"statements":{"total":11,"covered":10,"skipped":0,"pct":90.9},"branches":{"total":9,"covered":6,"skipped":0,"pct":66.66}}
,"/home/runner/work/macpro-mako/macpro-mako/lib/packages/shared-types/opensearch/changelog/transforms/capitated-amendment.ts": {"lines":{"total":7,"covered":6,"skipped":0,"pct":85.71},"functions":{"total":8,"covered":7,"skipped":0,"pct":87.5},"statements":{"total":11,"covered":10,"skipped":0,"pct":90.9},"branches":{"total":9,"covered":6,"skipped":0,"pct":66.66}}
,"/home/runner/work/macpro-mako/macpro-mako/lib/packages/shared-types/opensearch/changelog/transforms/capitated-initial.ts": {"lines":{"total":7,"covered":6,"skipped":0,"pct":85.71},"functions":{"total":8,"covered":7,"skipped":0,"pct":87.5},"statements":{"total":11,"covered":10,"skipped":0,"pct":90.9},"branches":{"total":9,"covered":6,"skipped":0,"pct":66.66}}
,"/home/runner/work/macpro-mako/macpro-mako/lib/packages/shared-types/opensearch/changelog/transforms/capitated-renewal.ts": {"lines":{"total":7,"covered":6,"skipped":0,"pct":85.71},"functions":{"total":8,"covered":7,"skipped":0,"pct":87.5},"statements":{"total":11,"covered":10,"skipped":0,"pct":90.9},"branches":{"total":9,"covered":6,"skipped":0,"pct":66.66}}
,"/home/runner/work/macpro-mako/macpro-mako/lib/packages/shared-types/opensearch/changelog/transforms/contracting-amendment.ts": {"lines":{"total":7,"covered":6,"skipped":0,"pct":85.71},"functions":{"total":8,"covered":7,"skipped":0,"pct":87.5},"statements":{"total":11,"covered":10,"skipped":0,"pct":90.9},"branches":{"total":9,"covered":6,"skipped":0,"pct":66.66}}
[...]
,"/home/runner/work/macpro-mako/macpro-mako/react-app/src/features/sign-up/sign-up.tsx": {"lines":{"total":7,"covered":7,"skipped":0,"pct":100},"functions":{"total":3,"covered":3,"skipped":0,"pct":100},"statements":{"total":8,"covered":8,"skipped":0,"pct":100},"branches":{"total":2,"covered":2,"skipped":0,"pct":100}}
,"/home/runner/work/macpro-mako/macpro-mako/react-app/src/features/sign-up/stateConfirmation.tsx": {"lines":{"total":27,"covered":25,"skipped":0,"pct":92.59},"functions":{"total":9,"covered":6,"skipped":0,"pct":66.66},"statements":{"total":28,"covered":26,"skipped":0,"pct":92.85},"branches":{"total":10,"covered":8,"skipped":0,"pct":80}}
,"/home/runner/work/macpro-mako/macpro-mako/react-app/src/features/sign-up/stateRoleSignup.tsx": {"lines":{"total":21,"covered":20,"skipped":0,"pct":95.23},"functions":{"total":7,"covered":6,"skipped":0,"pct":85.71},"statements":{"total":22,"covered":21,"skipped":0,"pct":95.45},"branches":{"total":10,"covered":7,"skipped":0,"pct":70}}
,"/home/runner/work/macpro-mako/macpro-mako/react-app/src/features/sign-up/stateSignup.tsx": {"lines":{"total":32,"covered":31,"skipped":0,"pct":96.87},"functions":{"total":8,"covered":7,"skipped":0,"pct":87.5},"statements":{"total":32,"covered":31,"skipped":0,"pct":96.87},"branches":{"total":25,"covered":21,"skipped":0,"pct":84}}
,"/home/runner/work/macpro-mako/macpro-mako/react-app/src/features/support/SupportMockContent.tsx": {"lines":{"total":3,"covered":3,"skipped":0,"pct":100},"functions":{"total":0,"covered":0,"skipped":0,"pct":100},"statements":{"total":3,"covered":3,"skipped":0,"pct":100},"branches":{"total":0,"covered":0,"skipped":0,"pct":100}}
,"/home/runner/work/macpro-mako/macpro-mako/react-app/src/features/support/SupportPage.tsx": {"lines":{"total":57,"covered":47,"skipped":0,"pct":82.45},"functions":{"total":18,"covered":16,"skipped":0,"pct":88.88},"statements":{"total":63,"covered":51,"skipped":0,"pct":80.95},"branches":{"total":37,"covered":23,"skipped":0,"pct":62.16}}
,"/home/runner/work/macpro-mako/macpro-mako/react-app/src/features/user-roles/UserManagement.tsx": {"lines":{"total":75,"covered":41,"skipped":0,"pct":54.66},"functions":{"total":17,"covered":7,"skipped":0,"pct":41.17},"statements":{"total":80,"covered":43,"skipped":0,"pct":53.75},"branches":{"total":55,"covered":36,"skipped":0,"pct":65.45}}
,"/home/runner/work/macpro-mako/macpro-mako/react-app/src/features/user-roles/utils.tsx": {"lines":{"total":26,"covered":24,"skipped":0,"pct":92.3},"functions":{"total":9,"covered":9,"skipped":0,"pct":100},"statements":{"total":35,"covered":33,"skipped":0,"pct":94.28},"branches":{"total":23,"covered":20,"skipped":0,"pct":86.95}}
,"/home/runner/work/macpro-mako/macpro-mako/react-app/src/features/welcome/cms.tsx": {"lines":{"total":4,"covered":4,"skipped":0,"pct":100},"functions":{"total":2,"covered":2,"skipped":0,"pct":100},"statements":{"total":4,"covered":4,"skipped":0,"pct":100},"branches":{"total":3,"covered":2,"skipped":0,"pct":66.66}}
,"/home/runner/work/macpro-mako/macpro-mako/react-app/src/features/welcome/default.tsx": {"lines":{"total":2,"covered":2,"skipped":0,"pct":100},"functions":{"total":1,"covered":1,"skipped":0,"pct":100},"statements":{"total":2,"covered":2,"skipped":0,"pct":100},"branches":{"total":2,"covered":2,"skipped":0,"pct":100}}
,"/home/runner/work/macpro-mako/macpro-mako/react-app/src/features/welcome/packageSearch.tsx": {"lines":{"total":14,"covered":14,"skipped":0,"pct":100},"functions":{"total":6,"covered":6,"skipped":0,"pct":100},"statements":{"total":14,"covered":14,"skipped":0,"pct":100},"branches":{"total":0,"covered":0,"skipped":0,"pct":100}}
,"/home/runner/work/macpro-mako/macpro-mako/react-app/src/features/welcome/state.tsx": {"lines":{"total":8,"covered":8,"skipped":0,"pct":100},"functions":{"total":4,"covered":4,"skipped":0,"pct":100},"statements":{"total":8,"covered":8,"skipped":0,"pct":100},"branches":{"total":12,"covered":11,"skipped":0,"pct":91.66}}
,"/home/runner/work/macpro-mako/macpro-mako/react-app/src/features/welcome/utils.ts": {"lines":{"total":18,"covered":16,"skipped":0,"pct":88.88},"functions":{"total":3,"covered":3,"skipped":0,"pct":100},"statements":{"total":18,"covered":16,"skipped":0,"pct":88.88},"branches":{"total":12,"covered":10,"skipped":0,"pct":83.33}}
,"/home/runner/work/macpro-mako/macpro-mako/react-app/src/features/welcome/wrapper.tsx": {"lines":{"total":7,"covered":7,"skipped":0,"pct":100},"functions":{"total":1,"covered":1,"skipped":0,"pct":100},"statements":{"total":7,"covered":7,"skipped":0,"pct":100},"branches":{"total":10,"covered":9,"skipped":0,"pct":90}}
,"/home/runner/work/macpro-mako/macpro-mako/react-app/src/formSchemas/app-k.ts": {"lines":{"total":2,"covered":2,"skipped":0,"pct":100},"functions":{"total":1,"covered":1,"skipped":0,"pct":100},"statements":{"total":2,"covered":2,"skipped":0,"pct":100},"branches":{"total":0,"covered":0,"skipped":0,"pct":100}}
,"/home/runner/work/macpro-mako/macpro-mako/react-app/src/formSchemas/capitated-amendment.ts": {"lines":{"total":5,"covered":5,"skipped":0,"pct":100},"functions":{"total":4,"covered":4,"skipped":0,"pct":100},"statements":{"total":5,"covered":5,"skipped":0,"pct":100},"branches":{"total":0,"covered":0,"skipped":0,"pct":100}}
,"/home/runner/work/macpro-mako/macpro-mako/react-app/src/formSchemas/capitated-initial.ts": {"lines":{"total":2,"covered":2,"skipped":0,"pct":100},"functions":{"total":1,"covered":1,"skipped":0,"pct":100},"statements":{"total":2,"covered":2,"skipped":0,"pct":100},"branches":{"total":0,"covered":0,"skipped":0,"pct":100}}
,"/home/runner/work/macpro-mako/macpro-mako/react-app/src/formSchemas/capitated-renewal.ts": {"lines":{"total":5,"covered":5,"skipped":0,"pct":100},"functions":{"total":4,"covered":4,"skipped":0,"pct":100},"statements":{"total":5,"covered":5,"skipped":0,"pct":100},"branches":{"total":0,"covered":0,"skipped":0,"pct":100}}
,"/home/runner/work/macpro-mako/macpro-mako/react-app/src/formSchemas/contracting-amendment.ts": {"lines":{"total":5,"covered":5,"skipped":0,"pct":100},"functions":{"total":4,"covered":4,"skipped":0,"pct":100},"statements":{"total":5,"covered":5,"skipped":0,"pct":100},"branches":{"total":0,"covered":0,"skipped":0,"pct":100}}
,"/home/runner/work/macpro-mako/macpro-mako/react-app/src/formSchemas/contracting-initial.ts": {"lines":{"total":2,"covered":2,"skipped":0,"pct":100},"functions":{"total":1,"covered":1,"skipped":0,"pct":100},"statements":{"total":2,"covered":2,"skipped":0,"pct":100},"branches":{"total":0,"covered":0,"skipped":0,"pct":100}}
,"/home/runner/work/macpro-mako/macpro-mako/react-app/src/formSchemas/contracting-renewal.ts": {"lines":{"total":5,"covered":5,"skipped":0,"pct":100},"functions":{"total":4,"covered":4,"skipped":0,"pct":100},"statements":{"total":5,"covered":5,"skipped":0,"pct":100},"branches":{"total":0,"covered":0,"skipped":0,"pct":100}}
,"/home/runner/work/macpro-mako/macpro-mako/react-app/src/formSchemas/index.ts": {"lines":{"total":1,"covered":1,"skipped":0,"pct":100},"functions":{"total":0,"covered":0,"skipped":0,"pct":100},"statements":{"total":1,"covered":1,"skipped":0,"pct":100},"branches":{"total":0,"covered":0,"skipped":0,"pct":100}}
,"/home/runner/work/macpro-mako/macpro-mako/react-app/src/formSchemas/new-chip-details-submission.ts": {"lines":{"total":2,"covered":2,"skipped":0,"pct":100},"functions":{"total":1,"covered":1,"skipped":0,"pct":100},"statements":{"total":2,"covered":2,"skipped":0,"pct":100},"branches":{"total":0,"covered":0,"skipped":0,"pct":100}}
,"/home/runner/work/macpro-mako/macpro-mako/react-app/src/formSchemas/new-chip-submission.ts": {"lines":{"total":2,"covered":2,"skipped":0,"pct":100},"functions":{"total":1,"covered":1,"skipped":0,"pct":100},"statements":{"total":2,"covered":2,"skipped":0,"pct":100},"branches":{"total":0,"covered":0,"skipped":0,"pct":100}}
,"/home/runner/work/macpro-mako/macpro-mako/react-app/src/formSchemas/new-medicaid-submission.ts": {"lines":{"total":2,"covered":2,"skipped":0,"pct":100},"functions":{"total":1,"covered":1,"skipped":0,"pct":100},"statements":{"total":2,"covered":2,"skipped":0,"pct":100},"branches":{"total":0,"covered":0,"skipped":0,"pct":100}}
,"/home/runner/work/macpro-mako/macpro-mako/react-app/src/formSchemas/respond-to-rai.ts": {"lines":{"total":3,"covered":3,"skipped":0,"pct":100},"functions":{"total":0,"covered":0,"skipped":0,"pct":100},"statements":{"total":3,"covered":3,"skipped":0,"pct":100},"branches":{"total":0,"covered":0,"skipped":0,"pct":100}}
,"/home/runner/work/macpro-mako/macpro-mako/react-app/src/formSchemas/split-spa.ts": {"lines":{"total":1,"covered":1,"skipped":0,"pct":100},"functions":{"total":0,"covered":0,"skipped":0,"pct":100},"statements":{"total":1,"covered":1,"skipped":0,"pct":100},"branches":{"total":0,"covered":0,"skipped":0,"pct":100}}
,"/home/runner/work/macpro-mako/macpro-mako/react-app/src/formSchemas/temporary-extension.ts": {"lines":{"total":10,"covered":10,"skipped":0,"pct":100},"functions":{"total":5,"covered":5,"skipped":0,"pct":100},"statements":{"total":10,"covered":10,"skipped":0,"pct":100},"branches":{"total":0,"covered":0,"skipped":0,"pct":100}}
,"/home/runner/work/macpro-mako/macpro-mako/react-app/src/formSchemas/toggle-withdraw-rai.ts": {"lines":{"total":1,"covered":1,"skipped":0,"pct":100},"functions":{"total":0,"covered":0,"skipped":0,"pct":100},"statements":{"total":1,"covered":1,"skipped":0,"pct":100},"branches":{"total":0,"covered":0,"skipped":0,"pct":100}}
,"/home/runner/work/macpro-mako/macpro-mako/react-app/src/formSchemas/upload-subsequent-documents.ts": {"lines":{"total":1,"covered":1,"skipped":0,"pct":100},"functions":{"total":0,"covered":0,"skipped":0,"pct":100},"statements":{"total":1,"covered":1,"skipped":0,"pct":100},"branches":{"total":0,"covered":0,"skipped":0,"pct":100}}
,"/home/runner/work/macpro-mako/macpro-mako/react-app/src/formSchemas/withdraw-package.ts": {"lines":{"total":5,"covered":5,"skipped":0,"pct":100},"functions":{"total":1,"covered":1,"skipped":0,"pct":100},"statements":{"total":5,"covered":5,"skipped":0,"pct":100},"branches":{"total":5,"covered":4,"skipped":0,"pct":80}}
,"/home/runner/work/macpro-mako/macpro-mako/react-app/src/formSchemas/withdraw-rai.ts": {"lines":{"total":1,"covered":1,"skipped":0,"pct":100},"functions":{"total":0,"covered":0,"skipped":0,"pct":100},"statements":{"total":1,"covered":1,"skipped":0,"pct":100},"branches":{"total":0,"covered":0,"skipped":0,"pct":100}}
,"/home/runner/work/macpro-mako/macpro-mako/react-app/src/hooks/useAvailableStates.ts": {"lines":{"total":11,"covered":11,"skipped":0,"pct":100},"functions":{"total":7,"covered":7,"skipped":0,"pct":100},"statements":{"total":14,"covered":14,"skipped":0,"pct":100},"branches":{"total":12,"covered":12,"skipped":0,"pct":100}}
,"/home/runner/work/macpro-mako/macpro-mako/react-app/src/hooks/useDebounce.ts": {"lines":{"total":6,"covered":6,"skipped":0,"pct":100},"functions":{"total":4,"covered":4,"skipped":0,"pct":100},"statements":{"total":7,"covered":7,"skipped":0,"pct":100},"branches":{"total":2,"covered":1,"skipped":0,"pct":50}}
,"/home/runner/work/macpro-mako/macpro-mako/react-app/src/hooks/useFeatureFlag.ts": {"lines":{"total":6,"covered":6,"skipped":0,"pct":100},"functions":{"total":1,"covered":1,"skipped":0,"pct":100},"statements":{"total":6,"covered":6,"skipped":0,"pct":100},"branches":{"total":4,"covered":4,"skipped":0,"pct":100}}
,"/home/runner/work/macpro-mako/macpro-mako/react-app/src/hooks/useHideBanner.ts": {"lines":{"total":4,"covered":4,"skipped":0,"pct":100},"functions":{"total":1,"covered":1,"skipped":0,"pct":100},"statements":{"total":4,"covered":4,"skipped":0,"pct":100},"branches":{"total":0,"covered":0,"skipped":0,"pct":100}}
,"/home/runner/work/macpro-mako/macpro-mako/react-app/src/hooks/useLabelMappings.ts": {"lines":{"total":5,"covered":5,"skipped":0,"pct":100},"functions":{"total":2,"covered":2,"skipped":0,"pct":100},"statements":{"total":5,"covered":5,"skipped":0,"pct":100},"branches":{"total":0,"covered":0,"skipped":0,"pct":100}}
,"/home/runner/work/macpro-mako/macpro-mako/react-app/src/hooks/useLocalStorage.ts": {"lines":{"total":14,"covered":13,"skipped":0,"pct":92.85},"functions":{"total":3,"covered":3,"skipped":0,"pct":100},"statements":{"total":15,"covered":13,"skipped":0,"pct":86.66},"branches":{"total":6,"covered":4,"skipped":0,"pct":66.66}}
,"/home/runner/work/macpro-mako/macpro-mako/react-app/src/hooks/useMediaQuery.ts": {"lines":{"total":13,"covered":12,"skipped":0,"pct":92.3},"functions":{"total":5,"covered":5,"skipped":0,"pct":100},"statements":{"total":13,"covered":12,"skipped":0,"pct":92.3},"branches":{"total":2,"covered":1,"skipped":0,"pct":50}}
,"/home/runner/work/macpro-mako/macpro-mako/react-app/src/hooks/useNavigationPrompt.ts": {"lines":{"total":10,"covered":7,"skipped":0,"pct":70},"functions":{"total":4,"covered":4,"skipped":0,"pct":100},"statements":{"total":10,"covered":7,"skipped":0,"pct":70},"branches":{"total":4,"covered":3,"skipped":0,"pct":75}}
,"/home/runner/work/macpro-mako/macpro-mako/react-app/src/hooks/useParams.ts": {"lines":{"total":36,"covered":30,"skipped":0,"pct":83.33},"functions":{"total":8,"covered":6,"skipped":0,"pct":75},"statements":{"total":40,"covered":32,"skipped":0,"pct":80},"branches":{"total":18,"covered":13,"skipped":0,"pct":72.22}}
,"/home/runner/work/macpro-mako/macpro-mako/react-app/src/hooks/useReadOnlyUser.tsx": {"lines":{"total":10,"covered":10,"skipped":0,"pct":100},"functions":{"total":2,"covered":2,"skipped":0,"pct":100},"statements":{"total":10,"covered":10,"skipped":0,"pct":100},"branches":{"total":2,"covered":2,"skipped":0,"pct":100}}
,"/home/runner/work/macpro-mako/macpro-mako/react-app/src/hooks/useCountdown/index.ts": {"lines":{"total":23,"covered":21,"skipped":0,"pct":91.3},"functions":{"total":9,"covered":9,"skipped":0,"pct":100},"statements":{"total":24,"covered":22,"skipped":0,"pct":91.66},"branches":{"total":4,"covered":3,"skipped":0,"pct":75}}
,"/home/runner/work/macpro-mako/macpro-mako/react-app/src/hooks/useIdle/index.ts": {"lines":{"total":19,"covered":18,"skipped":0,"pct":94.73},"functions":{"total":9,"covered":8,"skipped":0,"pct":88.88},"statements":{"total":21,"covered":20,"skipped":0,"pct":95.23},"branches":{"total":2,"covered":1,"skipped":0,"pct":50}}
,"/home/runner/work/macpro-mako/macpro-mako/react-app/src/utils/basic-observable.ts": {"lines":{"total":11,"covered":11,"skipped":0,"pct":100},"functions":{"total":5,"covered":5,"skipped":0,"pct":100},"statements":{"total":12,"covered":12,"skipped":0,"pct":100},"branches":{"total":0,"covered":0,"skipped":0,"pct":100}}
,"/home/runner/work/macpro-mako/macpro-mako/react-app/src/utils/createContextProvider.ts": {"lines":{"total":11,"covered":7,"skipped":0,"pct":63.63},"functions":{"total":2,"covered":2,"skipped":0,"pct":100},"statements":{"total":11,"covered":7,"skipped":0,"pct":63.63},"branches":{"total":3,"covered":1,"skipped":0,"pct":33.33}}
,"/home/runner/work/macpro-mako/macpro-mako/react-app/src/utils/crumbs.ts": {"lines":{"total":11,"covered":11,"skipped":0,"pct":100},"functions":{"total":5,"covered":5,"skipped":0,"pct":100},"statements":{"total":14,"covered":14,"skipped":0,"pct":100},"branches":{"total":9,"covered":9,"skipped":0,"pct":100}}
,"/home/runner/work/macpro-mako/macpro-mako/react-app/src/utils/formOrigin.ts": {"lines":{"total":14,"covered":13,"skipped":0,"pct":92.85},"functions":{"total":1,"covered":1,"skipped":0,"pct":100},"statements":{"total":14,"covered":13,"skipped":0,"pct":92.85},"branches":{"total":16,"covered":13,"skipped":0,"pct":81.25}}
,"/home/runner/work/macpro-mako/macpro-mako/react-app/src/utils/labelMappers.ts": {"lines":{"total":12,"covered":10,"skipped":0,"pct":83.33},"functions":{"total":1,"covered":1,"skipped":0,"pct":100},"statements":{"total":12,"covered":10,"skipped":0,"pct":83.33},"branches":{"total":10,"covered":8,"skipped":0,"pct":80}}
,"/home/runner/work/macpro-mako/macpro-mako/react-app/src/utils/location.ts": {"lines":{"total":2,"covered":2,"skipped":0,"pct":100},"functions":{"total":0,"covered":0,"skipped":0,"pct":100},"statements":{"total":2,"covered":2,"skipped":0,"pct":100},"branches":{"total":5,"covered":5,"skipped":0,"pct":100}}
,"/home/runner/work/macpro-mako/macpro-mako/react-app/src/utils/queryClient.ts": {"lines":{"total":1,"covered":1,"skipped":0,"pct":100},"functions":{"total":0,"covered":0,"skipped":0,"pct":100},"statements":{"total":1,"covered":1,"skipped":0,"pct":100},"branches":{"total":0,"covered":0,"skipped":0,"pct":100}}
,"/home/runner/work/macpro-mako/macpro-mako/react-app/src/utils/stateNames.ts": {"lines":{"total":5,"covered":5,"skipped":0,"pct":100},"functions":{"total":2,"covered":2,"skipped":0,"pct":100},"statements":{"total":6,"covered":6,"skipped":0,"pct":100},"branches":{"total":2,"covered":2,"skipped":0,"pct":100}}
,"/home/runner/work/macpro-mako/macpro-mako/react-app/src/utils/textHelpers.ts": {"lines":{"total":6,"covered":6,"skipped":0,"pct":100},"functions":{"total":4,"covered":4,"skipped":0,"pct":100},"statements":{"total":6,"covered":6,"skipped":0,"pct":100},"branches":{"total":2,"covered":2,"skipped":0,"pct":100}}
,"/home/runner/work/macpro-mako/macpro-mako/react-app/src/utils/user.ts": {"lines":{"total":10,"covered":10,"skipped":0,"pct":100},"functions":{"total":2,"covered":2,"skipped":0,"pct":100},"statements":{"total":12,"covered":12,"skipped":0,"pct":100},"branches":{"total":8,"covered":7,"skipped":0,"pct":87.5}}
,"/home/runner/work/macpro-mako/macpro-mako/react-app/src/utils/userProfile.ts": {"lines":{"total":2,"covered":2,"skipped":0,"pct":100},"functions":{"total":0,"covered":0,"skipped":0,"pct":100},"statements":{"total":2,"covered":2,"skipped":0,"pct":100},"branches":{"total":0,"covered":0,"skipped":0,"pct":100}}
,"/home/runner/work/macpro-mako/macpro-mako/react-app/src/utils/utils.ts": {"lines":{"total":1,"covered":1,"skipped":0,"pct":100},"functions":{"total":1,"covered":1,"skipped":0,"pct":100},"statements":{"total":1,"covered":1,"skipped":0,"pct":100},"branches":{"total":0,"covered":0,"skipped":0,"pct":100}}
,"/home/runner/work/macpro-mako/macpro-mako/react-app/src/utils/zod.ts": {"lines":{"total":54,"covered":54,"skipped":0,"pct":100},"functions":{"total":37,"covered":37,"skipped":0,"pct":100},"statements":{"total":56,"covered":56,"skipped":0,"pct":100},"branches":{"total":10,"covered":9,"skipped":0,"pct":90}}
,"/home/runner/work/macpro-mako/macpro-mako/react-app/src/utils/Poller/DataPoller.ts": {"lines":{"total":20,"covered":18,"skipped":0,"pct":90},"functions":{"total":4,"covered":4,"skipped":0,"pct":100},"statements":{"total":20,"covered":18,"skipped":0,"pct":90},"branches":{"total":10,"covered":8,"skipped":0,"pct":80}}
,"/home/runner/work/macpro-mako/macpro-mako/react-app/src/utils/Poller/documentPoller.ts": {"lines":{"total":5,"covered":5,"skipped":0,"pct":100},"functions":{"total":3,"covered":3,"skipped":0,"pct":100},"statements":{"total":5,"covered":5,"skipped":0,"pct":100},"branches":{"total":0,"covered":0,"skipped":0,"pct":100}}
,"/home/runner/work/macpro-mako/macpro-mako/react-app/src/utils/ReactGA/Mapper.tsx": {"lines":{"total":21,"covered":21,"skipped":0,"pct":100},"functions":{"total":1,"covered":1,"skipped":0,"pct":100},"statements":{"total":21,"covered":21,"skipped":0,"pct":100},"branches":{"total":20,"covered":20,"skipped":0,"pct":100}}
,"/home/runner/work/macpro-mako/macpro-mako/react-app/src/utils/ReactGA/PathTracker.tsx": {"lines":{"total":36,"covered":36,"skipped":0,"pct":100},"functions":{"total":8,"covered":8,"skipped":0,"pct":100},"statements":{"total":36,"covered":36,"skipped":0,"pct":100},"branches":{"total":10,"covered":10,"skipped":0,"pct":100}}
,"/home/runner/work/macpro-mako/macpro-mako/react-app/src/utils/ReactGA/SendGAEvent.tsx": {"lines":{"total":3,"covered":3,"skipped":0,"pct":100},"functions":{"total":1,"covered":1,"skipped":0,"pct":100},"statements":{"total":4,"covered":4,"skipped":0,"pct":100},"branches":{"total":3,"covered":2,"skipped":0,"pct":66.66}}
}
