{"total": {"lines":{"total":4954,"covered":4564,"skipped":0,"pct":92.12},"statements":{"total":5441,"covered":4989,"skipped":0,"pct":91.69},"functions":{"total":1627,"covered":1416,"skipped":0,"pct":87.03},"branches":{"total":3078,"covered":2462,"skipped":0,"pct":79.98},"branchesTrue":{"total":0,"covered":0,"skipped":0,"pct":100}}
,"/home/runner/work/macpro-mako/macpro-mako/lib/config/bundling-config.ts": {"lines":{"total":1,"covered":1,"skipped":0,"pct":100},"functions":{"total":0,"covered":0,"skipped":0,"pct":100},"statements":{"total":1,"covered":1,"skipped":0,"pct":100},"branches":{"total":0,"covered":0,"skipped":0,"pct":100}}
,"/home/runner/work/macpro-mako/macpro-mako/lib/config/deployment-config.ts": {"lines":{"total":30,"covered":29,"skipped":0,"pct":96.66},"functions":{"total":6,"covered":6,"skipped":0,"pct":100},"statements":{"total":30,"covered":29,"skipped":0,"pct":96.66},"branches":{"total":30,"covered":28,"skipped":0,"pct":93.33}}
,"/home/runner/work/macpro-mako/macpro-mako/lib/lambda/cfnNotify.ts": {"lines":{"total":16,"covered":16,"skipped":0,"pct":100},"functions":{"total":1,"covered":1,"skipped":0,"pct":100},"statements":{"total":16,"covered":16,"skipped":0,"pct":100},"branches":{"total":4,"covered":4,"skipped":0,"pct":100}}
,"/home/runner/work/macpro-mako/macpro-mako/lib/lambda/checkConsumerLag.ts": {"lines":{"total":44,"covered":44,"skipped":0,"pct":100},"functions":{"total":6,"covered":6,"skipped":0,"pct":100},"statements":{"total":48,"covered":48,"skipped":0,"pct":100},"branches":{"total":18,"covered":17,"skipped":0,"pct":94.44}}
,"/home/runner/work/macpro-mako/macpro-mako/lib/lambda/createTriggers.ts": {"lines":{"total":31,"covered":29,"skipped":0,"pct":93.54},"functions":{"total":2,"covered":1,"skipped":0,"pct":50},"statements":{"total":32,"covered":29,"skipped":0,"pct":90.62},"branches":{"total":10,"covered":7,"skipped":0,"pct":70}}
,"/home/runner/work/macpro-mako/macpro-mako/lib/lambda/deleteIndex.ts": {"lines":{"total":12,"covered":12,"skipped":0,"pct":100},"functions":{"total":1,"covered":1,"skipped":0,"pct":100},"statements":{"total":13,"covered":13,"skipped":0,"pct":100},"branches":{"total":3,"covered":2,"skipped":0,"pct":66.66}}
,"/home/runner/work/macpro-mako/macpro-mako/lib/lambda/deleteTriggers.ts": {"lines":{"total":30,"covered":28,"skipped":0,"pct":93.33},"functions":{"total":3,"covered":2,"skipped":0,"pct":66.66},"statements":{"total":31,"covered":28,"skipped":0,"pct":90.32},"branches":{"total":4,"covered":2,"skipped":0,"pct":50}}
,"/home/runner/work/macpro-mako/macpro-mako/lib/lambda/getAllForms.ts": {"lines":{"total":14,"covered":14,"skipped":0,"pct":100},"functions":{"total":4,"covered":4,"skipped":0,"pct":100},"statements":{"total":15,"covered":15,"skipped":0,"pct":100},"branches":{"total":4,"covered":3,"skipped":0,"pct":75}}
,"/home/runner/work/macpro-mako/macpro-mako/lib/lambda/getAttachmentUrl.ts": {"lines":{"total":37,"covered":36,"skipped":0,"pct":97.29},"functions":{"total":5,"covered":5,"skipped":0,"pct":100},"statements":{"total":37,"covered":36,"skipped":0,"pct":97.29},"branches":{"total":22,"covered":18,"skipped":0,"pct":81.81}}
,"/home/runner/work/macpro-mako/macpro-mako/lib/lambda/getCpocs.ts": {"lines":{"total":14,"covered":14,"skipped":0,"pct":100},"functions":{"total":2,"covered":2,"skipped":0,"pct":100},"statements":{"total":14,"covered":14,"skipped":0,"pct":100},"branches":{"total":4,"covered":4,"skipped":0,"pct":100}}
,"/home/runner/work/macpro-mako/macpro-mako/lib/lambda/getForm.ts": {"lines":{"total":24,"covered":24,"skipped":0,"pct":100},"functions":{"total":2,"covered":2,"skipped":0,"pct":100},"statements":{"total":24,"covered":24,"skipped":0,"pct":100},"branches":{"total":10,"covered":9,"skipped":0,"pct":90}}
,"/home/runner/work/macpro-mako/macpro-mako/lib/lambda/getPackageActions.ts": {"lines":{"total":16,"covered":16,"skipped":0,"pct":100},"functions":{"total":1,"covered":1,"skipped":0,"pct":100},"statements":{"total":16,"covered":16,"skipped":0,"pct":100},"branches":{"total":8,"covered":8,"skipped":0,"pct":100}}
,"/home/runner/work/macpro-mako/macpro-mako/lib/lambda/getSubTypes.ts": {"lines":{"total":17,"covered":16,"skipped":0,"pct":94.11},"functions":{"total":2,"covered":2,"skipped":0,"pct":100},"statements":{"total":17,"covered":16,"skipped":0,"pct":94.11},"branches":{"total":6,"covered":5,"skipped":0,"pct":83.33}}
,"/home/runner/work/macpro-mako/macpro-mako/lib/lambda/getSystemNotifs.ts": {"lines":{"total":7,"covered":7,"skipped":0,"pct":100},"functions":{"total":1,"covered":1,"skipped":0,"pct":100},"statements":{"total":7,"covered":7,"skipped":0,"pct":100},"branches":{"total":4,"covered":4,"skipped":0,"pct":100}}
,"/home/runner/work/macpro-mako/macpro-mako/lib/lambda/getTypes.ts": {"lines":{"total":17,"covered":16,"skipped":0,"pct":94.11},"functions":{"total":2,"covered":2,"skipped":0,"pct":100},"statements":{"total":17,"covered":16,"skipped":0,"pct":94.11},"branches":{"total":6,"covered":5,"skipped":0,"pct":83.33}}
,"/home/runner/work/macpro-mako/macpro-mako/lib/lambda/getUploadUrl.ts": {"lines":{"total":16,"covered":16,"skipped":0,"pct":100},"functions":{"total":1,"covered":1,"skipped":0,"pct":100},"statements":{"total":16,"covered":16,"skipped":0,"pct":100},"branches":{"total":2,"covered":2,"skipped":0,"pct":100}}
,"/home/runner/work/macpro-mako/macpro-mako/lib/lambda/item.ts": {"lines":{"total":23,"covered":20,"skipped":0,"pct":86.95},"functions":{"total":1,"covered":1,"skipped":0,"pct":100},"statements":{"total":23,"covered":20,"skipped":0,"pct":86.95},"branches":{"total":19,"covered":16,"skipped":0,"pct":84.21}}
,"/home/runner/work/macpro-mako/macpro-mako/lib/lambda/itemExists.ts": {"lines":{"total":8,"covered":7,"skipped":0,"pct":87.5},"functions":{"total":1,"covered":1,"skipped":0,"pct":100},"statements":{"total":8,"covered":7,"skipped":0,"pct":87.5},"branches":{"total":4,"covered":4,"skipped":0,"pct":100}}
,"/home/runner/work/macpro-mako/macpro-mako/lib/lambda/mapRole.ts": {"lines":{"total":21,"covered":19,"skipped":0,"pct":90.47},"functions":{"total":1,"covered":1,"skipped":0,"pct":100},"statements":{"total":21,"covered":19,"skipped":0,"pct":90.47},"branches":{"total":6,"covered":5,"skipped":0,"pct":83.33}}
,"/home/runner/work/macpro-mako/macpro-mako/lib/lambda/postAuth.ts": {"lines":{"total":65,"covered":57,"skipped":0,"pct":87.69},"functions":{"total":8,"covered":7,"skipped":0,"pct":87.5},"statements":{"total":67,"covered":59,"skipped":0,"pct":88.05},"branches":{"total":37,"covered":23,"skipped":0,"pct":62.16}}
,"/home/runner/work/macpro-mako/macpro-mako/lib/lambda/processEmails.ts": {"lines":{"total":126,"covered":113,"skipped":0,"pct":89.68},"functions":{"total":16,"covered":16,"skipped":0,"pct":100},"statements":{"total":133,"covered":120,"skipped":0,"pct":90.22},"branches":{"total":38,"covered":31,"skipped":0,"pct":81.57}}
,"/home/runner/work/macpro-mako/macpro-mako/lib/lambda/runReindex.ts": {"lines":{"total":21,"covered":21,"skipped":0,"pct":100},"functions":{"total":1,"covered":1,"skipped":0,"pct":100},"statements":{"total":21,"covered":21,"skipped":0,"pct":100},"branches":{"total":6,"covered":5,"skipped":0,"pct":83.33}}
,"/home/runner/work/macpro-mako/macpro-mako/lib/lambda/search.ts": {"lines":{"total":30,"covered":27,"skipped":0,"pct":90},"functions":{"total":1,"covered":1,"skipped":0,"pct":100},"statements":{"total":31,"covered":28,"skipped":0,"pct":90.32},"branches":{"total":24,"covered":18,"skipped":0,"pct":75}}
,"/home/runner/work/macpro-mako/macpro-mako/lib/lambda/setupIndex.ts": {"lines":{"total":18,"covered":18,"skipped":0,"pct":100},"functions":{"total":2,"covered":2,"skipped":0,"pct":100},"statements":{"total":19,"covered":19,"skipped":0,"pct":100},"branches":{"total":2,"covered":2,"skipped":0,"pct":100}}
,"/home/runner/work/macpro-mako/macpro-mako/lib/lambda/sinkChangelog.ts": {"lines":{"total":65,"covered":55,"skipped":0,"pct":84.61},"functions":{"total":6,"covered":4,"skipped":0,"pct":66.66},"statements":{"total":66,"covered":55,"skipped":0,"pct":83.33},"branches":{"total":36,"covered":27,"skipped":0,"pct":75}}
,"/home/runner/work/macpro-mako/macpro-mako/lib/lambda/sinkCpocs.ts": {"lines":{"total":33,"covered":33,"skipped":0,"pct":100},"functions":{"total":2,"covered":2,"skipped":0,"pct":100},"statements":{"total":33,"covered":33,"skipped":0,"pct":100},"branches":{"total":8,"covered":8,"skipped":0,"pct":100}}
,"/home/runner/work/macpro-mako/macpro-mako/lib/lambda/sinkInsights.ts": {"lines":{"total":23,"covered":23,"skipped":0,"pct":100},"functions":{"total":2,"covered":2,"skipped":0,"pct":100},"statements":{"total":24,"covered":24,"skipped":0,"pct":100},"branches":{"total":4,"covered":4,"skipped":0,"pct":100}}
,"/home/runner/work/macpro-mako/macpro-mako/lib/lambda/sinkLegacyInsights.ts": {"lines":{"total":26,"covered":26,"skipped":0,"pct":100},"functions":{"total":2,"covered":2,"skipped":0,"pct":100},"statements":{"total":27,"covered":27,"skipped":0,"pct":100},"branches":{"total":8,"covered":8,"skipped":0,"pct":100}}
,"/home/runner/work/macpro-mako/macpro-mako/lib/lambda/sinkMain.ts": {"lines":{"total":15,"covered":15,"skipped":0,"pct":100},"functions":{"total":2,"covered":2,"skipped":0,"pct":100},"statements":{"total":15,"covered":15,"skipped":0,"pct":100},"branches":{"total":4,"covered":4,"skipped":0,"pct":100}}
,"/home/runner/work/macpro-mako/macpro-mako/lib/lambda/sinkMainProcessors.ts": {"lines":{"total":120,"covered":118,"skipped":0,"pct":98.33},"functions":{"total":15,"covered":15,"skipped":0,"pct":100},"statements":{"total":121,"covered":119,"skipped":0,"pct":98.34},"branches":{"total":56,"covered":54,"skipped":0,"pct":96.42}}
,"/home/runner/work/macpro-mako/macpro-mako/lib/lambda/sinkSubtypes.ts": {"lines":{"total":28,"covered":28,"skipped":0,"pct":100},"functions":{"total":2,"covered":2,"skipped":0,"pct":100},"statements":{"total":28,"covered":28,"skipped":0,"pct":100},"branches":{"total":6,"covered":6,"skipped":0,"pct":100}}
,"/home/runner/work/macpro-mako/macpro-mako/lib/lambda/sinkTypes.ts": {"lines":{"total":28,"covered":28,"skipped":0,"pct":100},"functions":{"total":2,"covered":2,"skipped":0,"pct":100},"statements":{"total":28,"covered":28,"skipped":0,"pct":100},"branches":{"total":6,"covered":6,"skipped":0,"pct":100}}
,"/home/runner/work/macpro-mako/macpro-mako/lib/lambda/utils.ts": {"lines":{"total":5,"covered":5,"skipped":0,"pct":100},"functions":{"total":1,"covered":1,"skipped":0,"pct":100},"statements":{"total":5,"covered":5,"skipped":0,"pct":100},"branches":{"total":7,"covered":4,"skipped":0,"pct":57.14}}
,"/home/runner/work/macpro-mako/macpro-mako/lib/lambda/submit/getNextSplitSPAId.ts": {"lines":{"total":11,"covered":11,"skipped":0,"pct":100},"functions":{"total":2,"covered":2,"skipped":0,"pct":100},"statements":{"total":11,"covered":11,"skipped":0,"pct":100},"branches":{"total":4,"covered":3,"skipped":0,"pct":75}}
,"/home/runner/work/macpro-mako/macpro-mako/lib/lambda/submit/index.ts": {"lines":{"total":15,"covered":15,"skipped":0,"pct":100},"functions":{"total":1,"covered":1,"skipped":0,"pct":100},"statements":{"total":15,"covered":15,"skipped":0,"pct":100},"branches":{"total":6,"covered":6,"skipped":0,"pct":100}}
,"/home/runner/work/macpro-mako/macpro-mako/lib/lambda/submit/submitSplitSPA.ts": {"lines":{"total":28,"covered":26,"skipped":0,"pct":92.85},"functions":{"total":2,"covered":2,"skipped":0,"pct":100},"statements":{"total":28,"covered":26,"skipped":0,"pct":92.85},"branches":{"total":18,"covered":13,"skipped":0,"pct":72.22}}
,"/home/runner/work/macpro-mako/macpro-mako/lib/lambda/submit/submissionPayloads/app-k.ts": {"lines":{"total":15,"covered":14,"skipped":0,"pct":93.33},"functions":{"total":1,"covered":1,"skipped":0,"pct":100},"statements":{"total":16,"covered":14,"skipped":0,"pct":87.5},"branches":{"total":8,"covered":6,"skipped":0,"pct":75}}
,"/home/runner/work/macpro-mako/macpro-mako/lib/lambda/submit/submissionPayloads/capitated-amendment.ts": {"lines":{"total":15,"covered":14,"skipped":0,"pct":93.33},"functions":{"total":1,"covered":1,"skipped":0,"pct":100},"statements":{"total":16,"covered":14,"skipped":0,"pct":87.5},"branches":{"total":8,"covered":6,"skipped":0,"pct":75}}
,"/home/runner/work/macpro-mako/macpro-mako/lib/lambda/submit/submissionPayloads/capitated-initial.ts": {"lines":{"total":15,"covered":14,"skipped":0,"pct":93.33},"functions":{"total":1,"covered":1,"skipped":0,"pct":100},"statements":{"total":16,"covered":14,"skipped":0,"pct":87.5},"branches":{"total":8,"covered":6,"skipped":0,"pct":75}}
,"/home/runner/work/macpro-mako/macpro-mako/lib/lambda/submit/submissionPayloads/capitated-renewal.ts": {"lines":{"total":15,"covered":14,"skipped":0,"pct":93.33},"functions":{"total":1,"covered":1,"skipped":0,"pct":100},"statements":{"total":16,"covered":14,"skipped":0,"pct":87.5},"branches":{"total":8,"covered":6,"skipped":0,"pct":75}}
,"/home/runner/work/macpro-mako/macpro-mako/lib/lambda/submit/submissionPayloads/contracting-amendment.ts": {"lines":{"total":15,"covered":14,"skipped":0,"pct":93.33},"functions":{"total":1,"covered":1,"skipped":0,"pct":100},"statements":{"total":16,"covered":14,"skipped":0,"pct":87.5},"branches":{"total":8,"covered":6,"skipped":0,"pct":75}}
,"/home/runner/work/macpro-mako/macpro-mako/lib/lambda/submit/submissionPayloads/contracting-initial.ts": {"lines":{"total":15,"covered":14,"skipped":0,"pct":93.33},"functions":{"total":1,"covered":1,"skipped":0,"pct":100},"statements":{"total":16,"covered":14,"skipped":0,"pct":87.5},"branches":{"total":8,"covered":6,"skipped":0,"pct":75}}
,"/home/runner/work/macpro-mako/macpro-mako/lib/lambda/submit/submissionPayloads/contracting-renewal.ts": {"lines":{"total":15,"covered":14,"skipped":0,"pct":93.33},"functions":{"total":1,"covered":1,"skipped":0,"pct":100},"statements":{"total":16,"covered":14,"skipped":0,"pct":87.5},"branches":{"total":8,"covered":6,"skipped":0,"pct":75}}
,"/home/runner/work/macpro-mako/macpro-mako/lib/lambda/submit/submissionPayloads/index.ts": {"lines":{"total":1,"covered":1,"skipped":0,"pct":100},"functions":{"total":0,"covered":0,"skipped":0,"pct":100},"statements":{"total":1,"covered":1,"skipped":0,"pct":100},"branches":{"total":0,"covered":0,"skipped":0,"pct":100}}
,"/home/runner/work/macpro-mako/macpro-mako/lib/lambda/submit/submissionPayloads/new-chip-submission.ts": {"lines":{"total":15,"covered":14,"skipped":0,"pct":93.33},"functions":{"total":1,"covered":1,"skipped":0,"pct":100},"statements":{"total":16,"covered":14,"skipped":0,"pct":87.5},"branches":{"total":8,"covered":6,"skipped":0,"pct":75}}
,"/home/runner/work/macpro-mako/macpro-mako/lib/lambda/submit/submissionPayloads/new-medicaid-submission.ts": {"lines":{"total":15,"covered":14,"skipped":0,"pct":93.33},"functions":{"total":1,"covered":1,"skipped":0,"pct":100},"statements":{"total":16,"covered":14,"skipped":0,"pct":87.5},"branches":{"total":8,"covered":6,"skipped":0,"pct":75}}
,"/home/runner/work/macpro-mako/macpro-mako/lib/lambda/submit/submissionPayloads/respond-to-rai.ts": {"lines":{"total":16,"covered":15,"skipped":0,"pct":93.75},"functions":{"total":1,"covered":1,"skipped":0,"pct":100},"statements":{"total":17,"covered":15,"skipped":0,"pct":88.23},"branches":{"total":8,"covered":6,"skipped":0,"pct":75}}
,"/home/runner/work/macpro-mako/macpro-mako/lib/lambda/submit/submissionPayloads/temporary-extension.ts": {"lines":{"total":17,"covered":15,"skipped":0,"pct":88.23},"functions":{"total":1,"covered":1,"skipped":0,"pct":100},"statements":{"total":18,"covered":15,"skipped":0,"pct":83.33},"branches":{"total":10,"covered":7,"skipped":0,"pct":70}}
,"/home/runner/work/macpro-mako/macpro-mako/lib/lambda/submit/submissionPayloads/toggle-withdraw-rai.ts": {"lines":{"total":15,"covered":13,"skipped":0,"pct":86.66},"functions":{"total":1,"covered":1,"skipped":0,"pct":100},"statements":{"total":16,"covered":13,"skipped":0,"pct":81.25},"branches":{"total":8,"covered":5,"skipped":0,"pct":62.5}}
,"/home/runner/work/macpro-mako/macpro-mako/lib/lambda/submit/submissionPayloads/upload-subsequent-documents.ts": {"lines":{"total":13,"covered":12,"skipped":0,"pct":92.3},"functions":{"total":1,"covered":1,"skipped":0,"pct":100},"statements":{"total":14,"covered":12,"skipped":0,"pct":85.71},"branches":{"total":6,"covered":4,"skipped":0,"pct":66.66}}
,"/home/runner/work/macpro-mako/macpro-mako/lib/lambda/submit/submissionPayloads/withdraw-package.ts": {"lines":{"total":15,"covered":14,"skipped":0,"pct":93.33},"functions":{"total":1,"covered":1,"skipped":0,"pct":100},"statements":{"total":16,"covered":14,"skipped":0,"pct":87.5},"branches":{"total":8,"covered":6,"skipped":0,"pct":75}}
,"/home/runner/work/macpro-mako/macpro-mako/lib/lambda/submit/submissionPayloads/withdraw-rai.ts": {"lines":{"total":15,"covered":14,"skipped":0,"pct":93.33},"functions":{"total":1,"covered":1,"skipped":0,"pct":100},"statements":{"total":16,"covered":14,"skipped":0,"pct":87.5},"branches":{"total":8,"covered":6,"skipped":0,"pct":75}}
,"/home/runner/work/macpro-mako/macpro-mako/lib/lambda/update/adminChangeSchemas.ts": {"lines":{"total":13,"covered":13,"skipped":0,"pct":100},"functions":{"total":7,"covered":5,"skipped":0,"pct":71.42},"statements":{"total":18,"covered":16,"skipped":0,"pct":88.88},"branches":{"total":0,"covered":0,"skipped":0,"pct":100}}
,"/home/runner/work/macpro-mako/macpro-mako/lib/lambda/update/getPackageType.ts": {"lines":{"total":9,"covered":9,"skipped":0,"pct":100},"functions":{"total":2,"covered":2,"skipped":0,"pct":100},"statements":{"total":9,"covered":9,"skipped":0,"pct":100},"branches":{"total":4,"covered":3,"skipped":0,"pct":75}}
,"/home/runner/work/macpro-mako/macpro-mako/lib/lambda/update/submitNOSO.ts": {"lines":{"total":30,"covered":30,"skipped":0,"pct":100},"functions":{"total":3,"covered":3,"skipped":0,"pct":100},"statements":{"total":31,"covered":30,"skipped":0,"pct":96.77},"branches":{"total":20,"covered":15,"skipped":0,"pct":75}}
,"/home/runner/work/macpro-mako/macpro-mako/lib/lambda/update/updatePackage.ts": {"lines":{"total":67,"covered":66,"skipped":0,"pct":98.5},"functions":{"total":6,"covered":6,"skipped":0,"pct":100},"statements":{"total":67,"covered":66,"skipped":0,"pct":98.5},"branches":{"total":42,"covered":37,"skipped":0,"pct":88.09}}
,"/home/runner/work/macpro-mako/macpro-mako/lib/libs/env.ts": {"lines":{"total":3,"covered":3,"skipped":0,"pct":100},"functions":{"total":2,"covered":2,"skipped":0,"pct":100},"statements":{"total":4,"covered":4,"skipped":0,"pct":100},"branches":{"total":2,"covered":2,"skipped":0,"pct":100}}
,"/home/runner/work/macpro-mako/macpro-mako/lib/libs/handler-lib.ts": {"lines":{"total":2,"covered":2,"skipped":0,"pct":100},"functions":{"total":1,"covered":1,"skipped":0,"pct":100},"statements":{"total":2,"covered":2,"skipped":0,"pct":100},"branches":{"total":4,"covered":3,"skipped":0,"pct":75}}
,"/home/runner/work/macpro-mako/macpro-mako/lib/libs/opensearch-lib.ts": {"lines":{"total":108,"covered":92,"skipped":0,"pct":85.18},"functions":{"total":21,"covered":19,"skipped":0,"pct":90.47},"statements":{"total":111,"covered":95,"skipped":0,"pct":85.58},"branches":{"total":76,"covered":58,"skipped":0,"pct":76.31}}
,"/home/runner/work/macpro-mako/macpro-mako/lib/libs/sink-lib.ts": {"lines":{"total":33,"covered":33,"skipped":0,"pct":100},"functions":{"total":8,"covered":8,"skipped":0,"pct":100},"statements":{"total":34,"covered":34,"skipped":0,"pct":100},"branches":{"total":15,"covered":15,"skipped":0,"pct":100}}
,"/home/runner/work/macpro-mako/macpro-mako/lib/libs/topics-lib.ts": {"lines":{"total":39,"covered":38,"skipped":0,"pct":97.43},"functions":{"total":10,"covered":8,"skipped":0,"pct":80},"statements":{"total":43,"covered":41,"skipped":0,"pct":95.34},"branches":{"total":8,"covered":6,"skipped":0,"pct":75}}
,"/home/runner/work/macpro-mako/macpro-mako/lib/libs/utils.ts": {"lines":{"total":11,"covered":11,"skipped":0,"pct":100},"functions":{"total":3,"covered":3,"skipped":0,"pct":100},"statements":{"total":11,"covered":11,"skipped":0,"pct":100},"branches":{"total":4,"covered":4,"skipped":0,"pct":100}}
,"/home/runner/work/macpro-mako/macpro-mako/lib/libs/api/kafka.ts": {"lines":{"total":15,"covered":15,"skipped":0,"pct":100},"functions":{"total":2,"covered":2,"skipped":0,"pct":100},"statements":{"total":15,"covered":15,"skipped":0,"pct":100},"branches":{"total":8,"covered":7,"skipped":0,"pct":87.5}}
,"/home/runner/work/macpro-mako/macpro-mako/lib/libs/api/statusMemo.ts": {"lines":{"total":6,"covered":6,"skipped":0,"pct":100},"functions":{"total":1,"covered":1,"skipped":0,"pct":100},"statements":{"total":6,"covered":6,"skipped":0,"pct":100},"branches":{"total":3,"covered":3,"skipped":0,"pct":100}}
,"/home/runner/work/macpro-mako/macpro-mako/lib/libs/api/auth/user.ts": {"lines":{"total":53,"covered":51,"skipped":0,"pct":96.22},"functions":{"total":9,"covered":9,"skipped":0,"pct":100},"statements":{"total":53,"covered":51,"skipped":0,"pct":96.22},"branches":{"total":28,"covered":25,"skipped":0,"pct":89.28}}
,"/home/runner/work/macpro-mako/macpro-mako/lib/libs/api/package/appk.ts": {"lines":{"total":4,"covered":4,"skipped":0,"pct":100},"functions":{"total":1,"covered":1,"skipped":0,"pct":100},"statements":{"total":4,"covered":4,"skipped":0,"pct":100},"branches":{"total":1,"covered":1,"skipped":0,"pct":100}}
,"/home/runner/work/macpro-mako/macpro-mako/lib/libs/api/package/changelog.ts": {"lines":{"total":3,"covered":3,"skipped":0,"pct":100},"functions":{"total":1,"covered":1,"skipped":0,"pct":100},"statements":{"total":3,"covered":3,"skipped":0,"pct":100},"branches":{"total":1,"covered":1,"skipped":0,"pct":100}}
,"/home/runner/work/macpro-mako/macpro-mako/lib/libs/api/package/getPackage.ts": {"lines":{"total":4,"covered":4,"skipped":0,"pct":100},"functions":{"total":1,"covered":1,"skipped":0,"pct":100},"statements":{"total":4,"covered":4,"skipped":0,"pct":100},"branches":{"total":0,"covered":0,"skipped":0,"pct":100}}
,"/home/runner/work/macpro-mako/macpro-mako/lib/libs/api/package/itemExists.ts": {"lines":{"total":7,"covered":7,"skipped":0,"pct":100},"functions":{"total":1,"covered":1,"skipped":0,"pct":100},"statements":{"total":7,"covered":7,"skipped":0,"pct":100},"branches":{"total":2,"covered":2,"skipped":0,"pct":100}}
,"/home/runner/work/macpro-mako/macpro-mako/lib/libs/email/errors.ts": {"lines":{"total":3,"covered":0,"skipped":0,"pct":0},"functions":{"total":1,"covered":0,"skipped":0,"pct":0},"statements":{"total":3,"covered":0,"skipped":0,"pct":0},"branches":{"total":0,"covered":0,"skipped":0,"pct":100}}
,"/home/runner/work/macpro-mako/macpro-mako/lib/libs/email/getAllStateUsers.ts": {"lines":{"total":28,"covered":25,"skipped":0,"pct":89.28},"functions":{"total":6,"covered":6,"skipped":0,"pct":100},"statements":{"total":29,"covered":26,"skipped":0,"pct":89.65},"branches":{"total":18,"covered":14,"skipped":0,"pct":77.77}}
,"/home/runner/work/macpro-mako/macpro-mako/lib/libs/email/index.ts": {"lines":{"total":32,"covered":9,"skipped":0,"pct":28.12},"functions":{"total":6,"covered":2,"skipped":0,"pct":33.33},"statements":{"total":33,"covered":9,"skipped":0,"pct":27.27},"branches":{"total":16,"covered":5,"skipped":0,"pct":31.25}}
,"/home/runner/work/macpro-mako/macpro-mako/lib/libs/email/content/email-components.tsx": {"lines":{"total":63,"covered":58,"skipped":0,"pct":92.06},"functions":{"total":23,"covered":22,"skipped":0,"pct":95.65},"statements":{"total":66,"covered":61,"skipped":0,"pct":92.42},"branches":{"total":51,"covered":50,"skipped":0,"pct":98.03}}
,"/home/runner/work/macpro-mako/macpro-mako/lib/libs/email/content/email-styles.ts": {"lines":{"total":1,"covered":1,"skipped":0,"pct":100},"functions":{"total":0,"covered":0,"skipped":0,"pct":100},"statements":{"total":1,"covered":1,"skipped":0,"pct":100},"branches":{"total":0,"covered":0,"skipped":0,"pct":100}}
,"/home/runner/work/macpro-mako/macpro-mako/lib/libs/email/content/email-templates.tsx": {"lines":{"total":2,"covered":2,"skipped":0,"pct":100},"functions":{"total":1,"covered":1,"skipped":0,"pct":100},"statements":{"total":2,"covered":2,"skipped":0,"pct":100},"branches":{"total":0,"covered":0,"skipped":0,"pct":100}}
,"/home/runner/work/macpro-mako/macpro-mako/lib/libs/email/content/newSubmission/index.tsx": {"lines":{"total":9,"covered":9,"skipped":0,"pct":100},"functions":{"total":8,"covered":8,"skipped":0,"pct":100},"statements":{"total":9,"covered":9,"skipped":0,"pct":100},"branches":{"total":4,"covered":2,"skipped":0,"pct":50}}
,"/home/runner/work/macpro-mako/macpro-mako/lib/libs/email/content/newSubmission/emailTemplates/AppKCMS.tsx": {"lines":{"total":2,"covered":2,"skipped":0,"pct":100},"functions":{"total":1,"covered":1,"skipped":0,"pct":100},"statements":{"total":2,"covered":2,"skipped":0,"pct":100},"branches":{"total":2,"covered":2,"skipped":0,"pct":100}}
,"/home/runner/work/macpro-mako/macpro-mako/lib/libs/email/content/newSubmission/emailTemplates/AppKState.tsx": {"lines":{"total":5,"covered":5,"skipped":0,"pct":100},"functions":{"total":1,"covered":1,"skipped":0,"pct":100},"statements":{"total":5,"covered":5,"skipped":0,"pct":100},"branches":{"total":0,"covered":0,"skipped":0,"pct":100}}
,"/home/runner/work/macpro-mako/macpro-mako/lib/libs/email/content/newSubmission/emailTemplates/ChipSpaCMS.tsx": {"lines":{"total":4,"covered":4,"skipped":0,"pct":100},"functions":{"total":1,"covered":1,"skipped":0,"pct":100},"statements":{"total":4,"covered":4,"skipped":0,"pct":100},"branches":{"total":0,"covered":0,"skipped":0,"pct":100}}
,"/home/runner/work/macpro-mako/macpro-mako/lib/libs/email/content/newSubmission/emailTemplates/ChipSpaState.tsx": {"lines":{"total":5,"covered":5,"skipped":0,"pct":100},"functions":{"total":1,"covered":1,"skipped":0,"pct":100},"statements":{"total":5,"covered":5,"skipped":0,"pct":100},"branches":{"total":0,"covered":0,"skipped":0,"pct":100}}
,"/home/runner/work/macpro-mako/macpro-mako/lib/libs/email/content/newSubmission/emailTemplates/MedSpaCMS.tsx": {"lines":{"total":5,"covered":5,"skipped":0,"pct":100},"functions":{"total":1,"covered":1,"skipped":0,"pct":100},"statements":{"total":5,"covered":5,"skipped":0,"pct":100},"branches":{"total":0,"covered":0,"skipped":0,"pct":100}}
,"/home/runner/work/macpro-mako/macpro-mako/lib/libs/email/content/newSubmission/emailTemplates/MedSpaState.tsx": {"lines":{"total":5,"covered":5,"skipped":0,"pct":100},"functions":{"total":1,"covered":1,"skipped":0,"pct":100},"statements":{"total":5,"covered":5,"skipped":0,"pct":100},"branches":{"total":0,"covered":0,"skipped":0,"pct":100}}
,"/home/runner/work/macpro-mako/macpro-mako/lib/libs/email/content/newSubmission/emailTemplates/Waiver1915bCMS.tsx": {"lines":{"total":4,"covered":4,"skipped":0,"pct":100},"functions":{"total":1,"covered":1,"skipped":0,"pct":100},"statements":{"total":4,"covered":4,"skipped":0,"pct":100},"branches":{"total":0,"covered":0,"skipped":0,"pct":100}}
,"/home/runner/work/macpro-mako/macpro-mako/lib/libs/email/content/newSubmission/emailTemplates/Waiver1915bState.tsx": {"lines":{"total":4,"covered":4,"skipped":0,"pct":100},"functions":{"total":1,"covered":1,"skipped":0,"pct":100},"statements":{"total":4,"covered":4,"skipped":0,"pct":100},"branches":{"total":0,"covered":0,"skipped":0,"pct":100}}
,"/home/runner/work/macpro-mako/macpro-mako/lib/libs/email/content/respondToRai/index.tsx": {"lines":{"total":13,"covered":13,"skipped":0,"pct":100},"functions":{"total":12,"covered":12,"skipped":0,"pct":100},"statements":{"total":13,"covered":13,"skipped":0,"pct":100},"branches":{"total":8,"covered":4,"skipped":0,"pct":50}}
,"/home/runner/work/macpro-mako/macpro-mako/lib/libs/email/content/respondToRai/emailTemplates/ChipSpaCMS.tsx": {"lines":{"total":2,"covered":2,"skipped":0,"pct":100},"functions":{"total":1,"covered":1,"skipped":0,"pct":100},"statements":{"total":2,"covered":2,"skipped":0,"pct":100},"branches":{"total":0,"covered":0,"skipped":0,"pct":100}}
,"/home/runner/work/macpro-mako/macpro-mako/lib/libs/email/content/respondToRai/emailTemplates/ChipSpaState.tsx": {"lines":{"total":2,"covered":2,"skipped":0,"pct":100},"functions":{"total":1,"covered":1,"skipped":0,"pct":100},"statements":{"total":2,"covered":2,"skipped":0,"pct":100},"branches":{"total":0,"covered":0,"skipped":0,"pct":100}}
,"/home/runner/work/macpro-mako/macpro-mako/lib/libs/email/content/respondToRai/emailTemplates/MedSpaCMS.tsx": {"lines":{"total":2,"covered":2,"skipped":0,"pct":100},"functions":{"total":1,"covered":1,"skipped":0,"pct":100},"statements":{"total":2,"covered":2,"skipped":0,"pct":100},"branches":{"total":0,"covered":0,"skipped":0,"pct":100}}
,"/home/runner/work/macpro-mako/macpro-mako/lib/libs/email/content/respondToRai/emailTemplates/MedSpaState.tsx": {"lines":{"total":2,"covered":2,"skipped":0,"pct":100},"functions":{"total":1,"covered":1,"skipped":0,"pct":100},"statements":{"total":2,"covered":2,"skipped":0,"pct":100},"branches":{"total":0,"covered":0,"skipped":0,"pct":100}}
,"/home/runner/work/macpro-mako/macpro-mako/lib/libs/email/content/respondToRai/emailTemplates/WaiverCMS.tsx": {"lines":{"total":2,"covered":2,"skipped":0,"pct":100},"functions":{"total":1,"covered":1,"skipped":0,"pct":100},"statements":{"total":2,"covered":2,"skipped":0,"pct":100},"branches":{"total":0,"covered":0,"skipped":0,"pct":100}}
,"/home/runner/work/macpro-mako/macpro-mako/lib/libs/email/content/respondToRai/emailTemplates/WaiverState.tsx": {"lines":{"total":2,"covered":2,"skipped":0,"pct":100},"functions":{"total":1,"covered":1,"skipped":0,"pct":100},"statements":{"total":2,"covered":2,"skipped":0,"pct":100},"branches":{"total":0,"covered":0,"skipped":0,"pct":100}}
,"/home/runner/work/macpro-mako/macpro-mako/lib/libs/email/content/tempExtension/index.tsx": {"lines":{"total":5,"covered":5,"skipped":0,"pct":100},"functions":{"total":4,"covered":4,"skipped":0,"pct":100},"statements":{"total":5,"covered":5,"skipped":0,"pct":100},"branches":{"total":0,"covered":0,"skipped":0,"pct":100}}
,"/home/runner/work/macpro-mako/macpro-mako/lib/libs/email/content/tempExtension/emailTemplates/TempExtCMS.tsx": {"lines":{"total":5,"covered":5,"skipped":0,"pct":100},"functions":{"total":1,"covered":1,"skipped":0,"pct":100},"statements":{"total":5,"covered":5,"skipped":0,"pct":100},"branches":{"total":0,"covered":0,"skipped":0,"pct":100}}
,"/home/runner/work/macpro-mako/macpro-mako/lib/libs/email/content/tempExtension/emailTemplates/TempExtState.tsx": {"lines":{"total":5,"covered":5,"skipped":0,"pct":100},"functions":{"total":1,"covered":1,"skipped":0,"pct":100},"statements":{"total":5,"covered":5,"skipped":0,"pct":100},"branches":{"total":0,"covered":0,"skipped":0,"pct":100}}
,"/home/runner/work/macpro-mako/macpro-mako/lib/libs/email/content/uploadSubsequentDocuments/index.tsx": {"lines":{"total":9,"covered":5,"skipped":0,"pct":55.55},"functions":{"total":8,"covered":4,"skipped":0,"pct":50},"statements":{"total":9,"covered":5,"skipped":0,"pct":55.55},"branches":{"total":0,"covered":0,"skipped":0,"pct":100}}
,"/home/runner/work/macpro-mako/macpro-mako/lib/libs/email/content/uploadSubsequentDocuments/emailTemplates/AppKCMS.tsx": {"lines":{"total":2,"covered":2,"skipped":0,"pct":100},"functions":{"total":1,"covered":1,"skipped":0,"pct":100},"statements":{"total":2,"covered":2,"skipped":0,"pct":100},"branches":{"total":0,"covered":0,"skipped":0,"pct":100}}
,"/home/runner/work/macpro-mako/macpro-mako/lib/libs/email/content/uploadSubsequentDocuments/emailTemplates/AppKState.tsx": {"lines":{"total":2,"covered":2,"skipped":0,"pct":100},"functions":{"total":1,"covered":1,"skipped":0,"pct":100},"statements":{"total":2,"covered":2,"skipped":0,"pct":100},"branches":{"total":0,"covered":0,"skipped":0,"pct":100}}
,"/home/runner/work/macpro-mako/macpro-mako/lib/libs/email/content/uploadSubsequentDocuments/emailTemplates/ChipSpaCMS.tsx": {"lines":{"total":2,"covered":2,"skipped":0,"pct":100},"functions":{"total":1,"covered":1,"skipped":0,"pct":100},"statements":{"total":2,"covered":2,"skipped":0,"pct":100},"branches":{"total":0,"covered":0,"skipped":0,"pct":100}}
,"/home/runner/work/macpro-mako/macpro-mako/lib/libs/email/content/uploadSubsequentDocuments/emailTemplates/ChipSpaState.tsx": {"lines":{"total":2,"covered":2,"skipped":0,"pct":100},"functions":{"total":1,"covered":1,"skipped":0,"pct":100},"statements":{"total":2,"covered":2,"skipped":0,"pct":100},"branches":{"total":0,"covered":0,"skipped":0,"pct":100}}
,"/home/runner/work/macpro-mako/macpro-mako/lib/libs/email/content/uploadSubsequentDocuments/emailTemplates/MedSpaCMS.tsx": {"lines":{"total":2,"covered":2,"skipped":0,"pct":100},"functions":{"total":1,"covered":1,"skipped":0,"pct":100},"statements":{"total":2,"covered":2,"skipped":0,"pct":100},"branches":{"total":0,"covered":0,"skipped":0,"pct":100}}
,"/home/runner/work/macpro-mako/macpro-mako/lib/libs/email/content/uploadSubsequentDocuments/emailTemplates/MedSpaState.tsx": {"lines":{"total":2,"covered":2,"skipped":0,"pct":100},"functions":{"total":1,"covered":1,"skipped":0,"pct":100},"statements":{"total":2,"covered":2,"skipped":0,"pct":100},"branches":{"total":0,"covered":0,"skipped":0,"pct":100}}
,"/home/runner/work/macpro-mako/macpro-mako/lib/libs/email/content/uploadSubsequentDocuments/emailTemplates/Waiver1915BCMS.tsx": {"lines":{"total":2,"covered":2,"skipped":0,"pct":100},"functions":{"total":1,"covered":1,"skipped":0,"pct":100},"statements":{"total":2,"covered":2,"skipped":0,"pct":100},"branches":{"total":0,"covered":0,"skipped":0,"pct":100}}
,"/home/runner/work/macpro-mako/macpro-mako/lib/libs/email/content/uploadSubsequentDocuments/emailTemplates/Waiver1915BState.tsx": {"lines":{"total":2,"covered":2,"skipped":0,"pct":100},"functions":{"total":1,"covered":1,"skipped":0,"pct":100},"statements":{"total":2,"covered":2,"skipped":0,"pct":100},"branches":{"total":0,"covered":0,"skipped":0,"pct":100}}
,"/home/runner/work/macpro-mako/macpro-mako/lib/libs/email/content/withdrawConfirmation/index.tsx": {"lines":{"total":7,"covered":4,"skipped":0,"pct":57.14},"functions":{"total":5,"covered":2,"skipped":0,"pct":40},"statements":{"total":7,"covered":4,"skipped":0,"pct":57.14},"branches":{"total":2,"covered":1,"skipped":0,"pct":50}}
,"/home/runner/work/macpro-mako/macpro-mako/lib/libs/email/content/withdrawConfirmation/emailTemplates/ChipSpaState.tsx": {"lines":{"total":3,"covered":3,"skipped":0,"pct":100},"functions":{"total":1,"covered":1,"skipped":0,"pct":100},"statements":{"total":3,"covered":3,"skipped":0,"pct":100},"branches":{"total":0,"covered":0,"skipped":0,"pct":100}}
,"/home/runner/work/macpro-mako/macpro-mako/lib/libs/email/content/withdrawConfirmation/emailTemplates/MedSpaState.tsx": {"lines":{"total":3,"covered":3,"skipped":0,"pct":100},"functions":{"total":1,"covered":1,"skipped":0,"pct":100},"statements":{"total":3,"covered":3,"skipped":0,"pct":100},"branches":{"total":0,"covered":0,"skipped":0,"pct":100}}
,"/home/runner/work/macpro-mako/macpro-mako/lib/libs/email/content/withdrawConfirmation/emailTemplates/WaiverState.tsx": {"lines":{"total":5,"covered":5,"skipped":0,"pct":100},"functions":{"total":1,"covered":1,"skipped":0,"pct":100},"statements":{"total":5,"covered":5,"skipped":0,"pct":100},"branches":{"total":0,"covered":0,"skipped":0,"pct":100}}
,"/home/runner/work/macpro-mako/macpro-mako/lib/libs/email/content/withdrawPackage/index.tsx": {"lines":{"total":9,"covered":7,"skipped":0,"pct":77.77},"functions":{"total":8,"covered":6,"skipped":0,"pct":75},"statements":{"total":9,"covered":7,"skipped":0,"pct":77.77},"branches":{"total":8,"covered":3,"skipped":0,"pct":37.5}}
,"/home/runner/work/macpro-mako/macpro-mako/lib/libs/email/content/withdrawPackage/emailTemplates/ChipSpaCMS.tsx": {"lines":{"total":2,"covered":2,"skipped":0,"pct":100},"functions":{"total":1,"covered":1,"skipped":0,"pct":100},"statements":{"total":2,"covered":2,"skipped":0,"pct":100},"branches":{"total":0,"covered":0,"skipped":0,"pct":100}}
,"/home/runner/work/macpro-mako/macpro-mako/lib/libs/email/content/withdrawPackage/emailTemplates/ChipSpaState.tsx": {"lines":{"total":2,"covered":2,"skipped":0,"pct":100},"functions":{"total":1,"covered":1,"skipped":0,"pct":100},"statements":{"total":2,"covered":2,"skipped":0,"pct":100},"branches":{"total":0,"covered":0,"skipped":0,"pct":100}}
,"/home/runner/work/macpro-mako/macpro-mako/lib/libs/email/content/withdrawPackage/emailTemplates/MedSpaCMS.tsx": {"lines":{"total":2,"covered":2,"skipped":0,"pct":100},"functions":{"total":1,"covered":1,"skipped":0,"pct":100},"statements":{"total":2,"covered":2,"skipped":0,"pct":100},"branches":{"total":0,"covered":0,"skipped":0,"pct":100}}
,"/home/runner/work/macpro-mako/macpro-mako/lib/libs/email/content/withdrawPackage/emailTemplates/MedSpaState.tsx": {"lines":{"total":2,"covered":2,"skipped":0,"pct":100},"functions":{"total":1,"covered":1,"skipped":0,"pct":100},"statements":{"total":2,"covered":2,"skipped":0,"pct":100},"branches":{"total":0,"covered":0,"skipped":0,"pct":100}}
,"/home/runner/work/macpro-mako/macpro-mako/lib/libs/email/content/withdrawPackage/emailTemplates/WaiverCMS.tsx": {"lines":{"total":2,"covered":2,"skipped":0,"pct":100},"functions":{"total":1,"covered":1,"skipped":0,"pct":100},"statements":{"total":2,"covered":2,"skipped":0,"pct":100},"branches":{"total":0,"covered":0,"skipped":0,"pct":100}}
,"/home/runner/work/macpro-mako/macpro-mako/lib/libs/email/content/withdrawPackage/emailTemplates/WaiverState.tsx": {"lines":{"total":2,"covered":2,"skipped":0,"pct":100},"functions":{"total":1,"covered":1,"skipped":0,"pct":100},"statements":{"total":2,"covered":2,"skipped":0,"pct":100},"branches":{"total":0,"covered":0,"skipped":0,"pct":100}}
,"/home/runner/work/macpro-mako/macpro-mako/lib/libs/email/content/withdrawRai/index.tsx": {"lines":{"total":9,"covered":9,"skipped":0,"pct":100},"functions":{"total":8,"covered":8,"skipped":0,"pct":100},"statements":{"total":9,"covered":9,"skipped":0,"pct":100},"branches":{"total":6,"covered":3,"skipped":0,"pct":50}}
,"/home/runner/work/macpro-mako/macpro-mako/lib/libs/email/content/withdrawRai/emailTemplates/ChipSPACMS.tsx": {"lines":{"total":2,"covered":2,"skipped":0,"pct":100},"functions":{"total":1,"covered":1,"skipped":0,"pct":100},"statements":{"total":2,"covered":2,"skipped":0,"pct":100},"branches":{"total":0,"covered":0,"skipped":0,"pct":100}}
,"/home/runner/work/macpro-mako/macpro-mako/lib/libs/email/content/withdrawRai/emailTemplates/ChipSPAState.tsx": {"lines":{"total":2,"covered":2,"skipped":0,"pct":100},"functions":{"total":1,"covered":1,"skipped":0,"pct":100},"statements":{"total":2,"covered":2,"skipped":0,"pct":100},"branches":{"total":0,"covered":0,"skipped":0,"pct":100}}
,"/home/runner/work/macpro-mako/macpro-mako/lib/libs/email/content/withdrawRai/emailTemplates/MedSPACMS.tsx": {"lines":{"total":2,"covered":2,"skipped":0,"pct":100},"functions":{"total":1,"covered":1,"skipped":0,"pct":100},"statements":{"total":2,"covered":2,"skipped":0,"pct":100},"branches":{"total":0,"covered":0,"skipped":0,"pct":100}}
,"/home/runner/work/macpro-mako/macpro-mako/lib/libs/email/content/withdrawRai/emailTemplates/MedSpaState.tsx": {"lines":{"total":2,"covered":2,"skipped":0,"pct":100},"functions":{"total":1,"covered":1,"skipped":0,"pct":100},"statements":{"total":2,"covered":2,"skipped":0,"pct":100},"branches":{"total":0,"covered":0,"skipped":0,"pct":100}}
,"/home/runner/work/macpro-mako/macpro-mako/lib/libs/email/content/withdrawRai/emailTemplates/WaiverCMS.tsx": {"lines":{"total":2,"covered":2,"skipped":0,"pct":100},"functions":{"total":1,"covered":1,"skipped":0,"pct":100},"statements":{"total":2,"covered":2,"skipped":0,"pct":100},"branches":{"total":0,"covered":0,"skipped":0,"pct":100}}
,"/home/runner/work/macpro-mako/macpro-mako/lib/libs/email/content/withdrawRai/emailTemplates/WaiverState.tsx": {"lines":{"total":2,"covered":2,"skipped":0,"pct":100},"functions":{"total":1,"covered":1,"skipped":0,"pct":100},"statements":{"total":2,"covered":2,"skipped":0,"pct":100},"branches":{"total":0,"covered":0,"skipped":0,"pct":100}}
,"/home/runner/work/macpro-mako/macpro-mako/lib/libs/email/preview/InitialSubmissions/CMS/AppK.tsx": {"lines":{"total":2,"covered":2,"skipped":0,"pct":100},"functions":{"total":1,"covered":1,"skipped":0,"pct":100},"statements":{"total":2,"covered":2,"skipped":0,"pct":100},"branches":{"total":0,"covered":0,"skipped":0,"pct":100}}
,"/home/runner/work/macpro-mako/macpro-mako/lib/libs/email/preview/InitialSubmissions/CMS/CHIP_SPA.tsx": {"lines":{"total":2,"covered":2,"skipped":0,"pct":100},"functions":{"total":1,"covered":1,"skipped":0,"pct":100},"statements":{"total":2,"covered":2,"skipped":0,"pct":100},"branches":{"total":0,"covered":0,"skipped":0,"pct":100}}
,"/home/runner/work/macpro-mako/macpro-mako/lib/libs/email/preview/InitialSubmissions/CMS/Medicaid_SPA.tsx": {"lines":{"total":1,"covered":1,"skipped":0,"pct":100},"functions":{"total":1,"covered":1,"skipped":0,"pct":100},"statements":{"total":1,"covered":1,"skipped":0,"pct":100},"branches":{"total":0,"covered":0,"skipped":0,"pct":100}}
,"/home/runner/work/macpro-mako/macpro-mako/lib/libs/email/preview/InitialSubmissions/CMS/Temp_Extension.tsx": {"lines":{"total":2,"covered":2,"skipped":0,"pct":100},"functions":{"total":1,"covered":1,"skipped":0,"pct":100},"statements":{"total":2,"covered":2,"skipped":0,"pct":100},"branches":{"total":0,"covered":0,"skipped":0,"pct":100}}
,"/home/runner/work/macpro-mako/macpro-mako/lib/libs/email/preview/InitialSubmissions/CMS/Waiver1915bCapitated/Amendment.tsx": {"lines":{"total":1,"covered":1,"skipped":0,"pct":100},"functions":{"total":1,"covered":1,"skipped":0,"pct":100},"statements":{"total":1,"covered":1,"skipped":0,"pct":100},"branches":{"total":0,"covered":0,"skipped":0,"pct":100}}
,"/home/runner/work/macpro-mako/macpro-mako/lib/libs/email/preview/InitialSubmissions/CMS/Waiver1915bCapitated/Initial.tsx": {"lines":{"total":1,"covered":1,"skipped":0,"pct":100},"functions":{"total":1,"covered":1,"skipped":0,"pct":100},"statements":{"total":1,"covered":1,"skipped":0,"pct":100},"branches":{"total":0,"covered":0,"skipped":0,"pct":100}}
,"/home/runner/work/macpro-mako/macpro-mako/lib/libs/email/preview/InitialSubmissions/CMS/Waiver1915bCapitated/Renewal.tsx": {"lines":{"total":1,"covered":1,"skipped":0,"pct":100},"functions":{"total":1,"covered":1,"skipped":0,"pct":100},"statements":{"total":1,"covered":1,"skipped":0,"pct":100},"branches":{"total":0,"covered":0,"skipped":0,"pct":100}}
,"/home/runner/work/macpro-mako/macpro-mako/lib/libs/email/preview/InitialSubmissions/CMS/Waiver1915bContracting/Amendment.tsx": {"lines":{"total":1,"covered":1,"skipped":0,"pct":100},"functions":{"total":1,"covered":1,"skipped":0,"pct":100},"statements":{"total":1,"covered":1,"skipped":0,"pct":100},"branches":{"total":0,"covered":0,"skipped":0,"pct":100}}
,"/home/runner/work/macpro-mako/macpro-mako/lib/libs/email/preview/InitialSubmissions/CMS/Waiver1915bContracting/Initial.tsx": {"lines":{"total":1,"covered":1,"skipped":0,"pct":100},"functions":{"total":1,"covered":1,"skipped":0,"pct":100},"statements":{"total":1,"covered":1,"skipped":0,"pct":100},"branches":{"total":0,"covered":0,"skipped":0,"pct":100}}
,"/home/runner/work/macpro-mako/macpro-mako/lib/libs/email/preview/InitialSubmissions/CMS/Waiver1915bContracting/Renewal.tsx": {"lines":{"total":1,"covered":1,"skipped":0,"pct":100},"functions":{"total":1,"covered":1,"skipped":0,"pct":100},"statements":{"total":1,"covered":1,"skipped":0,"pct":100},"branches":{"total":0,"covered":0,"skipped":0,"pct":100}}
,"/home/runner/work/macpro-mako/macpro-mako/lib/libs/email/preview/InitialSubmissions/State/AppK.tsx": {"lines":{"total":2,"covered":2,"skipped":0,"pct":100},"functions":{"total":1,"covered":1,"skipped":0,"pct":100},"statements":{"total":2,"covered":2,"skipped":0,"pct":100},"branches":{"total":0,"covered":0,"skipped":0,"pct":100}}
,"/home/runner/work/macpro-mako/macpro-mako/lib/libs/email/preview/InitialSubmissions/State/CHIP_SPA.tsx": {"lines":{"total":2,"covered":2,"skipped":0,"pct":100},"functions":{"total":1,"covered":1,"skipped":0,"pct":100},"statements":{"total":2,"covered":2,"skipped":0,"pct":100},"branches":{"total":0,"covered":0,"skipped":0,"pct":100}}
,"/home/runner/work/macpro-mako/macpro-mako/lib/libs/email/preview/InitialSubmissions/State/Medicaid_SPA.tsx": {"lines":{"total":2,"covered":2,"skipped":0,"pct":100},"functions":{"total":1,"covered":1,"skipped":0,"pct":100},"statements":{"total":2,"covered":2,"skipped":0,"pct":100},"branches":{"total":0,"covered":0,"skipped":0,"pct":100}}
,"/home/runner/work/macpro-mako/macpro-mako/lib/libs/email/preview/InitialSubmissions/State/Temp_Extension.tsx": {"lines":{"total":2,"covered":2,"skipped":0,"pct":100},"functions":{"total":1,"covered":1,"skipped":0,"pct":100},"statements":{"total":2,"covered":2,"skipped":0,"pct":100},"branches":{"total":0,"covered":0,"skipped":0,"pct":100}}
,"/home/runner/work/macpro-mako/macpro-mako/lib/libs/email/preview/InitialSubmissions/State/Waiver1915bCapitated/Amendment.tsx": {"lines":{"total":1,"covered":1,"skipped":0,"pct":100},"functions":{"total":1,"covered":1,"skipped":0,"pct":100},"statements":{"total":1,"covered":1,"skipped":0,"pct":100},"branches":{"total":0,"covered":0,"skipped":0,"pct":100}}
,"/home/runner/work/macpro-mako/macpro-mako/lib/libs/email/preview/InitialSubmissions/State/Waiver1915bCapitated/Initial.tsx": {"lines":{"total":1,"covered":1,"skipped":0,"pct":100},"functions":{"total":1,"covered":1,"skipped":0,"pct":100},"statements":{"total":1,"covered":1,"skipped":0,"pct":100},"branches":{"total":0,"covered":0,"skipped":0,"pct":100}}
,"/home/runner/work/macpro-mako/macpro-mako/lib/libs/email/preview/InitialSubmissions/State/Waiver1915bCapitated/Renewal.tsx": {"lines":{"total":1,"covered":1,"skipped":0,"pct":100},"functions":{"total":1,"covered":1,"skipped":0,"pct":100},"statements":{"total":1,"covered":1,"skipped":0,"pct":100},"branches":{"total":0,"covered":0,"skipped":0,"pct":100}}
,"/home/runner/work/macpro-mako/macpro-mako/lib/libs/email/preview/InitialSubmissions/State/Waiver1915bContracting/Amendment.tsx": {"lines":{"total":1,"covered":1,"skipped":0,"pct":100},"functions":{"total":1,"covered":1,"skipped":0,"pct":100},"statements":{"total":1,"covered":1,"skipped":0,"pct":100},"branches":{"total":0,"covered":0,"skipped":0,"pct":100}}
,"/home/runner/work/macpro-mako/macpro-mako/lib/libs/email/preview/InitialSubmissions/State/Waiver1915bContracting/Initial.tsx": {"lines":{"total":1,"covered":1,"skipped":0,"pct":100},"functions":{"total":1,"covered":1,"skipped":0,"pct":100},"statements":{"total":1,"covered":1,"skipped":0,"pct":100},"branches":{"total":0,"covered":0,"skipped":0,"pct":100}}
,"/home/runner/work/macpro-mako/macpro-mako/lib/libs/email/preview/InitialSubmissions/State/Waiver1915bContracting/Renewal.tsx": {"lines":{"total":1,"covered":1,"skipped":0,"pct":100},"functions":{"total":1,"covered":1,"skipped":0,"pct":100},"statements":{"total":1,"covered":1,"skipped":0,"pct":100},"branches":{"total":0,"covered":0,"skipped":0,"pct":100}}
,"/home/runner/work/macpro-mako/macpro-mako/lib/libs/email/preview/RespondToRai/CMS/CHIP_SPA.tsx": {"lines":{"total":1,"covered":1,"skipped":0,"pct":100},"functions":{"total":1,"covered":1,"skipped":0,"pct":100},"statements":{"total":1,"covered":1,"skipped":0,"pct":100},"branches":{"total":0,"covered":0,"skipped":0,"pct":100}}
,"/home/runner/work/macpro-mako/macpro-mako/lib/libs/email/preview/RespondToRai/CMS/Medicaid_SPA.tsx": {"lines":{"total":1,"covered":1,"skipped":0,"pct":100},"functions":{"total":1,"covered":1,"skipped":0,"pct":100},"statements":{"total":1,"covered":1,"skipped":0,"pct":100},"branches":{"total":0,"covered":0,"skipped":0,"pct":100}}
,"/home/runner/work/macpro-mako/macpro-mako/lib/libs/email/preview/RespondToRai/CMS/Waiver.tsx": {"lines":{"total":1,"covered":1,"skipped":0,"pct":100},"functions":{"total":1,"covered":1,"skipped":0,"pct":100},"statements":{"total":1,"covered":1,"skipped":0,"pct":100},"branches":{"total":0,"covered":0,"skipped":0,"pct":100}}
,"/home/runner/work/macpro-mako/macpro-mako/lib/libs/email/preview/RespondToRai/State/CHIP_SPA.tsx": {"lines":{"total":1,"covered":1,"skipped":0,"pct":100},"functions":{"total":1,"covered":1,"skipped":0,"pct":100},"statements":{"total":1,"covered":1,"skipped":0,"pct":100},"branches":{"total":0,"covered":0,"skipped":0,"pct":100}}
,"/home/runner/work/macpro-mako/macpro-mako/lib/libs/email/preview/RespondToRai/State/Medicaid_SPA.tsx": {"lines":{"total":1,"covered":1,"skipped":0,"pct":100},"functions":{"total":1,"covered":1,"skipped":0,"pct":100},"statements":{"total":1,"covered":1,"skipped":0,"pct":100},"branches":{"total":0,"covered":0,"skipped":0,"pct":100}}
,"/home/runner/work/macpro-mako/macpro-mako/lib/libs/email/preview/RespondToRai/State/Waiver.tsx": {"lines":{"total":1,"covered":1,"skipped":0,"pct":100},"functions":{"total":1,"covered":1,"skipped":0,"pct":100},"statements":{"total":1,"covered":1,"skipped":0,"pct":100},"branches":{"total":0,"covered":0,"skipped":0,"pct":100}}
,"/home/runner/work/macpro-mako/macpro-mako/lib/libs/email/preview/UploadSubsequentDocuments/CMS/AppK.tsx": {"lines":{"total":2,"covered":2,"skipped":0,"pct":100},"functions":{"total":1,"covered":1,"skipped":0,"pct":100},"statements":{"total":2,"covered":2,"skipped":0,"pct":100},"branches":{"total":0,"covered":0,"skipped":0,"pct":100}}
,"/home/runner/work/macpro-mako/macpro-mako/lib/libs/email/preview/UploadSubsequentDocuments/CMS/CHIP_SPA.tsx": {"lines":{"total":2,"covered":2,"skipped":0,"pct":100},"functions":{"total":1,"covered":1,"skipped":0,"pct":100},"statements":{"total":2,"covered":2,"skipped":0,"pct":100},"branches":{"total":0,"covered":0,"skipped":0,"pct":100}}
,"/home/runner/work/macpro-mako/macpro-mako/lib/libs/email/preview/UploadSubsequentDocuments/CMS/MED_SPA.tsx": {"lines":{"total":2,"covered":2,"skipped":0,"pct":100},"functions":{"total":1,"covered":1,"skipped":0,"pct":100},"statements":{"total":2,"covered":2,"skipped":0,"pct":100},"branches":{"total":0,"covered":0,"skipped":0,"pct":100}}
,"/home/runner/work/macpro-mako/macpro-mako/lib/libs/email/preview/UploadSubsequentDocuments/CMS/Waiver1915b.tsx": {"lines":{"total":2,"covered":2,"skipped":0,"pct":100},"functions":{"total":1,"covered":1,"skipped":0,"pct":100},"statements":{"total":2,"covered":2,"skipped":0,"pct":100},"branches":{"total":0,"covered":0,"skipped":0,"pct":100}}
,"/home/runner/work/macpro-mako/macpro-mako/lib/libs/email/preview/UploadSubsequentDocuments/State/AppK.tsx": {"lines":{"total":2,"covered":2,"skipped":0,"pct":100},"functions":{"total":1,"covered":1,"skipped":0,"pct":100},"statements":{"total":2,"covered":2,"skipped":0,"pct":100},"branches":{"total":0,"covered":0,"skipped":0,"pct":100}}
,"/home/runner/work/macpro-mako/macpro-mako/lib/libs/email/preview/UploadSubsequentDocuments/State/CHIP_SPA.tsx": {"lines":{"total":2,"covered":2,"skipped":0,"pct":100},"functions":{"total":1,"covered":1,"skipped":0,"pct":100},"statements":{"total":2,"covered":2,"skipped":0,"pct":100},"branches":{"total":0,"covered":0,"skipped":0,"pct":100}}
,"/home/runner/work/macpro-mako/macpro-mako/lib/libs/email/preview/UploadSubsequentDocuments/State/MED_SPA.tsx": {"lines":{"total":2,"covered":2,"skipped":0,"pct":100},"functions":{"total":1,"covered":1,"skipped":0,"pct":100},"statements":{"total":2,"covered":2,"skipped":0,"pct":100},"branches":{"total":0,"covered":0,"skipped":0,"pct":100}}
,"/home/runner/work/macpro-mako/macpro-mako/lib/libs/email/preview/UploadSubsequentDocuments/State/Waiver1915b.tsx": {"lines":{"total":2,"covered":2,"skipped":0,"pct":100},"functions":{"total":1,"covered":1,"skipped":0,"pct":100},"statements":{"total":2,"covered":2,"skipped":0,"pct":100},"branches":{"total":0,"covered":0,"skipped":0,"pct":100}}
,"/home/runner/work/macpro-mako/macpro-mako/lib/libs/email/preview/WithdrawConfirmation/State/AppK.tsx": {"lines":{"total":1,"covered":1,"skipped":0,"pct":100},"functions":{"total":1,"covered":1,"skipped":0,"pct":100},"statements":{"total":1,"covered":1,"skipped":0,"pct":100},"branches":{"total":0,"covered":0,"skipped":0,"pct":100}}
,"/home/runner/work/macpro-mako/macpro-mako/lib/libs/email/preview/WithdrawConfirmation/State/CHIP_SPA.tsx": {"lines":{"total":1,"covered":1,"skipped":0,"pct":100},"functions":{"total":1,"covered":1,"skipped":0,"pct":100},"statements":{"total":1,"covered":1,"skipped":0,"pct":100},"branches":{"total":0,"covered":0,"skipped":0,"pct":100}}
,"/home/runner/work/macpro-mako/macpro-mako/lib/libs/email/preview/WithdrawConfirmation/State/Medicaid_SPA.tsx": {"lines":{"total":1,"covered":1,"skipped":0,"pct":100},"functions":{"total":1,"covered":1,"skipped":0,"pct":100},"statements":{"total":1,"covered":1,"skipped":0,"pct":100},"branches":{"total":0,"covered":0,"skipped":0,"pct":100}}
,"/home/runner/work/macpro-mako/macpro-mako/lib/libs/email/preview/WithdrawConfirmation/State/Waiver.tsx": {"lines":{"total":1,"covered":1,"skipped":0,"pct":100},"functions":{"total":1,"covered":1,"skipped":0,"pct":100},"statements":{"total":1,"covered":1,"skipped":0,"pct":100},"branches":{"total":0,"covered":0,"skipped":0,"pct":100}}
,"/home/runner/work/macpro-mako/macpro-mako/lib/libs/email/preview/WithdrawPackage/CMS/AppK.tsx": {"lines":{"total":1,"covered":1,"skipped":0,"pct":100},"functions":{"total":1,"covered":1,"skipped":0,"pct":100},"statements":{"total":1,"covered":1,"skipped":0,"pct":100},"branches":{"total":0,"covered":0,"skipped":0,"pct":100}}
,"/home/runner/work/macpro-mako/macpro-mako/lib/libs/email/preview/WithdrawPackage/CMS/CHIP_SPA.tsx": {"lines":{"total":1,"covered":1,"skipped":0,"pct":100},"functions":{"total":1,"covered":1,"skipped":0,"pct":100},"statements":{"total":1,"covered":1,"skipped":0,"pct":100},"branches":{"total":0,"covered":0,"skipped":0,"pct":100}}
,"/home/runner/work/macpro-mako/macpro-mako/lib/libs/email/preview/WithdrawPackage/CMS/Medicaid_SPA.tsx": {"lines":{"total":1,"covered":1,"skipped":0,"pct":100},"functions":{"total":1,"covered":1,"skipped":0,"pct":100},"statements":{"total":1,"covered":1,"skipped":0,"pct":100},"branches":{"total":0,"covered":0,"skipped":0,"pct":100}}
,"/home/runner/work/macpro-mako/macpro-mako/lib/libs/email/preview/WithdrawPackage/CMS/Waiver_Capitated.tsx": {"lines":{"total":1,"covered":1,"skipped":0,"pct":100},"functions":{"total":1,"covered":1,"skipped":0,"pct":100},"statements":{"total":1,"covered":1,"skipped":0,"pct":100},"branches":{"total":0,"covered":0,"skipped":0,"pct":100}}
,"/home/runner/work/macpro-mako/macpro-mako/lib/libs/email/preview/WithdrawPackage/State/AppK.tsx": {"lines":{"total":1,"covered":1,"skipped":0,"pct":100},"functions":{"total":1,"covered":1,"skipped":0,"pct":100},"statements":{"total":1,"covered":1,"skipped":0,"pct":100},"branches":{"total":0,"covered":0,"skipped":0,"pct":100}}
,"/home/runner/work/macpro-mako/macpro-mako/lib/libs/email/preview/WithdrawPackage/State/CHIP_SPA.tsx": {"lines":{"total":1,"covered":1,"skipped":0,"pct":100},"functions":{"total":1,"covered":1,"skipped":0,"pct":100},"statements":{"total":1,"covered":1,"skipped":0,"pct":100},"branches":{"total":0,"covered":0,"skipped":0,"pct":100}}
,"/home/runner/work/macpro-mako/macpro-mako/lib/libs/email/preview/WithdrawPackage/State/Medicaid_SPA.tsx": {"lines":{"total":1,"covered":1,"skipped":0,"pct":100},"functions":{"total":1,"covered":1,"skipped":0,"pct":100},"statements":{"total":1,"covered":1,"skipped":0,"pct":100},"branches":{"total":0,"covered":0,"skipped":0,"pct":100}}
,"/home/runner/work/macpro-mako/macpro-mako/lib/libs/email/preview/WithdrawPackage/State/Waiver_Capitated.tsx": {"lines":{"total":1,"covered":1,"skipped":0,"pct":100},"functions":{"total":1,"covered":1,"skipped":0,"pct":100},"statements":{"total":1,"covered":1,"skipped":0,"pct":100},"branches":{"total":0,"covered":0,"skipped":0,"pct":100}}
,"/home/runner/work/macpro-mako/macpro-mako/lib/packages/shared-types/actions.ts": {"lines":{"total":13,"covered":13,"skipped":0,"pct":100},"functions":{"total":2,"covered":2,"skipped":0,"pct":100},"statements":{"total":14,"covered":14,"skipped":0,"pct":100},"branches":{"total":2,"covered":2,"skipped":0,"pct":100}}
,"/home/runner/work/macpro-mako/macpro-mako/lib/packages/shared-types/attachments.ts": {"lines":{"total":18,"covered":12,"skipped":0,"pct":66.66},"functions":{"total":6,"covered":4,"skipped":0,"pct":66.66},"statements":{"total":25,"covered":16,"skipped":0,"pct":64},"branches":{"total":20,"covered":8,"skipped":0,"pct":40}}
,"/home/runner/work/macpro-mako/macpro-mako/lib/packages/shared-types/authority.ts": {"lines":{"total":5,"covered":5,"skipped":0,"pct":100},"functions":{"total":2,"covered":2,"skipped":0,"pct":100},"statements":{"total":6,"covered":6,"skipped":0,"pct":100},"branches":{"total":2,"covered":2,"skipped":0,"pct":100}}
,"/home/runner/work/macpro-mako/macpro-mako/lib/packages/shared-types/forms.ts": {"lines":{"total":1,"covered":1,"skipped":0,"pct":100},"functions":{"total":0,"covered":0,"skipped":0,"pct":100},"statements":{"total":2,"covered":2,"skipped":0,"pct":100},"branches":{"total":0,"covered":0,"skipped":0,"pct":100}}
,"/home/runner/work/macpro-mako/macpro-mako/lib/packages/shared-types/issue.ts": {"lines":{"total":7,"covered":7,"skipped":0,"pct":100},"functions":{"total":0,"covered":0,"skipped":0,"pct":100},"statements":{"total":13,"covered":13,"skipped":0,"pct":100},"branches":{"total":0,"covered":0,"skipped":0,"pct":100}}
,"/home/runner/work/macpro-mako/macpro-mako/lib/packages/shared-types/notification.ts": {"lines":{"total":1,"covered":1,"skipped":0,"pct":100},"functions":{"total":0,"covered":0,"skipped":0,"pct":100},"statements":{"total":2,"covered":2,"skipped":0,"pct":100},"branches":{"total":0,"covered":0,"skipped":0,"pct":100}}
,"/home/runner/work/macpro-mako/macpro-mako/lib/packages/shared-types/states.ts": {"lines":{"total":2,"covered":2,"skipped":0,"pct":100},"functions":{"total":0,"covered":0,"skipped":0,"pct":100},"statements":{"total":4,"covered":4,"skipped":0,"pct":100},"branches":{"total":0,"covered":0,"skipped":0,"pct":100}}
,"/home/runner/work/macpro-mako/macpro-mako/lib/packages/shared-types/statusHelper.ts": {"lines":{"total":8,"covered":8,"skipped":0,"pct":100},"functions":{"total":2,"covered":1,"skipped":0,"pct":50},"statements":{"total":15,"covered":15,"skipped":0,"pct":100},"branches":{"total":4,"covered":4,"skipped":0,"pct":100}}
,"/home/runner/work/macpro-mako/macpro-mako/lib/packages/shared-types/uploads.ts": {"lines":{"total":1,"covered":1,"skipped":0,"pct":100},"functions":{"total":0,"covered":0,"skipped":0,"pct":100},"statements":{"total":2,"covered":2,"skipped":0,"pct":100},"branches":{"total":0,"covered":0,"skipped":0,"pct":100}}
,"/home/runner/work/macpro-mako/macpro-mako/lib/packages/shared-types/user.ts": {"lines":{"total":13,"covered":13,"skipped":0,"pct":100},"functions":{"total":2,"covered":2,"skipped":0,"pct":100},"statements":{"total":19,"covered":19,"skipped":0,"pct":100},"branches":{"total":2,"covered":2,"skipped":0,"pct":100}}
,"/home/runner/work/macpro-mako/macpro-mako/lib/packages/shared-types/events/app-k.ts": {"lines":{"total":3,"covered":3,"skipped":0,"pct":100},"functions":{"total":1,"covered":1,"skipped":0,"pct":100},"statements":{"total":5,"covered":5,"skipped":0,"pct":100},"branches":{"total":0,"covered":0,"skipped":0,"pct":100}}
,"/home/runner/work/macpro-mako/macpro-mako/lib/packages/shared-types/events/base-schema.ts": {"lines":{"total":5,"covered":5,"skipped":0,"pct":100},"functions":{"total":0,"covered":0,"skipped":0,"pct":100},"statements":{"total":10,"covered":10,"skipped":0,"pct":100},"branches":{"total":0,"covered":0,"skipped":0,"pct":100}}
,"/home/runner/work/macpro-mako/macpro-mako/lib/packages/shared-types/events/capitated-amendment.ts": {"lines":{"total":4,"covered":4,"skipped":0,"pct":100},"functions":{"total":2,"covered":2,"skipped":0,"pct":100},"statements":{"total":6,"covered":6,"skipped":0,"pct":100},"branches":{"total":0,"covered":0,"skipped":0,"pct":100}}
,"/home/runner/work/macpro-mako/macpro-mako/lib/packages/shared-types/events/capitated-initial.ts": {"lines":{"total":3,"covered":3,"skipped":0,"pct":100},"functions":{"total":1,"covered":1,"skipped":0,"pct":100},"statements":{"total":5,"covered":5,"skipped":0,"pct":100},"branches":{"total":0,"covered":0,"skipped":0,"pct":100}}
,"/home/runner/work/macpro-mako/macpro-mako/lib/packages/shared-types/events/capitated-renewal.ts": {"lines":{"total":4,"covered":4,"skipped":0,"pct":100},"functions":{"total":2,"covered":2,"skipped":0,"pct":100},"statements":{"total":6,"covered":6,"skipped":0,"pct":100},"branches":{"total":0,"covered":0,"skipped":0,"pct":100}}
,"/home/runner/work/macpro-mako/macpro-mako/lib/packages/shared-types/events/contracting-amendment.ts": {"lines":{"total":4,"covered":4,"skipped":0,"pct":100},"functions":{"total":2,"covered":2,"skipped":0,"pct":100},"statements":{"total":6,"covered":6,"skipped":0,"pct":100},"branches":{"total":0,"covered":0,"skipped":0,"pct":100}}
,"/home/runner/work/macpro-mako/macpro-mako/lib/packages/shared-types/events/contracting-initial.ts": {"lines":{"total":3,"covered":3,"skipped":0,"pct":100},"functions":{"total":1,"covered":1,"skipped":0,"pct":100},"statements":{"total":5,"covered":5,"skipped":0,"pct":100},"branches":{"total":0,"covered":0,"skipped":0,"pct":100}}
,"/home/runner/work/macpro-mako/macpro-mako/lib/packages/shared-types/events/contracting-renewal.ts": {"lines":{"total":4,"covered":4,"skipped":0,"pct":100},"functions":{"total":2,"covered":2,"skipped":0,"pct":100},"statements":{"total":6,"covered":6,"skipped":0,"pct":100},"branches":{"total":0,"covered":0,"skipped":0,"pct":100}}
,"/home/runner/work/macpro-mako/macpro-mako/lib/packages/shared-types/events/index.ts": {"lines":{"total":1,"covered":1,"skipped":0,"pct":100},"functions":{"total":0,"covered":0,"skipped":0,"pct":100},"statements":{"total":2,"covered":2,"skipped":0,"pct":100},"branches":{"total":0,"covered":0,"skipped":0,"pct":100}}
,"/home/runner/work/macpro-mako/macpro-mako/lib/packages/shared-types/events/new-chip-submission.ts": {"lines":{"total":3,"covered":3,"skipped":0,"pct":100},"functions":{"total":1,"covered":1,"skipped":0,"pct":100},"statements":{"total":5,"covered":5,"skipped":0,"pct":100},"branches":{"total":0,"covered":0,"skipped":0,"pct":100}}
,"/home/runner/work/macpro-mako/macpro-mako/lib/packages/shared-types/events/new-medicaid-submission.ts": {"lines":{"total":3,"covered":3,"skipped":0,"pct":100},"functions":{"total":1,"covered":1,"skipped":0,"pct":100},"statements":{"total":5,"covered":5,"skipped":0,"pct":100},"branches":{"total":0,"covered":0,"skipped":0,"pct":100}}
,"/home/runner/work/macpro-mako/macpro-mako/lib/packages/shared-types/events/remove-appk-child.ts": {"lines":{"total":1,"covered":1,"skipped":0,"pct":100},"functions":{"total":0,"covered":0,"skipped":0,"pct":100},"statements":{"total":2,"covered":2,"skipped":0,"pct":100},"branches":{"total":0,"covered":0,"skipped":0,"pct":100}}
,"/home/runner/work/macpro-mako/macpro-mako/lib/packages/shared-types/events/respond-to-rai.ts": {"lines":{"total":5,"covered":5,"skipped":0,"pct":100},"functions":{"total":0,"covered":0,"skipped":0,"pct":100},"statements":{"total":10,"covered":10,"skipped":0,"pct":100},"branches":{"total":0,"covered":0,"skipped":0,"pct":100}}
,"/home/runner/work/macpro-mako/macpro-mako/lib/packages/shared-types/events/seatool.ts": {"lines":{"total":4,"covered":4,"skipped":0,"pct":100},"functions":{"total":2,"covered":2,"skipped":0,"pct":100},"statements":{"total":6,"covered":6,"skipped":0,"pct":100},"branches":{"total":4,"covered":2,"skipped":0,"pct":50}}
,"/home/runner/work/macpro-mako/macpro-mako/lib/packages/shared-types/events/temporary-extension.ts": {"lines":{"total":4,"covered":4,"skipped":0,"pct":100},"functions":{"total":2,"covered":2,"skipped":0,"pct":100},"statements":{"total":6,"covered":6,"skipped":0,"pct":100},"branches":{"total":0,"covered":0,"skipped":0,"pct":100}}
,"/home/runner/work/macpro-mako/macpro-mako/lib/packages/shared-types/events/toggle-withdraw-rai.ts": {"lines":{"total":2,"covered":2,"skipped":0,"pct":100},"functions":{"total":0,"covered":0,"skipped":0,"pct":100},"statements":{"total":4,"covered":4,"skipped":0,"pct":100},"branches":{"total":0,"covered":0,"skipped":0,"pct":100}}
,"/home/runner/work/macpro-mako/macpro-mako/lib/packages/shared-types/events/update-id.ts": {"lines":{"total":1,"covered":1,"skipped":0,"pct":100},"functions":{"total":0,"covered":0,"skipped":0,"pct":100},"statements":{"total":2,"covered":2,"skipped":0,"pct":100},"branches":{"total":0,"covered":0,"skipped":0,"pct":100}}
,"/home/runner/work/macpro-mako/macpro-mako/lib/packages/shared-types/events/upload-subsequent-documents.ts": {"lines":{"total":2,"covered":2,"skipped":0,"pct":100},"functions":{"total":0,"covered":0,"skipped":0,"pct":100},"statements":{"total":4,"covered":4,"skipped":0,"pct":100},"branches":{"total":0,"covered":0,"skipped":0,"pct":100}}
,"/home/runner/work/macpro-mako/macpro-mako/lib/packages/shared-types/events/withdraw-package.ts": {"lines":{"total":4,"covered":4,"skipped":0,"pct":100},"functions":{"total":0,"covered":0,"skipped":0,"pct":100},"statements":{"total":8,"covered":8,"skipped":0,"pct":100},"branches":{"total":0,"covered":0,"skipped":0,"pct":100}}
,"/home/runner/work/macpro-mako/macpro-mako/lib/packages/shared-types/events/withdraw-rai.ts": {"lines":{"total":5,"covered":5,"skipped":0,"pct":100},"functions":{"total":3,"covered":3,"skipped":0,"pct":100},"statements":{"total":7,"covered":7,"skipped":0,"pct":100},"branches":{"total":2,"covered":1,"skipped":0,"pct":50}}
,"/home/runner/work/macpro-mako/macpro-mako/lib/packages/shared-types/opensearch/changelog/index.ts": {"lines":{"total":1,"covered":1,"skipped":0,"pct":100},"functions":{"total":0,"covered":0,"skipped":0,"pct":100},"statements":{"total":2,"covered":2,"skipped":0,"pct":100},"branches":{"total":0,"covered":0,"skipped":0,"pct":100}}
,"/home/runner/work/macpro-mako/macpro-mako/lib/packages/shared-types/opensearch/changelog/transforms/app-k.ts": {"lines":{"total":7,"covered":6,"skipped":0,"pct":85.71},"functions":{"total":8,"covered":7,"skipped":0,"pct":87.5},"statements":{"total":11,"covered":10,"skipped":0,"pct":90.9},"branches":{"total":9,"covered":6,"skipped":0,"pct":66.66}}
,"/home/runner/work/macpro-mako/macpro-mako/lib/packages/shared-types/opensearch/changelog/transforms/capitated-amendment.ts": {"lines":{"total":7,"covered":6,"skipped":0,"pct":85.71},"functions":{"total":8,"covered":7,"skipped":0,"pct":87.5},"statements":{"total":11,"covered":10,"skipped":0,"pct":90.9},"branches":{"total":9,"covered":6,"skipped":0,"pct":66.66}}
,"/home/runner/work/macpro-mako/macpro-mako/lib/packages/shared-types/opensearch/changelog/transforms/capitated-initial.ts": {"lines":{"total":7,"covered":6,"skipped":0,"pct":85.71},"functions":{"total":8,"covered":7,"skipped":0,"pct":87.5},"statements":{"total":11,"covered":10,"skipped":0,"pct":90.9},"branches":{"total":9,"covered":6,"skipped":0,"pct":66.66}}
,"/home/runner/work/macpro-mako/macpro-mako/lib/packages/shared-types/opensearch/changelog/transforms/capitated-renewal.ts": {"lines":{"total":7,"covered":6,"skipped":0,"pct":85.71},"functions":{"total":8,"covered":7,"skipped":0,"pct":87.5},"statements":{"total":11,"covered":10,"skipped":0,"pct":90.9},"branches":{"total":9,"covered":6,"skipped":0,"pct":66.66}}
,"/home/runner/work/macpro-mako/macpro-mako/lib/packages/shared-types/opensearch/changelog/transforms/contracting-amendment.ts": {"lines":{"total":7,"covered":6,"skipped":0,"pct":85.71},"functions":{"total":8,"covered":7,"skipped":0,"pct":87.5},"statements":{"total":11,"covered":10,"skipped":0,"pct":90.9},"branches":{"total":9,"covered":6,"skipped":0,"pct":66.66}}
,"/home/runner/work/macpro-mako/macpro-mako/lib/packages/shared-types/opensearch/changelog/transforms/contracting-initial.ts": {"lines":{"total":7,"covered":6,"skipped":0,"pct":85.71},"functions":{"total":8,"covered":7,"skipped":0,"pct":87.5},"statements":{"total":11,"covered":10,"skipped":0,"pct":90.9},"branches":{"total":9,"covered":6,"skipped":0,"pct":66.66}}
,"/home/runner/work/macpro-mako/macpro-mako/lib/packages/shared-types/opensearch/changelog/transforms/contracting-renewal.ts": {"lines":{"total":7,"covered":6,"skipped":0,"pct":85.71},"functions":{"total":8,"covered":7,"skipped":0,"pct":87.5},"statements":{"total":11,"covered":10,"skipped":0,"pct":90.9},"branches":{"total":9,"covered":6,"skipped":0,"pct":66.66}}
,"/home/runner/work/macpro-mako/macpro-mako/lib/packages/shared-types/opensearch/changelog/transforms/new-chip-submission.ts": {"lines":{"total":7,"covered":6,"skipped":0,"pct":85.71},"functions":{"total":8,"covered":7,"skipped":0,"pct":87.5},"statements":{"total":11,"covered":10,"skipped":0,"pct":90.9},"branches":{"total":9,"covered":6,"skipped":0,"pct":66.66}}
,"/home/runner/work/macpro-mako/macpro-mako/lib/packages/shared-types/opensearch/changelog/transforms/new-medicaid-submission.ts": {"lines":{"total":7,"covered":6,"skipped":0,"pct":85.71},"functions":{"total":8,"covered":7,"skipped":0,"pct":87.5},"statements":{"total":11,"covered":10,"skipped":0,"pct":90.9},"branches":{"total":11,"covered":7,"skipped":0,"pct":63.63}}
,"/home/runner/work/macpro-mako/macpro-mako/lib/packages/shared-types/opensearch/changelog/transforms/respond-to-rai.ts": {"lines":{"total":7,"covered":6,"skipped":0,"pct":85.71},"functions":{"total":8,"covered":7,"skipped":0,"pct":87.5},"statements":{"total":11,"covered":10,"skipped":0,"pct":90.9},"branches":{"total":9,"covered":6,"skipped":0,"pct":66.66}}
,"/home/runner/work/macpro-mako/macpro-mako/lib/packages/shared-types/opensearch/changelog/transforms/temporary-extension.ts": {"lines":{"total":7,"covered":6,"skipped":0,"pct":85.71},"functions":{"total":8,"covered":7,"skipped":0,"pct":87.5},"statements":{"total":11,"covered":10,"skipped":0,"pct":90.9},"branches":{"total":9,"covered":6,"skipped":0,"pct":66.66}}
,"/home/runner/work/macpro-mako/macpro-mako/lib/packages/shared-types/opensearch/changelog/transforms/toggle-withdraw-rai.ts": {"lines":{"total":3,"covered":3,"skipped":0,"pct":100},"functions":{"total":4,"covered":3,"skipped":0,"pct":75},"statements":{"total":4,"covered":4,"skipped":0,"pct":100},"branches":{"total":0,"covered":0,"skipped":0,"pct":100}}
,"/home/runner/work/macpro-mako/macpro-mako/lib/packages/shared-types/opensearch/changelog/transforms/upload-subsequent-documents.ts": {"lines":{"total":7,"covered":4,"skipped":0,"pct":57.14},"functions":{"total":8,"covered":4,"skipped":0,"pct":50},"statements":{"total":11,"covered":6,"skipped":0,"pct":54.54},"branches":{"total":9,"covered":1,"skipped":0,"pct":11.11}}
,"/home/runner/work/macpro-mako/macpro-mako/lib/packages/shared-types/opensearch/changelog/transforms/withdraw-package.ts": {"lines":{"total":7,"covered":6,"skipped":0,"pct":85.71},"functions":{"total":8,"covered":7,"skipped":0,"pct":87.5},"statements":{"total":11,"covered":10,"skipped":0,"pct":90.9},"branches":{"total":9,"covered":6,"skipped":0,"pct":66.66}}
,"/home/runner/work/macpro-mako/macpro-mako/lib/packages/shared-types/opensearch/changelog/transforms/withdraw-rai.ts": {"lines":{"total":7,"covered":6,"skipped":0,"pct":85.71},"functions":{"total":8,"covered":7,"skipped":0,"pct":87.5},"statements":{"total":11,"covered":10,"skipped":0,"pct":90.9},"branches":{"total":9,"covered":6,"skipped":0,"pct":66.66}}
,"/home/runner/work/macpro-mako/macpro-mako/lib/packages/shared-types/opensearch/cpocs/transforms/Officers.ts": {"lines":{"total":4,"covered":4,"skipped":0,"pct":100},"functions":{"total":4,"covered":3,"skipped":0,"pct":75},"statements":{"total":5,"covered":5,"skipped":0,"pct":100},"branches":{"total":0,"covered":0,"skipped":0,"pct":100}}
,"/home/runner/work/macpro-mako/macpro-mako/lib/packages/shared-types/opensearch/main/index.ts": {"lines":{"total":2,"covered":2,"skipped":0,"pct":100},"functions":{"total":0,"covered":0,"skipped":0,"pct":100},"statements":{"total":4,"covered":4,"skipped":0,"pct":100},"branches":{"total":0,"covered":0,"skipped":0,"pct":100}}
,"/home/runner/work/macpro-mako/macpro-mako/lib/packages/shared-types/opensearch/main/transforms/app-k.ts": {"lines":{"total":6,"covered":6,"skipped":0,"pct":100},"functions":{"total":4,"covered":3,"skipped":0,"pct":75},"statements":{"total":7,"covered":7,"skipped":0,"pct":100},"branches":{"total":0,"covered":0,"skipped":0,"pct":100}}
,"/home/runner/work/macpro-mako/macpro-mako/lib/packages/shared-types/opensearch/main/transforms/capitated-amendment.ts": {"lines":{"total":6,"covered":6,"skipped":0,"pct":100},"functions":{"total":4,"covered":3,"skipped":0,"pct":75},"statements":{"total":7,"covered":7,"skipped":0,"pct":100},"branches":{"total":0,"covered":0,"skipped":0,"pct":100}}
,"/home/runner/work/macpro-mako/macpro-mako/lib/packages/shared-types/opensearch/main/transforms/capitated-initial.ts": {"lines":{"total":6,"covered":6,"skipped":0,"pct":100},"functions":{"total":4,"covered":3,"skipped":0,"pct":75},"statements":{"total":7,"covered":7,"skipped":0,"pct":100},"branches":{"total":2,"covered":1,"skipped":0,"pct":50}}
,"/home/runner/work/macpro-mako/macpro-mako/lib/packages/shared-types/opensearch/main/transforms/capitated-renewal.ts": {"lines":{"total":6,"covered":6,"skipped":0,"pct":100},"functions":{"total":4,"covered":3,"skipped":0,"pct":75},"statements":{"total":7,"covered":7,"skipped":0,"pct":100},"branches":{"total":0,"covered":0,"skipped":0,"pct":100}}
,"/home/runner/work/macpro-mako/macpro-mako/lib/packages/shared-types/opensearch/main/transforms/changedDate.ts": {"lines":{"total":2,"covered":2,"skipped":0,"pct":100},"functions":{"total":4,"covered":3,"skipped":0,"pct":75},"statements":{"total":5,"covered":5,"skipped":0,"pct":100},"branches":{"total":2,"covered":2,"skipped":0,"pct":100}}
,"/home/runner/work/macpro-mako/macpro-mako/lib/packages/shared-types/opensearch/main/transforms/contracting-amendment.ts": {"lines":{"total":6,"covered":6,"skipped":0,"pct":100},"functions":{"total":4,"covered":3,"skipped":0,"pct":75},"statements":{"total":7,"covered":7,"skipped":0,"pct":100},"branches":{"total":0,"covered":0,"skipped":0,"pct":100}}
,"/home/runner/work/macpro-mako/macpro-mako/lib/packages/shared-types/opensearch/main/transforms/contracting-initial.ts": {"lines":{"total":6,"covered":6,"skipped":0,"pct":100},"functions":{"total":4,"covered":3,"skipped":0,"pct":75},"statements":{"total":7,"covered":7,"skipped":0,"pct":100},"branches":{"total":2,"covered":1,"skipped":0,"pct":50}}
,"/home/runner/work/macpro-mako/macpro-mako/lib/packages/shared-types/opensearch/main/transforms/contracting-renewal.ts": {"lines":{"total":6,"covered":6,"skipped":0,"pct":100},"functions":{"total":4,"covered":3,"skipped":0,"pct":75},"statements":{"total":7,"covered":7,"skipped":0,"pct":100},"branches":{"total":0,"covered":0,"skipped":0,"pct":100}}
,"/home/runner/work/macpro-mako/macpro-mako/lib/packages/shared-types/opensearch/main/transforms/new-chip-submission.ts": {"lines":{"total":6,"covered":6,"skipped":0,"pct":100},"functions":{"total":4,"covered":3,"skipped":0,"pct":75},"statements":{"total":7,"covered":7,"skipped":0,"pct":100},"branches":{"total":0,"covered":0,"skipped":0,"pct":100}}
,"/home/runner/work/macpro-mako/macpro-mako/lib/packages/shared-types/opensearch/main/transforms/new-medicaid-submission.ts": {"lines":{"total":6,"covered":6,"skipped":0,"pct":100},"functions":{"total":4,"covered":3,"skipped":0,"pct":75},"statements":{"total":7,"covered":7,"skipped":0,"pct":100},"branches":{"total":0,"covered":0,"skipped":0,"pct":100}}
,"/home/runner/work/macpro-mako/macpro-mako/lib/packages/shared-types/opensearch/main/transforms/remove-appk-child.ts": {"lines":{"total":3,"covered":1,"skipped":0,"pct":33.33},"functions":{"total":4,"covered":0,"skipped":0,"pct":0},"statements":{"total":4,"covered":2,"skipped":0,"pct":50},"branches":{"total":2,"covered":0,"skipped":0,"pct":0}}
,"/home/runner/work/macpro-mako/macpro-mako/lib/packages/shared-types/opensearch/main/transforms/respond-to-rai.ts": {"lines":{"total":4,"covered":4,"skipped":0,"pct":100},"functions":{"total":4,"covered":3,"skipped":0,"pct":75},"statements":{"total":5,"covered":5,"skipped":0,"pct":100},"branches":{"total":8,"covered":4,"skipped":0,"pct":50}}
,"/home/runner/work/macpro-mako/macpro-mako/lib/packages/shared-types/opensearch/main/transforms/seatool.ts": {"lines":{"total":56,"covered":48,"skipped":0,"pct":85.71},"functions":{"total":29,"covered":22,"skipped":0,"pct":75.86},"statements":{"total":69,"covered":56,"skipped":0,"pct":81.15},"branches":{"total":108,"covered":77,"skipped":0,"pct":71.29}}
,"/home/runner/work/macpro-mako/macpro-mako/lib/packages/shared-types/opensearch/main/transforms/temporary-extension.ts": {"lines":{"total":5,"covered":5,"skipped":0,"pct":100},"functions":{"total":4,"covered":3,"skipped":0,"pct":75},"statements":{"total":6,"covered":6,"skipped":0,"pct":100},"branches":{"total":0,"covered":0,"skipped":0,"pct":100}}
,"/home/runner/work/macpro-mako/macpro-mako/lib/packages/shared-types/opensearch/main/transforms/toggle-withdraw-rai.ts": {"lines":{"total":2,"covered":2,"skipped":0,"pct":100},"functions":{"total":4,"covered":3,"skipped":0,"pct":75},"statements":{"total":5,"covered":5,"skipped":0,"pct":100},"branches":{"total":2,"covered":1,"skipped":0,"pct":50}}
,"/home/runner/work/macpro-mako/macpro-mako/lib/packages/shared-types/opensearch/main/transforms/upload-subsequent-documents.ts": {"lines":{"total":2,"covered":2,"skipped":0,"pct":100},"functions":{"total":4,"covered":3,"skipped":0,"pct":75},"statements":{"total":5,"covered":5,"skipped":0,"pct":100},"branches":{"total":2,"covered":1,"skipped":0,"pct":50}}
,"/home/runner/work/macpro-mako/macpro-mako/lib/packages/shared-types/opensearch/main/transforms/withdraw-package.ts": {"lines":{"total":4,"covered":4,"skipped":0,"pct":100},"functions":{"total":4,"covered":3,"skipped":0,"pct":75},"statements":{"total":5,"covered":5,"skipped":0,"pct":100},"branches":{"total":2,"covered":1,"skipped":0,"pct":50}}
,"/home/runner/work/macpro-mako/macpro-mako/lib/packages/shared-types/opensearch/main/transforms/withdraw-rai-response.ts": {"lines":{"total":4,"covered":4,"skipped":0,"pct":100},"functions":{"total":4,"covered":3,"skipped":0,"pct":75},"statements":{"total":5,"covered":5,"skipped":0,"pct":100},"branches":{"total":2,"covered":1,"skipped":0,"pct":50}}
,"/home/runner/work/macpro-mako/macpro-mako/lib/packages/shared-types/opensearch/main/transforms/legacy-transforms/amendment-waiver.ts": {"lines":{"total":3,"covered":3,"skipped":0,"pct":100},"functions":{"total":4,"covered":3,"skipped":0,"pct":75},"statements":{"total":4,"covered":4,"skipped":0,"pct":100},"branches":{"total":0,"covered":0,"skipped":0,"pct":100}}
,"/home/runner/work/macpro-mako/macpro-mako/lib/packages/shared-types/opensearch/main/transforms/legacy-transforms/app-k.ts": {"lines":{"total":3,"covered":3,"skipped":0,"pct":100},"functions":{"total":4,"covered":3,"skipped":0,"pct":75},"statements":{"total":4,"covered":4,"skipped":0,"pct":100},"branches":{"total":0,"covered":0,"skipped":0,"pct":100}}
,"/home/runner/work/macpro-mako/macpro-mako/lib/packages/shared-types/opensearch/main/transforms/legacy-transforms/chip-spa.ts": {"lines":{"total":3,"covered":3,"skipped":0,"pct":100},"functions":{"total":4,"covered":3,"skipped":0,"pct":75},"statements":{"total":4,"covered":4,"skipped":0,"pct":100},"branches":{"total":0,"covered":0,"skipped":0,"pct":100}}
,"/home/runner/work/macpro-mako/macpro-mako/lib/packages/shared-types/opensearch/main/transforms/legacy-transforms/index.ts": {"lines":{"total":1,"covered":1,"skipped":0,"pct":100},"functions":{"total":0,"covered":0,"skipped":0,"pct":100},"statements":{"total":2,"covered":2,"skipped":0,"pct":100},"branches":{"total":0,"covered":0,"skipped":0,"pct":100}}
,"/home/runner/work/macpro-mako/macpro-mako/lib/packages/shared-types/opensearch/main/transforms/legacy-transforms/initial-waiver.ts": {"lines":{"total":3,"covered":3,"skipped":0,"pct":100},"functions":{"total":4,"covered":3,"skipped":0,"pct":75},"statements":{"total":4,"covered":4,"skipped":0,"pct":100},"branches":{"total":0,"covered":0,"skipped":0,"pct":100}}
[...]
,"/home/runner/work/macpro-mako/macpro-mako/react-app/src/features/guides/index.tsx": {"lines":{"total":2,"covered":2,"skipped":0,"pct":100},"functions":{"total":1,"covered":0,"skipped":0,"pct":0},"statements":{"total":2,"covered":2,"skipped":0,"pct":100},"branches":{"total":2,"covered":0,"skipped":0,"pct":0}}
,"/home/runner/work/macpro-mako/macpro-mako/react-app/src/features/login/index.tsx": {"lines":{"total":9,"covered":2,"skipped":0,"pct":22.22},"functions":{"total":2,"covered":0,"skipped":0,"pct":0},"statements":{"total":9,"covered":2,"skipped":0,"pct":22.22},"branches":{"total":2,"covered":0,"skipped":0,"pct":0}}
,"/home/runner/work/macpro-mako/macpro-mako/react-app/src/features/package/hooks.tsx": {"lines":{"total":12,"covered":1,"skipped":0,"pct":8.33},"functions":{"total":4,"covered":0,"skipped":0,"pct":0},"statements":{"total":12,"covered":1,"skipped":0,"pct":8.33},"branches":{"total":2,"covered":0,"skipped":0,"pct":0}}
,"/home/runner/work/macpro-mako/macpro-mako/react-app/src/features/package/index.tsx": {"lines":{"total":22,"covered":8,"skipped":0,"pct":36.36},"functions":{"total":5,"covered":2,"skipped":0,"pct":40},"statements":{"total":22,"covered":8,"skipped":0,"pct":36.36},"branches":{"total":11,"covered":0,"skipped":0,"pct":0}}
,"/home/runner/work/macpro-mako/macpro-mako/react-app/src/features/package/admin-changes/index.tsx": {"lines":{"total":15,"covered":13,"skipped":0,"pct":86.66},"functions":{"total":5,"covered":5,"skipped":0,"pct":100},"statements":{"total":17,"covered":15,"skipped":0,"pct":88.23},"branches":{"total":18,"covered":15,"skipped":0,"pct":83.33}}
,"/home/runner/work/macpro-mako/macpro-mako/react-app/src/features/package/package-actions/index.tsx": {"lines":{"total":4,"covered":4,"skipped":0,"pct":100},"functions":{"total":1,"covered":1,"skipped":0,"pct":100},"statements":{"total":4,"covered":4,"skipped":0,"pct":100},"branches":{"total":6,"covered":1,"skipped":0,"pct":16.66}}
,"/home/runner/work/macpro-mako/macpro-mako/react-app/src/features/package/package-activity/hook.ts": {"lines":{"total":21,"covered":20,"skipped":0,"pct":95.23},"functions":{"total":7,"covered":7,"skipped":0,"pct":100},"statements":{"total":23,"covered":21,"skipped":0,"pct":91.3},"branches":{"total":4,"covered":2,"skipped":0,"pct":50}}
,"/home/runner/work/macpro-mako/macpro-mako/react-app/src/features/package/package-activity/index.tsx": {"lines":{"total":28,"covered":26,"skipped":0,"pct":92.85},"functions":{"total":11,"covered":11,"skipped":0,"pct":100},"statements":{"total":29,"covered":27,"skipped":0,"pct":93.1},"branches":{"total":34,"covered":30,"skipped":0,"pct":88.23}}
,"/home/runner/work/macpro-mako/macpro-mako/react-app/src/features/package/package-details/details.tsx": {"lines":{"total":12,"covered":5,"skipped":0,"pct":41.66},"functions":{"total":8,"covered":4,"skipped":0,"pct":50},"statements":{"total":16,"covered":9,"skipped":0,"pct":56.25},"branches":{"total":44,"covered":25,"skipped":0,"pct":56.81}}
,"/home/runner/work/macpro-mako/macpro-mako/react-app/src/features/package/package-details/index.tsx": {"lines":{"total":9,"covered":8,"skipped":0,"pct":88.88},"functions":{"total":3,"covered":3,"skipped":0,"pct":100},"statements":{"total":10,"covered":8,"skipped":0,"pct":80},"branches":{"total":12,"covered":8,"skipped":0,"pct":66.66}}
,"/home/runner/work/macpro-mako/macpro-mako/react-app/src/features/package/package-status/index.tsx": {"lines":{"total":4,"covered":4,"skipped":0,"pct":100},"functions":{"total":1,"covered":1,"skipped":0,"pct":100},"statements":{"total":4,"covered":4,"skipped":0,"pct":100},"branches":{"total":13,"covered":13,"skipped":0,"pct":100}}
,"/home/runner/work/macpro-mako/macpro-mako/react-app/src/features/profile/index.tsx": {"lines":{"total":16,"covered":16,"skipped":0,"pct":100},"functions":{"total":4,"covered":4,"skipped":0,"pct":100},"statements":{"total":16,"covered":16,"skipped":0,"pct":100},"branches":{"total":8,"covered":8,"skipped":0,"pct":100}}
,"/home/runner/work/macpro-mako/macpro-mako/react-app/src/features/selection-flow/options.tsx": {"lines":{"total":8,"covered":8,"skipped":0,"pct":100},"functions":{"total":0,"covered":0,"skipped":0,"pct":100},"statements":{"total":8,"covered":8,"skipped":0,"pct":100},"branches":{"total":0,"covered":0,"skipped":0,"pct":100}}
,"/home/runner/work/macpro-mako/macpro-mako/react-app/src/features/selection-flow/plan-types.tsx": {"lines":{"total":22,"covered":10,"skipped":0,"pct":45.45},"functions":{"total":10,"covered":0,"skipped":0,"pct":0},"statements":{"total":22,"covered":10,"skipped":0,"pct":45.45},"branches":{"total":4,"covered":0,"skipped":0,"pct":0}}
,"/home/runner/work/macpro-mako/macpro-mako/react-app/src/features/selection-flow/external-landing/ExternalAppLandingPage.tsx": {"lines":{"total":9,"covered":5,"skipped":0,"pct":55.55},"functions":{"total":5,"covered":1,"skipped":0,"pct":20},"statements":{"total":9,"covered":5,"skipped":0,"pct":55.55},"branches":{"total":2,"covered":2,"skipped":0,"pct":100}}
,"/home/runner/work/macpro-mako/macpro-mako/react-app/src/features/support/SupportMockContent.tsx": {"lines":{"total":3,"covered":3,"skipped":0,"pct":100},"functions":{"total":0,"covered":0,"skipped":0,"pct":100},"statements":{"total":3,"covered":3,"skipped":0,"pct":100},"branches":{"total":0,"covered":0,"skipped":0,"pct":100}}
,"/home/runner/work/macpro-mako/macpro-mako/react-app/src/features/support/SupportPage.tsx": {"lines":{"total":33,"covered":30,"skipped":0,"pct":90.9},"functions":{"total":14,"covered":12,"skipped":0,"pct":85.71},"statements":{"total":38,"covered":34,"skipped":0,"pct":89.47},"branches":{"total":20,"covered":13,"skipped":0,"pct":65}}
,"/home/runner/work/macpro-mako/macpro-mako/react-app/src/features/welcome/cms.tsx": {"lines":{"total":6,"covered":3,"skipped":0,"pct":50},"functions":{"total":3,"covered":1,"skipped":0,"pct":33.33},"statements":{"total":6,"covered":3,"skipped":0,"pct":50},"branches":{"total":3,"covered":2,"skipped":0,"pct":66.66}}
,"/home/runner/work/macpro-mako/macpro-mako/react-app/src/features/welcome/default.tsx": {"lines":{"total":2,"covered":1,"skipped":0,"pct":50},"functions":{"total":1,"covered":0,"skipped":0,"pct":0},"statements":{"total":2,"covered":1,"skipped":0,"pct":50},"branches":{"total":2,"covered":0,"skipped":0,"pct":0}}
,"/home/runner/work/macpro-mako/macpro-mako/react-app/src/features/welcome/utils.ts": {"lines":{"total":16,"covered":1,"skipped":0,"pct":6.25},"functions":{"total":3,"covered":0,"skipped":0,"pct":0},"statements":{"total":16,"covered":1,"skipped":0,"pct":6.25},"branches":{"total":12,"covered":0,"skipped":0,"pct":0}}
,"/home/runner/work/macpro-mako/macpro-mako/react-app/src/features/welcome/wrapper.tsx": {"lines":{"total":3,"covered":1,"skipped":0,"pct":33.33},"functions":{"total":1,"covered":0,"skipped":0,"pct":0},"statements":{"total":3,"covered":1,"skipped":0,"pct":33.33},"branches":{"total":4,"covered":0,"skipped":0,"pct":0}}
,"/home/runner/work/macpro-mako/macpro-mako/react-app/src/formSchemas/app-k.ts": {"lines":{"total":2,"covered":2,"skipped":0,"pct":100},"functions":{"total":1,"covered":1,"skipped":0,"pct":100},"statements":{"total":2,"covered":2,"skipped":0,"pct":100},"branches":{"total":0,"covered":0,"skipped":0,"pct":100}}
,"/home/runner/work/macpro-mako/macpro-mako/react-app/src/formSchemas/capitated-amendment.ts": {"lines":{"total":5,"covered":5,"skipped":0,"pct":100},"functions":{"total":4,"covered":4,"skipped":0,"pct":100},"statements":{"total":5,"covered":5,"skipped":0,"pct":100},"branches":{"total":0,"covered":0,"skipped":0,"pct":100}}
,"/home/runner/work/macpro-mako/macpro-mako/react-app/src/formSchemas/capitated-initial.ts": {"lines":{"total":2,"covered":2,"skipped":0,"pct":100},"functions":{"total":1,"covered":1,"skipped":0,"pct":100},"statements":{"total":2,"covered":2,"skipped":0,"pct":100},"branches":{"total":0,"covered":0,"skipped":0,"pct":100}}
,"/home/runner/work/macpro-mako/macpro-mako/react-app/src/formSchemas/capitated-renewal.ts": {"lines":{"total":5,"covered":5,"skipped":0,"pct":100},"functions":{"total":4,"covered":4,"skipped":0,"pct":100},"statements":{"total":5,"covered":5,"skipped":0,"pct":100},"branches":{"total":0,"covered":0,"skipped":0,"pct":100}}
,"/home/runner/work/macpro-mako/macpro-mako/react-app/src/formSchemas/contracting-amendment.ts": {"lines":{"total":5,"covered":5,"skipped":0,"pct":100},"functions":{"total":4,"covered":4,"skipped":0,"pct":100},"statements":{"total":5,"covered":5,"skipped":0,"pct":100},"branches":{"total":0,"covered":0,"skipped":0,"pct":100}}
,"/home/runner/work/macpro-mako/macpro-mako/react-app/src/formSchemas/contracting-initial.ts": {"lines":{"total":2,"covered":2,"skipped":0,"pct":100},"functions":{"total":1,"covered":1,"skipped":0,"pct":100},"statements":{"total":2,"covered":2,"skipped":0,"pct":100},"branches":{"total":0,"covered":0,"skipped":0,"pct":100}}
,"/home/runner/work/macpro-mako/macpro-mako/react-app/src/formSchemas/contracting-renewal.ts": {"lines":{"total":5,"covered":5,"skipped":0,"pct":100},"functions":{"total":4,"covered":4,"skipped":0,"pct":100},"statements":{"total":5,"covered":5,"skipped":0,"pct":100},"branches":{"total":0,"covered":0,"skipped":0,"pct":100}}
,"/home/runner/work/macpro-mako/macpro-mako/react-app/src/formSchemas/index.ts": {"lines":{"total":1,"covered":1,"skipped":0,"pct":100},"functions":{"total":0,"covered":0,"skipped":0,"pct":100},"statements":{"total":1,"covered":1,"skipped":0,"pct":100},"branches":{"total":0,"covered":0,"skipped":0,"pct":100}}
,"/home/runner/work/macpro-mako/macpro-mako/react-app/src/formSchemas/new-chip-submission.ts": {"lines":{"total":2,"covered":2,"skipped":0,"pct":100},"functions":{"total":1,"covered":1,"skipped":0,"pct":100},"statements":{"total":2,"covered":2,"skipped":0,"pct":100},"branches":{"total":0,"covered":0,"skipped":0,"pct":100}}
,"/home/runner/work/macpro-mako/macpro-mako/react-app/src/formSchemas/new-medicaid-submission.ts": {"lines":{"total":2,"covered":2,"skipped":0,"pct":100},"functions":{"total":1,"covered":1,"skipped":0,"pct":100},"statements":{"total":2,"covered":2,"skipped":0,"pct":100},"branches":{"total":0,"covered":0,"skipped":0,"pct":100}}
,"/home/runner/work/macpro-mako/macpro-mako/react-app/src/formSchemas/respond-to-rai.ts": {"lines":{"total":3,"covered":3,"skipped":0,"pct":100},"functions":{"total":0,"covered":0,"skipped":0,"pct":100},"statements":{"total":3,"covered":3,"skipped":0,"pct":100},"branches":{"total":0,"covered":0,"skipped":0,"pct":100}}
,"/home/runner/work/macpro-mako/macpro-mako/react-app/src/formSchemas/temporary-extension.ts": {"lines":{"total":18,"covered":16,"skipped":0,"pct":88.88},"functions":{"total":6,"covered":6,"skipped":0,"pct":100},"statements":{"total":18,"covered":16,"skipped":0,"pct":88.88},"branches":{"total":2,"covered":2,"skipped":0,"pct":100}}
,"/home/runner/work/macpro-mako/macpro-mako/react-app/src/formSchemas/toggle-withdraw-rai.ts": {"lines":{"total":1,"covered":1,"skipped":0,"pct":100},"functions":{"total":0,"covered":0,"skipped":0,"pct":100},"statements":{"total":1,"covered":1,"skipped":0,"pct":100},"branches":{"total":0,"covered":0,"skipped":0,"pct":100}}
,"/home/runner/work/macpro-mako/macpro-mako/react-app/src/formSchemas/upload-subsequent-documents.ts": {"lines":{"total":1,"covered":1,"skipped":0,"pct":100},"functions":{"total":0,"covered":0,"skipped":0,"pct":100},"statements":{"total":1,"covered":1,"skipped":0,"pct":100},"branches":{"total":0,"covered":0,"skipped":0,"pct":100}}
,"/home/runner/work/macpro-mako/macpro-mako/react-app/src/formSchemas/withdraw-package.ts": {"lines":{"total":5,"covered":5,"skipped":0,"pct":100},"functions":{"total":1,"covered":1,"skipped":0,"pct":100},"statements":{"total":5,"covered":5,"skipped":0,"pct":100},"branches":{"total":5,"covered":4,"skipped":0,"pct":80}}
,"/home/runner/work/macpro-mako/macpro-mako/react-app/src/formSchemas/withdraw-rai.ts": {"lines":{"total":1,"covered":1,"skipped":0,"pct":100},"functions":{"total":0,"covered":0,"skipped":0,"pct":100},"statements":{"total":1,"covered":1,"skipped":0,"pct":100},"branches":{"total":0,"covered":0,"skipped":0,"pct":100}}
,"/home/runner/work/macpro-mako/macpro-mako/react-app/src/hooks/useDebounce.ts": {"lines":{"total":6,"covered":6,"skipped":0,"pct":100},"functions":{"total":4,"covered":4,"skipped":0,"pct":100},"statements":{"total":7,"covered":7,"skipped":0,"pct":100},"branches":{"total":2,"covered":1,"skipped":0,"pct":50}}
,"/home/runner/work/macpro-mako/macpro-mako/react-app/src/hooks/useFeatureFlag.ts": {"lines":{"total":6,"covered":6,"skipped":0,"pct":100},"functions":{"total":1,"covered":1,"skipped":0,"pct":100},"statements":{"total":6,"covered":6,"skipped":0,"pct":100},"branches":{"total":4,"covered":4,"skipped":0,"pct":100}}
,"/home/runner/work/macpro-mako/macpro-mako/react-app/src/hooks/useHideBanner.ts": {"lines":{"total":4,"covered":1,"skipped":0,"pct":25},"functions":{"total":1,"covered":0,"skipped":0,"pct":0},"statements":{"total":4,"covered":1,"skipped":0,"pct":25},"branches":{"total":0,"covered":0,"skipped":0,"pct":100}}
,"/home/runner/work/macpro-mako/macpro-mako/react-app/src/hooks/useLabelMappings.ts": {"lines":{"total":5,"covered":5,"skipped":0,"pct":100},"functions":{"total":2,"covered":2,"skipped":0,"pct":100},"statements":{"total":5,"covered":5,"skipped":0,"pct":100},"branches":{"total":0,"covered":0,"skipped":0,"pct":100}}
,"/home/runner/work/macpro-mako/macpro-mako/react-app/src/hooks/useLocalStorage.ts": {"lines":{"total":14,"covered":13,"skipped":0,"pct":92.85},"functions":{"total":3,"covered":3,"skipped":0,"pct":100},"statements":{"total":15,"covered":13,"skipped":0,"pct":86.66},"branches":{"total":6,"covered":4,"skipped":0,"pct":66.66}}
,"/home/runner/work/macpro-mako/macpro-mako/react-app/src/hooks/useMediaQuery.ts": {"lines":{"total":13,"covered":12,"skipped":0,"pct":92.3},"functions":{"total":5,"covered":5,"skipped":0,"pct":100},"statements":{"total":13,"covered":12,"skipped":0,"pct":92.3},"branches":{"total":2,"covered":1,"skipped":0,"pct":50}}
,"/home/runner/work/macpro-mako/macpro-mako/react-app/src/hooks/useParams.ts": {"lines":{"total":36,"covered":30,"skipped":0,"pct":83.33},"functions":{"total":8,"covered":6,"skipped":0,"pct":75},"statements":{"total":40,"covered":32,"skipped":0,"pct":80},"branches":{"total":18,"covered":13,"skipped":0,"pct":72.22}}
,"/home/runner/work/macpro-mako/macpro-mako/react-app/src/hooks/useReadOnlyUser.tsx": {"lines":{"total":10,"covered":10,"skipped":0,"pct":100},"functions":{"total":2,"covered":2,"skipped":0,"pct":100},"statements":{"total":10,"covered":10,"skipped":0,"pct":100},"branches":{"total":2,"covered":2,"skipped":0,"pct":100}}
,"/home/runner/work/macpro-mako/macpro-mako/react-app/src/hooks/useCountdown/index.ts": {"lines":{"total":23,"covered":21,"skipped":0,"pct":91.3},"functions":{"total":9,"covered":9,"skipped":0,"pct":100},"statements":{"total":24,"covered":22,"skipped":0,"pct":91.66},"branches":{"total":4,"covered":3,"skipped":0,"pct":75}}
,"/home/runner/work/macpro-mako/macpro-mako/react-app/src/hooks/useIdle/index.ts": {"lines":{"total":19,"covered":18,"skipped":0,"pct":94.73},"functions":{"total":9,"covered":8,"skipped":0,"pct":88.88},"statements":{"total":21,"covered":20,"skipped":0,"pct":95.23},"branches":{"total":2,"covered":1,"skipped":0,"pct":50}}
,"/home/runner/work/macpro-mako/macpro-mako/react-app/src/utils/basic-observable.ts": {"lines":{"total":11,"covered":11,"skipped":0,"pct":100},"functions":{"total":5,"covered":5,"skipped":0,"pct":100},"statements":{"total":12,"covered":12,"skipped":0,"pct":100},"branches":{"total":0,"covered":0,"skipped":0,"pct":100}}
,"/home/runner/work/macpro-mako/macpro-mako/react-app/src/utils/createContextProvider.ts": {"lines":{"total":11,"covered":7,"skipped":0,"pct":63.63},"functions":{"total":2,"covered":2,"skipped":0,"pct":100},"statements":{"total":11,"covered":7,"skipped":0,"pct":63.63},"branches":{"total":3,"covered":1,"skipped":0,"pct":33.33}}
,"/home/runner/work/macpro-mako/macpro-mako/react-app/src/utils/crumbs.ts": {"lines":{"total":11,"covered":11,"skipped":0,"pct":100},"functions":{"total":5,"covered":5,"skipped":0,"pct":100},"statements":{"total":14,"covered":14,"skipped":0,"pct":100},"branches":{"total":9,"covered":9,"skipped":0,"pct":100}}
,"/home/runner/work/macpro-mako/macpro-mako/react-app/src/utils/formOrigin.ts": {"lines":{"total":14,"covered":13,"skipped":0,"pct":92.85},"functions":{"total":1,"covered":1,"skipped":0,"pct":100},"statements":{"total":14,"covered":13,"skipped":0,"pct":92.85},"branches":{"total":16,"covered":13,"skipped":0,"pct":81.25}}
,"/home/runner/work/macpro-mako/macpro-mako/react-app/src/utils/labelMappers.ts": {"lines":{"total":12,"covered":10,"skipped":0,"pct":83.33},"functions":{"total":1,"covered":1,"skipped":0,"pct":100},"statements":{"total":12,"covered":10,"skipped":0,"pct":83.33},"branches":{"total":10,"covered":8,"skipped":0,"pct":80}}
,"/home/runner/work/macpro-mako/macpro-mako/react-app/src/utils/location.ts": {"lines":{"total":2,"covered":2,"skipped":0,"pct":100},"functions":{"total":0,"covered":0,"skipped":0,"pct":100},"statements":{"total":2,"covered":2,"skipped":0,"pct":100},"branches":{"total":2,"covered":2,"skipped":0,"pct":100}}
,"/home/runner/work/macpro-mako/macpro-mako/react-app/src/utils/queryClient.ts": {"lines":{"total":1,"covered":1,"skipped":0,"pct":100},"functions":{"total":0,"covered":0,"skipped":0,"pct":100},"statements":{"total":1,"covered":1,"skipped":0,"pct":100},"branches":{"total":0,"covered":0,"skipped":0,"pct":100}}
,"/home/runner/work/macpro-mako/macpro-mako/react-app/src/utils/stateNames.ts": {"lines":{"total":5,"covered":5,"skipped":0,"pct":100},"functions":{"total":2,"covered":2,"skipped":0,"pct":100},"statements":{"total":6,"covered":6,"skipped":0,"pct":100},"branches":{"total":2,"covered":2,"skipped":0,"pct":100}}
,"/home/runner/work/macpro-mako/macpro-mako/react-app/src/utils/textHelpers.ts": {"lines":{"total":6,"covered":6,"skipped":0,"pct":100},"functions":{"total":4,"covered":4,"skipped":0,"pct":100},"statements":{"total":6,"covered":6,"skipped":0,"pct":100},"branches":{"total":2,"covered":2,"skipped":0,"pct":100}}
,"/home/runner/work/macpro-mako/macpro-mako/react-app/src/utils/user.ts": {"lines":{"total":10,"covered":10,"skipped":0,"pct":100},"functions":{"total":2,"covered":2,"skipped":0,"pct":100},"statements":{"total":12,"covered":12,"skipped":0,"pct":100},"branches":{"total":9,"covered":9,"skipped":0,"pct":100}}
,"/home/runner/work/macpro-mako/macpro-mako/react-app/src/utils/utils.ts": {"lines":{"total":1,"covered":1,"skipped":0,"pct":100},"functions":{"total":1,"covered":1,"skipped":0,"pct":100},"statements":{"total":1,"covered":1,"skipped":0,"pct":100},"branches":{"total":0,"covered":0,"skipped":0,"pct":100}}
,"/home/runner/work/macpro-mako/macpro-mako/react-app/src/utils/zod.ts": {"lines":{"total":54,"covered":54,"skipped":0,"pct":100},"functions":{"total":37,"covered":37,"skipped":0,"pct":100},"statements":{"total":56,"covered":56,"skipped":0,"pct":100},"branches":{"total":10,"covered":9,"skipped":0,"pct":90}}
,"/home/runner/work/macpro-mako/macpro-mako/react-app/src/utils/Poller/DataPoller.ts": {"lines":{"total":20,"covered":20,"skipped":0,"pct":100},"functions":{"total":4,"covered":4,"skipped":0,"pct":100},"statements":{"total":20,"covered":20,"skipped":0,"pct":100},"branches":{"total":10,"covered":8,"skipped":0,"pct":80}}
,"/home/runner/work/macpro-mako/macpro-mako/react-app/src/utils/Poller/documentPoller.ts": {"lines":{"total":5,"covered":5,"skipped":0,"pct":100},"functions":{"total":3,"covered":3,"skipped":0,"pct":100},"statements":{"total":5,"covered":5,"skipped":0,"pct":100},"branches":{"total":0,"covered":0,"skipped":0,"pct":100}}
}
